{"/home/Ghost/Documents/Workspace/campusX/backend/campusX/src/Start.ts":{"path":"/home/Ghost/Documents/Workspace/campusX/backend/campusX/src/Start.ts","statementMap":{"0":{"start":{"line":2,"column":0},"end":{"line":2,"column":62}},"1":{"start":{"line":3,"column":16},"end":{"line":3,"column":32}},"2":{"start":{"line":4,"column":17},"end":{"line":4,"column":61}},"3":{"start":{"line":5,"column":17},"end":{"line":5,"column":43}},"4":{"start":{"line":6,"column":13},"end":{"line":6,"column":45}},"5":{"start":{"line":7,"column":0},"end":{"line":9,"column":3}},"6":{"start":{"line":8,"column":4},"end":{"line":8,"column":68}},"7":{"start":{"line":10,"column":0},"end":{"line":10,"column":35}}},"fnMap":{"0":{"name":"(anonymous_0)","decl":{"start":{"line":7,"column":30},"end":{"line":7,"column":31}},"loc":{"start":{"line":7,"column":36},"end":{"line":9,"column":1}},"line":7}},"branchMap":{"0":{"loc":{"start":{"line":6,"column":20},"end":{"line":6,"column":44}},"type":"binary-expr","locations":[{"start":{"line":6,"column":20},"end":{"line":6,"column":36}},{"start":{"line":6,"column":40},"end":{"line":6,"column":44}}],"line":6}},"s":{"0":1,"1":1,"2":1,"3":0,"4":0,"5":0,"6":0,"7":0},"f":{"0":0},"b":{"0":[0,0]},"inputSourceMap":{"version":3,"file":"/home/Ghost/Documents/Workspace/campusX/backend/campusX/src/Start.ts","sources":["/home/Ghost/Documents/Workspace/campusX/backend/campusX/src/Start.ts"],"names":[],"mappings":";;;AAAA,8DAA8B;AAC9B,4CAAyC;AAGzC,MAAM,IAAI,GAAG,MAAM,CAAC,OAAO,CAAC,GAAG,CAAC,IAAI,IAAI,IAAI,CAAC,CAAC;AAC9C,gBAAM,CAAC,MAAM,CAAC,IAAI,EAAE,GAAG,EAAE;IACrB,eAAM,CAAC,IAAI,CAAC,kCAAkC,GAAG,IAAI,CAAC,CAAC;AAC3D,CAAC,CAAC,CAAC;AAEH,kBAAe,gBAAM,CAAC","sourcesContent":["import server from './Server';\r\nimport { logger } from './shared/Logger';\r\n\r\n// Start the server\r\nconst port = Number(process.env.PORT || 3000);\r\nserver.listen(port, () => {\r\n    logger.info('Express server started on port: ' + port);\r\n});\r\n\r\nexport default server;\r\n"]},"_coverageSchema":"1a1c01bbd47fc00a2c39e90264f33305004495a9","hash":"9a62c9bc6a35d5a290bf67e6b541a9824071b0fa","contentHash":"f8741fca57b0f90636d8fcfdd377b390e6a1d13d241a2d7cf6cda6aede3615da"},"/home/Ghost/Documents/Workspace/campusX/backend/campusX/src/Server.ts":{"path":"/home/Ghost/Documents/Workspace/campusX/backend/campusX/src/Server.ts","statementMap":{"0":{"start":{"line":2,"column":0},"end":{"line":2,"column":62}},"1":{"start":{"line":3,"column":16},"end":{"line":3,"column":32}},"2":{"start":{"line":4,"column":24},"end":{"line":4,"column":73}},"3":{"start":{"line":5,"column":18},"end":{"line":5,"column":61}},"4":{"start":{"line":6,"column":17},"end":{"line":6,"column":59}},"5":{"start":{"line":7,"column":19},"end":{"line":7,"column":63}},"6":{"start":{"line":8,"column":15},"end":{"line":8,"column":64}},"7":{"start":{"line":9,"column":15},"end":{"line":9,"column":55}},"8":{"start":{"line":10,"column":12},"end":{"line":10,"column":33}},"9":{"start":{"line":11,"column":0},"end":{"line":14,"column":3}},"10":{"start":{"line":15,"column":11},"end":{"line":15,"column":40}},"11":{"start":{"line":16,"column":0},"end":{"line":16,"column":72}},"12":{"start":{"line":17,"column":0},"end":{"line":17,"column":67}},"13":{"start":{"line":18,"column":12},"end":{"line":18,"column":31}},"14":{"start":{"line":19,"column":0},"end":{"line":19,"column":26}},"15":{"start":{"line":20,"column":0},"end":{"line":24,"column":3}},"16":{"start":{"line":21,"column":4},"end":{"line":21,"column":51}},"17":{"start":{"line":22,"column":4},"end":{"line":22,"column":97}},"18":{"start":{"line":23,"column":4},"end":{"line":23,"column":11}},"19":{"start":{"line":25,"column":0},"end":{"line":25,"column":33}},"20":{"start":{"line":26,"column":0},"end":{"line":26,"column":34}},"21":{"start":{"line":27,"column":0},"end":{"line":29,"column":4}},"22":{"start":{"line":30,"column":0},"end":{"line":30,"column":35}},"23":{"start":{"line":31,"column":0},"end":{"line":31,"column":52}},"24":{"start":{"line":32,"column":0},"end":{"line":34,"column":3}},"25":{"start":{"line":33,"column":4},"end":{"line":33,"column":49}},"26":{"start":{"line":35,"column":0},"end":{"line":35,"column":22}}},"fnMap":{"0":{"name":"(anonymous_0)","decl":{"start":{"line":20,"column":8},"end":{"line":20,"column":9}},"loc":{"start":{"line":20,"column":28},"end":{"line":24,"column":1}},"line":20},"1":{"name":"(anonymous_1)","decl":{"start":{"line":32,"column":13},"end":{"line":32,"column":14}},"loc":{"start":{"line":32,"column":27},"end":{"line":34,"column":1}},"line":32}},"branchMap":{},"s":{"0":1,"1":1,"2":1,"3":1,"4":1,"5":1,"6":1,"7":1,"8":1,"9":1,"10":0,"11":0,"12":0,"13":0,"14":0,"15":0,"16":0,"17":0,"18":0,"19":0,"20":0,"21":0,"22":0,"23":0,"24":0,"25":0,"26":0},"f":{"0":0,"1":0},"b":{},"inputSourceMap":{"version":3,"file":"/home/Ghost/Documents/Workspace/campusX/backend/campusX/src/Server.ts","sources":["/home/Ghost/Documents/Workspace/campusX/backend/campusX/src/Server.ts"],"names":[],"mappings":";;;AAAA,0EAAyC;AACzC,8DAA8B;AAK9B,4DAA4B;AAE5B,gEAAgD;AAChD,iEAAuC;AAIvC,wDAAwB;AAWxB,MAAM,GAAG,GAAG,OAAO,CAAC,GAAG,CAAC,SAAmB,CAAC;AAE5C,kBAAQ,CAAC,OAAO,CAAC,GAAG,EAAE;IAClB,eAAe,EAAE,IAAI;IACrB,gBAAgB,EAAE,KAAK;CAC1B,CAAC,CAAC;AAGH,MAAM,EAAE,GAAG,kBAAQ,CAAC,UAAU,CAAC;AAG/B,EAAE,CAAC,EAAE,CAAC,OAAO,EAAE,OAAO,CAAC,KAAK,CAAC,IAAI,CAAC,OAAO,EAAE,0BAA0B,CAAC,CAAC,CAAC;AAExE,EAAE,CAAC,EAAE,CAAC,WAAW,EAAE,OAAO,CAAC,GAAG,CAAC,IAAI,CAAC,OAAO,EAAE,mBAAmB,CAAC,CAAC,CAAC;AAGnE,MAAM,GAAG,GAAG,iBAAO,EAAE,CAAC;AAEtB,GAAG,CAAC,GAAG,CAAC,cAAI,EAAE,CAAC,CAAC;AAChB,GAAG,CAAC,GAAG,CAAC,CAAC,GAAG,EAAE,GAAG,EAAE,IAAI,EAAE,EAAE;IACvB,GAAG,CAAC,MAAM,CAAC,6BAA6B,EAAE,GAAG,CAAC,CAAC;IAC/C,GAAG,CAAC,MAAM,CAAC,8BAA8B,EAAE,gDAAgD,CAAC,CAAC;IAC7F,IAAI,EAAE,CAAC;AACX,CAAC,CAAC,CAAC;AAGH,GAAG,CAAC,GAAG,CAAC,gBAAM,CAAC,KAAK,CAAC,CAAC,CAAC;AACvB,GAAG,CAAC,GAAG,CAAC,iBAAO,CAAC,IAAI,EAAE,CAAC,CAAC;AACxB,GAAG,CAAC,GAAG,CAAC,iBAAO,CAAC,UAAU,CAAC;IACvB,QAAQ,EAAE,IAAI;CACjB,CAAC,CAAC,CAAC;AACJ,GAAG,CAAC,GAAG,CAAC,uBAAY,EAAE,CAAC,CAAC;AACxB,GAAG,CAAC,GAAG,CAAC,cAAU,CAAC,IAAI,EAAE,cAAU,CAAC,MAAM,CAAC,CAAC;AAa5C,GAAG,CAAC,GAAG,CAAC,GAAG,EAAE,CAAC,GAAY,EAAE,GAAa,EAAE,EAAE;IACzC,GAAG,CAAC,IAAI,CAAC,kCAAkC,CAAC,CAAC;AACjD,CAAC,CAAC,CAAC;AAGH,kBAAe,GAAG,CAAC","sourcesContent":["import cookieParser from 'cookie-parser';\r\nimport express from 'express';\r\nimport {\r\n    Request,\r\n    Response,\r\n} from 'express';\r\nimport logger from 'morgan';\r\nimport path from 'path';\r\nimport mongoose, { Collection } from 'mongoose';\r\nimport BaseRouter from './routes/Base';\r\nimport session = require('express-session');\r\nimport connectMongo from 'connect-mongo';\r\nimport uuid from 'uuid';\r\nimport cors from 'cors';\r\nimport {\r\n    Server,\r\n    createServer,\r\n} from 'http';\r\nimport {\r\n    Campus,\r\n} from './controllers/campuses';\r\nimport { DBRef } from 'bson';\r\n\r\n// Setup MongoDB\r\nconst URI = process.env.MONGO_URI as string;\r\n\r\nmongoose.connect(URI, {\r\n    useNewUrlParser: true,\r\n    useFindAndModify: false,\r\n});\r\n\r\n// Connection Instance\r\nconst Db = mongoose.connection;\r\n\r\n// tslint:disable-next-line: no-console\r\nDb.on('error', console.error.bind(console, 'MongoDB connection error'));\r\n// tslint:disable-next-line: no-console\r\nDb.on('connected', console.log.bind(console, 'MongoDB connected'));\r\n\r\n// Init express\r\nconst app = express();\r\n\r\napp.use(cors());\r\napp.use((req, res, next) => {\r\n    res.header('Access-Control-Allow-Origin', '*');\r\n    res.header('Access-Control-Allow-Headers', 'Origin, X-Requested-With, Content-Type, Accept');\r\n    next();\r\n});\r\n\r\n// Add middleware/settings/routes to express.\r\napp.use(logger('dev'));\r\napp.use(express.json());\r\napp.use(express.urlencoded({\r\n    extended: true,\r\n}));\r\napp.use(cookieParser());\r\napp.use(BaseRouter.path, BaseRouter.router);\r\n\r\n/**\r\n * Point express to the 'views' directory. If you're using a\r\n * single-page-application framework like react or angular\r\n * which has its own development server, you might want to\r\n * configure this to only serve the index file while in\r\n * production mode.\r\n */\r\n// const viewsDir = path.join(__dirname, 'views');\r\n// app.set('views', viewsDir);\r\n// const staticDir = path.join(__dirname, 'public');\r\n// app.use(express.static(staticDir));\r\napp.get('*', (req: Request, res: Response) => {\r\n    res.send('Oops the resource does not exist');\r\n});\r\n\r\n// Export express instance\r\nexport default app;\r\n"]},"_coverageSchema":"1a1c01bbd47fc00a2c39e90264f33305004495a9","hash":"9304c83c363f45ce0e834d399de2bfe2f4be1384","contentHash":"465162ab012236b6767d7e6a8401019100788e7bb9de5d5df75d39318037893d"},"/home/Ghost/Documents/Workspace/campusX/backend/campusX/src/routes/Base.ts":{"path":"/home/Ghost/Documents/Workspace/campusX/backend/campusX/src/routes/Base.ts","statementMap":{"0":{"start":{"line":2,"column":0},"end":{"line":2,"column":62}},"1":{"start":{"line":3,"column":16},"end":{"line":3,"column":32}},"2":{"start":{"line":4,"column":18},"end":{"line":4,"column":36}},"3":{"start":{"line":5,"column":16},"end":{"line":5,"column":65}},"4":{"start":{"line":6,"column":15},"end":{"line":6,"column":63}},"5":{"start":{"line":7,"column":15},"end":{"line":7,"column":33}},"6":{"start":{"line":8,"column":13},"end":{"line":8,"column":22}},"7":{"start":{"line":9,"column":0},"end":{"line":9,"column":57}},"8":{"start":{"line":10,"column":0},"end":{"line":10,"column":55}},"9":{"start":{"line":11,"column":0},"end":{"line":11,"column":35}}},"fnMap":{},"branchMap":{},"s":{"0":1,"1":1,"2":1,"3":1,"4":1,"5":1,"6":1,"7":1,"8":1,"9":1},"f":{},"b":{},"inputSourceMap":{"version":3,"file":"/home/Ghost/Documents/Workspace/campusX/backend/campusX/src/routes/Base.ts","sources":["/home/Ghost/Documents/Workspace/campusX/backend/campusX/src/routes/Base.ts"],"names":[],"mappings":";;;AAAA,qCAAiC;AACjC,kEAAuC;AACvC,gEAAsC;AAEtC,MAAM,MAAM,GAAG,gBAAM,EAAE,CAAC;AACxB,MAAM,IAAI,GAAG,SAAS,CAAC;AAGvB,MAAM,CAAC,GAAG,CAAC,eAAU,CAAC,IAAI,EAAE,eAAU,CAAC,MAAM,CAAC,CAAC;AAC/C,MAAM,CAAC,GAAG,CAAC,cAAU,CAAC,IAAI,EAAE,cAAU,CAAC,MAAM,CAAC,CAAC;AAG/C,kBAAe,EAAE,MAAM,EAAE,IAAI,EAAE,CAAC","sourcesContent":["import { Router } from 'express';\r\nimport UserRouter from './users/Users';\r\nimport PostRouter from './posts/Post';\r\n// Init router and path\r\nconst router = Router();\r\nconst path = '/api/v1';\r\n\r\n// Add sub-routes\r\nrouter.use(UserRouter.path, UserRouter.router);\r\nrouter.use(PostRouter.path, PostRouter.router);\r\n\r\n// Export the base-router\r\nexport default { router, path };\r\n"]},"_coverageSchema":"1a1c01bbd47fc00a2c39e90264f33305004495a9","hash":"ef0f804330ddbda73bc6d6a64a46f15c654e6f49","contentHash":"8735a600a862f6db8aad0bd52c06e61bfa5bf030973fd0c5112ba1578b70755e"},"/home/Ghost/Documents/Workspace/campusX/backend/campusX/src/routes/users/Users.ts":{"path":"/home/Ghost/Documents/Workspace/campusX/backend/campusX/src/routes/users/Users.ts","statementMap":{"0":{"start":{"line":2,"column":0},"end":{"line":2,"column":62}},"1":{"start":{"line":3,"column":16},"end":{"line":3,"column":32}},"2":{"start":{"line":4,"column":17},"end":{"line":4,"column":47}},"3":{"start":{"line":5,"column":18},"end":{"line":5,"column":36}},"4":{"start":{"line":6,"column":28},"end":{"line":6,"column":56}},"5":{"start":{"line":7,"column":21},"end":{"line":7,"column":80}},"6":{"start":{"line":8,"column":17},"end":{"line":8,"column":59}},"7":{"start":{"line":9,"column":23},"end":{"line":9,"column":71}},"8":{"start":{"line":10,"column":21},"end":{"line":10,"column":80}},"9":{"start":{"line":11,"column":25},"end":{"line":11,"column":88}},"10":{"start":{"line":12,"column":26},"end":{"line":12,"column":90}},"11":{"start":{"line":13,"column":19},"end":{"line":13,"column":56}},"12":{"start":{"line":14,"column":18},"end":{"line":14,"column":61}},"13":{"start":{"line":15,"column":17},"end":{"line":15,"column":59}},"14":{"start":{"line":16,"column":15},"end":{"line":16,"column":72}},"15":{"start":{"line":17,"column":15},"end":{"line":17,"column":33}},"16":{"start":{"line":18,"column":13},"end":{"line":18,"column":21}},"17":{"start":{"line":19,"column":13},"end":{"line":19,"column":41}},"18":{"start":{"line":20,"column":16},"end":{"line":20,"column":48}},"19":{"start":{"line":21,"column":15},"end":{"line":21,"column":44}},"20":{"start":{"line":22,"column":0},"end":{"line":22,"column":35}},"21":{"start":{"line":23,"column":0},"end":{"line":67,"column":4}},"22":{"start":{"line":23,"column":50},"end":{"line":67,"column":2}},"23":{"start":{"line":24,"column":4},"end":{"line":66,"column":5}},"24":{"start":{"line":25,"column":26},"end":{"line":25,"column":92}},"25":{"start":{"line":26,"column":8},"end":{"line":61,"column":9}},"26":{"start":{"line":27,"column":12},"end":{"line":29,"column":15}},"27":{"start":{"line":32,"column":12},"end":{"line":60,"column":13}},"28":{"start":{"line":33,"column":29},"end":{"line":40,"column":18}},"29":{"start":{"line":41,"column":16},"end":{"line":41,"column":39}},"30":{"start":{"line":42,"column":31},"end":{"line":42,"column":65}},"31":{"start":{"line":43,"column":16},"end":{"line":54,"column":20}},"32":{"start":{"line":43,"column":80},"end":{"line":54,"column":18}},"33":{"start":{"line":44,"column":20},"end":{"line":44,"column":43}},"34":{"start":{"line":45,"column":20},"end":{"line":45,"column":38}},"35":{"start":{"line":46,"column":36},"end":{"line":46,"column":44}},"36":{"start":{"line":47,"column":35},"end":{"line":47,"column":57}},"37":{"start":{"line":48,"column":34},"end":{"line":48,"column":78}},"38":{"start":{"line":49,"column":20},"end":{"line":53,"column":23}},"39":{"start":{"line":57,"column":16},"end":{"line":59,"column":19}},"40":{"start":{"line":64,"column":8},"end":{"line":64,"column":52}},"41":{"start":{"line":65,"column":8},"end":{"line":65,"column":112}},"42":{"start":{"line":68,"column":0},"end":{"line":68,"column":29}},"43":{"start":{"line":69,"column":0},"end":{"line":69,"column":58}},"44":{"start":{"line":70,"column":0},"end":{"line":106,"column":4}},"45":{"start":{"line":70,"column":45},"end":{"line":106,"column":2}},"46":{"start":{"line":71,"column":4},"end":{"line":105,"column":5}},"47":{"start":{"line":72,"column":21},"end":{"line":72,"column":82}},"48":{"start":{"line":73,"column":8},"end":{"line":98,"column":9}},"49":{"start":{"line":74,"column":33},"end":{"line":74,"column":46}},"50":{"start":{"line":75,"column":36},"end":{"line":75,"column":53}},"51":{"start":{"line":76,"column":12},"end":{"line":92,"column":15}},"52":{"start":{"line":77,"column":16},"end":{"line":91,"column":17}},"53":{"start":{"line":78,"column":36},"end":{"line":78,"column":44}},"54":{"start":{"line":79,"column":35},"end":{"line":79,"column":57}},"55":{"start":{"line":80,"column":34},"end":{"line":80,"column":78}},"56":{"start":{"line":81,"column":20},"end":{"line":85,"column":23}},"57":{"start":{"line":88,"column":20},"end":{"line":90,"column":23}},"58":{"start":{"line":95,"column":12},"end":{"line":97,"column":15}},"59":{"start":{"line":101,"column":8},"end":{"line":101,"column":52}},"60":{"start":{"line":102,"column":8},"end":{"line":104,"column":11}},"61":{"start":{"line":107,"column":0},"end":{"line":107,"column":31}},"62":{"start":{"line":108,"column":0},"end":{"line":108,"column":58}},"63":{"start":{"line":109,"column":0},"end":{"line":131,"column":4}},"64":{"start":{"line":109,"column":52},"end":{"line":131,"column":2}},"65":{"start":{"line":110,"column":4},"end":{"line":130,"column":5}},"66":{"start":{"line":111,"column":23},"end":{"line":114,"column":10}},"67":{"start":{"line":115,"column":26},"end":{"line":118,"column":10}},"68":{"start":{"line":119,"column":23},"end":{"line":119,"column":131}},"69":{"start":{"line":120,"column":8},"end":{"line":120,"column":120}},"70":{"start":{"line":121,"column":8},"end":{"line":121,"column":31}},"71":{"start":{"line":122,"column":8},"end":{"line":122,"column":28}},"72":{"start":{"line":123,"column":8},"end":{"line":125,"column":11}},"73":{"start":{"line":128,"column":8},"end":{"line":128,"column":52}},"74":{"start":{"line":129,"column":8},"end":{"line":129,"column":106}},"75":{"start":{"line":132,"column":0},"end":{"line":132,"column":50}},"76":{"start":{"line":133,"column":0},"end":{"line":133,"column":72}},"77":{"start":{"line":134,"column":0},"end":{"line":176,"column":4}},"78":{"start":{"line":134,"column":52},"end":{"line":176,"column":2}},"79":{"start":{"line":135,"column":4},"end":{"line":175,"column":5}},"80":{"start":{"line":136,"column":8},"end":{"line":168,"column":9}},"81":{"start":{"line":138,"column":34},"end":{"line":140,"column":27}},"82":{"start":{"line":141,"column":16},"end":{"line":143,"column":19}},"83":{"start":{"line":144,"column":16},"end":{"line":144,"column":22}},"84":{"start":{"line":146,"column":35},"end":{"line":148,"column":27}},"85":{"start":{"line":149,"column":16},"end":{"line":151,"column":19}},"86":{"start":{"line":152,"column":16},"end":{"line":152,"column":22}},"87":{"start":{"line":154,"column":39},"end":{"line":155,"column":85}},"88":{"start":{"line":156,"column":16},"end":{"line":160,"column":19}},"89":{"start":{"line":161,"column":16},"end":{"line":161,"column":22}},"90":{"start":{"line":163,"column":29},"end":{"line":163,"column":106}},"91":{"start":{"line":164,"column":16},"end":{"line":166,"column":19}},"92":{"start":{"line":167,"column":16},"end":{"line":167,"column":22}},"93":{"start":{"line":171,"column":8},"end":{"line":171,"column":52}},"94":{"start":{"line":172,"column":8},"end":{"line":174,"column":11}},"95":{"start":{"line":177,"column":0},"end":{"line":177,"column":35}},"96":{"start":{"line":178,"column":0},"end":{"line":178,"column":45}},"97":{"start":{"line":179,"column":0},"end":{"line":195,"column":4}},"98":{"start":{"line":179,"column":50},"end":{"line":195,"column":2}},"99":{"start":{"line":180,"column":4},"end":{"line":194,"column":5}},"100":{"start":{"line":181,"column":22},"end":{"line":181,"column":36}},"101":{"start":{"line":182,"column":19},"end":{"line":182,"column":30}},"102":{"start":{"line":183,"column":23},"end":{"line":183,"column":38}},"103":{"start":{"line":184,"column":8},"end":{"line":188,"column":11}},"104":{"start":{"line":185,"column":12},"end":{"line":187,"column":15}},"105":{"start":{"line":191,"column":8},"end":{"line":193,"column":11}},"106":{"start":{"line":196,"column":0},"end":{"line":196,"column":41}},"107":{"start":{"line":197,"column":0},"end":{"line":209,"column":4}},"108":{"start":{"line":197,"column":50},"end":{"line":209,"column":2}},"109":{"start":{"line":198,"column":4},"end":{"line":208,"column":5}},"110":{"start":{"line":199,"column":25},"end":{"line":199,"column":63}},"111":{"start":{"line":200,"column":8},"end":{"line":202,"column":11}},"112":{"start":{"line":205,"column":8},"end":{"line":207,"column":11}},"113":{"start":{"line":210,"column":0},"end":{"line":210,"column":33}},"114":{"start":{"line":211,"column":0},"end":{"line":211,"column":44}},"115":{"start":{"line":212,"column":0},"end":{"line":242,"column":4}},"116":{"start":{"line":212,"column":82},"end":{"line":242,"column":2}},"117":{"start":{"line":213,"column":4},"end":{"line":241,"column":5}},"118":{"start":{"line":214,"column":21},"end":{"line":214,"column":29}},"119":{"start":{"line":215,"column":26},"end":{"line":215,"column":74}},"120":{"start":{"line":216,"column":25},"end":{"line":220,"column":10}},"121":{"start":{"line":221,"column":23},"end":{"line":227,"column":9}},"122":{"start":{"line":228,"column":8},"end":{"line":237,"column":11}},"123":{"start":{"line":229,"column":12},"end":{"line":236,"column":13}},"124":{"start":{"line":230,"column":16},"end":{"line":230,"column":73}},"125":{"start":{"line":231,"column":16},"end":{"line":231,"column":43}},"126":{"start":{"line":234,"column":16},"end":{"line":234,"column":121}},"127":{"start":{"line":235,"column":16},"end":{"line":235,"column":66}},"128":{"start":{"line":240,"column":8},"end":{"line":240,"column":52}},"129":{"start":{"line":243,"column":0},"end":{"line":243,"column":43}},"130":{"start":{"line":244,"column":0},"end":{"line":260,"column":4}},"131":{"start":{"line":244,"column":51},"end":{"line":260,"column":2}},"132":{"start":{"line":245,"column":4},"end":{"line":259,"column":5}},"133":{"start":{"line":246,"column":24},"end":{"line":246,"column":115}},"134":{"start":{"line":247,"column":8},"end":{"line":252,"column":9}},"135":{"start":{"line":248,"column":12},"end":{"line":248,"column":55}},"136":{"start":{"line":251,"column":12},"end":{"line":251,"column":55}},"137":{"start":{"line":255,"column":8},"end":{"line":255,"column":33}},"138":{"start":{"line":256,"column":8},"end":{"line":258,"column":11}},"139":{"start":{"line":261,"column":0},"end":{"line":261,"column":42}},"140":{"start":{"line":262,"column":0},"end":{"line":271,"column":4}},"141":{"start":{"line":262,"column":60},"end":{"line":271,"column":2}},"142":{"start":{"line":263,"column":4},"end":{"line":270,"column":5}},"143":{"start":{"line":264,"column":8},"end":{"line":264,"column":113}},"144":{"start":{"line":265,"column":8},"end":{"line":265,"column":57}},"145":{"start":{"line":268,"column":8},"end":{"line":268,"column":33}},"146":{"start":{"line":269,"column":8},"end":{"line":269,"column":71}},"147":{"start":{"line":272,"column":0},"end":{"line":272,"column":35}}},"fnMap":{"0":{"name":"(anonymous_0)","decl":{"start":{"line":23,"column":36},"end":{"line":23,"column":37}},"loc":{"start":{"line":23,"column":50},"end":{"line":67,"column":2}},"line":23},"1":{"name":"(anonymous_1)","decl":{"start":{"line":23,"column":92},"end":{"line":23,"column":93}},"loc":{"start":{"line":23,"column":105},"end":{"line":67,"column":1}},"line":23},"2":{"name":"(anonymous_2)","decl":{"start":{"line":43,"column":61},"end":{"line":43,"column":62}},"loc":{"start":{"line":43,"column":80},"end":{"line":54,"column":18}},"line":43},"3":{"name":"(anonymous_3)","decl":{"start":{"line":43,"column":122},"end":{"line":43,"column":123}},"loc":{"start":{"line":43,"column":135},"end":{"line":54,"column":17}},"line":43},"4":{"name":"(anonymous_4)","decl":{"start":{"line":70,"column":31},"end":{"line":70,"column":32}},"loc":{"start":{"line":70,"column":45},"end":{"line":106,"column":2}},"line":70},"5":{"name":"(anonymous_5)","decl":{"start":{"line":70,"column":87},"end":{"line":70,"column":88}},"loc":{"start":{"line":70,"column":100},"end":{"line":106,"column":1}},"line":70},"6":{"name":"(anonymous_6)","decl":{"start":{"line":76,"column":68},"end":{"line":76,"column":69}},"loc":{"start":{"line":76,"column":87},"end":{"line":92,"column":13}},"line":76},"7":{"name":"(anonymous_7)","decl":{"start":{"line":109,"column":38},"end":{"line":109,"column":39}},"loc":{"start":{"line":109,"column":52},"end":{"line":131,"column":2}},"line":109},"8":{"name":"(anonymous_8)","decl":{"start":{"line":109,"column":94},"end":{"line":109,"column":95}},"loc":{"start":{"line":109,"column":107},"end":{"line":131,"column":1}},"line":109},"9":{"name":"(anonymous_9)","decl":{"start":{"line":134,"column":38},"end":{"line":134,"column":39}},"loc":{"start":{"line":134,"column":52},"end":{"line":176,"column":2}},"line":134},"10":{"name":"(anonymous_10)","decl":{"start":{"line":134,"column":94},"end":{"line":134,"column":95}},"loc":{"start":{"line":134,"column":107},"end":{"line":176,"column":1}},"line":134},"11":{"name":"(anonymous_11)","decl":{"start":{"line":179,"column":36},"end":{"line":179,"column":37}},"loc":{"start":{"line":179,"column":50},"end":{"line":195,"column":2}},"line":179},"12":{"name":"(anonymous_12)","decl":{"start":{"line":179,"column":92},"end":{"line":179,"column":93}},"loc":{"start":{"line":179,"column":105},"end":{"line":195,"column":1}},"line":179},"13":{"name":"(anonymous_13)","decl":{"start":{"line":184,"column":80},"end":{"line":184,"column":81}},"loc":{"start":{"line":184,"column":89},"end":{"line":188,"column":9}},"line":184},"14":{"name":"(anonymous_14)","decl":{"start":{"line":197,"column":36},"end":{"line":197,"column":37}},"loc":{"start":{"line":197,"column":50},"end":{"line":209,"column":2}},"line":197},"15":{"name":"(anonymous_15)","decl":{"start":{"line":197,"column":92},"end":{"line":197,"column":93}},"loc":{"start":{"line":197,"column":105},"end":{"line":209,"column":1}},"line":197},"16":{"name":"(anonymous_16)","decl":{"start":{"line":212,"column":68},"end":{"line":212,"column":69}},"loc":{"start":{"line":212,"column":82},"end":{"line":242,"column":2}},"line":212},"17":{"name":"(anonymous_17)","decl":{"start":{"line":212,"column":124},"end":{"line":212,"column":125}},"loc":{"start":{"line":212,"column":137},"end":{"line":242,"column":1}},"line":212},"18":{"name":"(anonymous_18)","decl":{"start":{"line":228,"column":32},"end":{"line":228,"column":33}},"loc":{"start":{"line":228,"column":47},"end":{"line":237,"column":9}},"line":228},"19":{"name":"(anonymous_19)","decl":{"start":{"line":244,"column":37},"end":{"line":244,"column":38}},"loc":{"start":{"line":244,"column":51},"end":{"line":260,"column":2}},"line":244},"20":{"name":"(anonymous_20)","decl":{"start":{"line":244,"column":93},"end":{"line":244,"column":94}},"loc":{"start":{"line":244,"column":106},"end":{"line":260,"column":1}},"line":244},"21":{"name":"(anonymous_21)","decl":{"start":{"line":262,"column":46},"end":{"line":262,"column":47}},"loc":{"start":{"line":262,"column":60},"end":{"line":271,"column":2}},"line":262},"22":{"name":"(anonymous_22)","decl":{"start":{"line":262,"column":102},"end":{"line":262,"column":103}},"loc":{"start":{"line":262,"column":115},"end":{"line":271,"column":1}},"line":262}},"branchMap":{"0":{"loc":{"start":{"line":26,"column":8},"end":{"line":61,"column":9}},"type":"if","locations":[{"start":{"line":26,"column":8},"end":{"line":61,"column":9}},{"start":{"line":26,"column":8},"end":{"line":61,"column":9}}],"line":26},"1":{"loc":{"start":{"line":32,"column":12},"end":{"line":60,"column":13}},"type":"if","locations":[{"start":{"line":32,"column":12},"end":{"line":60,"column":13}},{"start":{"line":32,"column":12},"end":{"line":60,"column":13}}],"line":32},"2":{"loc":{"start":{"line":73,"column":8},"end":{"line":98,"column":9}},"type":"if","locations":[{"start":{"line":73,"column":8},"end":{"line":98,"column":9}},{"start":{"line":73,"column":8},"end":{"line":98,"column":9}}],"line":73},"3":{"loc":{"start":{"line":77,"column":16},"end":{"line":91,"column":17}},"type":"if","locations":[{"start":{"line":77,"column":16},"end":{"line":91,"column":17}},{"start":{"line":77,"column":16},"end":{"line":91,"column":17}}],"line":77},"4":{"loc":{"start":{"line":136,"column":8},"end":{"line":168,"column":9}},"type":"switch","locations":[{"start":{"line":137,"column":12},"end":{"line":144,"column":22}},{"start":{"line":145,"column":12},"end":{"line":152,"column":22}},{"start":{"line":153,"column":12},"end":{"line":161,"column":22}},{"start":{"line":162,"column":12},"end":{"line":167,"column":22}}],"line":136},"5":{"loc":{"start":{"line":229,"column":12},"end":{"line":236,"column":13}},"type":"if","locations":[{"start":{"line":229,"column":12},"end":{"line":236,"column":13}},{"start":{"line":229,"column":12},"end":{"line":236,"column":13}}],"line":229},"6":{"loc":{"start":{"line":247,"column":8},"end":{"line":252,"column":9}},"type":"if","locations":[{"start":{"line":247,"column":8},"end":{"line":252,"column":9}},{"start":{"line":247,"column":8},"end":{"line":252,"column":9}}],"line":247}},"s":{"0":1,"1":1,"2":1,"3":1,"4":1,"5":1,"6":1,"7":1,"8":1,"9":1,"10":1,"11":1,"12":1,"13":1,"14":1,"15":1,"16":1,"17":1,"18":1,"19":1,"20":1,"21":1,"22":0,"23":0,"24":0,"25":0,"26":0,"27":0,"28":0,"29":0,"30":0,"31":0,"32":0,"33":0,"34":0,"35":0,"36":0,"37":0,"38":0,"39":0,"40":0,"41":0,"42":1,"43":1,"44":1,"45":0,"46":0,"47":0,"48":0,"49":0,"50":0,"51":0,"52":0,"53":0,"54":0,"55":0,"56":0,"57":0,"58":0,"59":0,"60":0,"61":1,"62":1,"63":1,"64":0,"65":0,"66":0,"67":0,"68":0,"69":0,"70":0,"71":0,"72":0,"73":0,"74":0,"75":1,"76":1,"77":1,"78":0,"79":0,"80":0,"81":0,"82":0,"83":0,"84":0,"85":0,"86":0,"87":0,"88":0,"89":0,"90":0,"91":0,"92":0,"93":0,"94":0,"95":1,"96":1,"97":1,"98":0,"99":0,"100":0,"101":0,"102":0,"103":0,"104":0,"105":0,"106":1,"107":1,"108":0,"109":0,"110":0,"111":0,"112":0,"113":1,"114":1,"115":1,"116":0,"117":0,"118":0,"119":0,"120":0,"121":0,"122":0,"123":0,"124":0,"125":0,"126":0,"127":0,"128":0,"129":1,"130":1,"131":0,"132":0,"133":0,"134":0,"135":0,"136":0,"137":0,"138":0,"139":1,"140":1,"141":0,"142":0,"143":0,"144":0,"145":0,"146":0,"147":1},"f":{"0":0,"1":0,"2":0,"3":0,"4":0,"5":0,"6":0,"7":0,"8":0,"9":0,"10":0,"11":0,"12":0,"13":0,"14":0,"15":0,"16":0,"17":0,"18":0,"19":0,"20":0,"21":0,"22":0},"b":{"0":[0,0],"1":[0,0],"2":[0,0],"3":[0,0],"4":[0,0,0,0],"5":[0,0],"6":[0,0]},"inputSourceMap":{"version":3,"file":"/home/Ghost/Documents/Workspace/campusX/backend/campusX/src/routes/users/Users.ts","sources":["/home/Ghost/Documents/Workspace/campusX/backend/campusX/src/routes/users/Users.ts"],"names":[],"mappings":";;;AAAA,gDAA6C;AAC7C,qCAAoD;AACpD,yDAAoF;AACpF,iFAA2C;AAE3C,4DAA4B;AAC5B,wEAA+B;AAC/B,iFAAgD;AAChD,yFAAuD;AACvD,2FAA0D;AAC1D,yDAAyD;AACzD,8DAA0B;AAC1B,4DAA4B;AAE5B,yEAA+C;AAE/C,MAAM,MAAM,GAAG,gBAAM,EAAE,CAAC;AACxB,MAAM,IAAI,GAAG,QAAQ,CAAC;AACtB,MAAM,IAAI,GAAG,cAAU,CAAC,aAAa,CAAC;AAuBtC,MAAM,OAAO,GAAG,gBAAM,CAAC,aAAa,EAAE,CAAC;AACvC,MAAM,MAAM,GAAG,gBAAM,CAAC,EAAE,OAAO,EAAE,CAAC,CAAC;AAMtB,QAAA,cAAc,GAAG,SAAS,CAAC;AAMxC,MAAM,CAAC,IAAI,CAAC,sBAAc,EAAE,CAAO,GAAY,EAAE,GAAa,EAAE,EAAE;IAC9D,IAAI;QACA,MAAM,SAAS,GAAG,MAAM,oBAAI,CAAC,OAAO,CAAC,EAAE,KAAK,EAAE,GAAG,CAAC,IAAI,CAAC,IAAI,CAAC,KAAK,EAAE,CAAC,CAAC;QACrE,IAAI,SAAS,EAAE;YACX,GAAG,CAAC,MAAM,CAAC,sBAAE,CAAC,CAAC,IAAI,CAAC;gBAChB,MAAM,EAAE,UAAU,GAAG,CAAC,IAAI,CAAC,IAAI,CAAC,IAAI,8CAA8C;aACrF,CAAC,CAAC;SACN;aAAM;YACH,IAAI,GAAG,CAAC,IAAI,KAAK,EAAE,EAAE;gBACjB,MAAM,IAAI,GAAU,IAAI,oBAAI,CAAC;oBACzB,IAAI,EAAE,GAAG,CAAC,IAAI,CAAC,IAAI;oBACnB,MAAM,EAAE,EAAE;oBACV,OAAO,EAAE,GAAG,GAAG,CAAC,IAAI,CAAC,OAAO,EAAE;oBAC9B,KAAK,EAAE,GAAG,CAAC,IAAI,CAAC,KAAK;oBACrB,QAAQ,EAAE,GAAG,CAAC,IAAI,CAAC,QAAQ;oBAC3B,YAAY,EAAE,GAAG,CAAC,IAAI,CAAC,MAAM;iBAChC,CAAC,CAAC;gBACH,IAAI,CAAC,MAAM,GAAG,IAAI,CAAC,GAAG,CAAC;gBAEvB,MAAM,MAAM,GAAG,MAAM,gBAAM,CAAC,OAAO,CAAC,EAAE,CAAC,CAAC;gBACxC,gBAAM,CAAC,IAAI,CAAC,IAAI,CAAC,QAAQ,EAAE,MAAM,EAAE,CAAO,KAAK,EAAE,MAAM,EAAE,EAAE;oBACvD,IAAI,CAAC,QAAQ,GAAG,MAAM,CAAC;oBACvB,MAAM,IAAI,CAAC,IAAI,EAAE,CAAC;oBAGlB,MAAM,OAAO,GAAG,IAAI,CAAC,GAAG,CAAC;oBACzB,MAAM,MAAM,GAAG,OAAO,CAAC,GAAG,CAAC,UAAoB,CAAC;oBAChD,MAAM,KAAK,GAAG,sBAAG,CAAC,IAAI,CAAC,OAAO,EAAE,MAAM,CAAC,CAAC;oBAExC,OAAO,GAAG,CAAC,MAAM,CAAC,2BAAO,CAAC,CAAC,IAAI,CAAC;wBAC5B,MAAM,EAAE,IAAI,CAAC,GAAG;wBAChB,KAAK;wBAEL,OAAO,EAAE,0CAA0C,GAAG,CAAC,IAAI,CAAC,IAAI,CAAC,IAAI,CAAC,KAAK,CAAC,GAAG,CAAC,CAAC,KAAK,CAAC,CAAC,EAAE,CAAC,CAAC,CAAC,CAAC,IAAI,CAAC,GAAG,CAAC,EAAE;qBAE5G,CAAC,CAAC;gBACP,CAAC,CAAA,CAAC,CAAC;aAEN;iBAAM;gBACH,GAAG,CAAC,MAAM,CAAC,+BAAW,CAAC,CAAC,IAAI,CAAC;oBACzB,KAAK,EAAE,eAAe;iBACzB,CAAC,CAAC;aACN;SACJ;KAEJ;IAAC,OAAO,KAAK,EAAE;QACZ,eAAM,CAAC,KAAK,CAAC,KAAK,EAAE,KAAK,CAAC,OAAO,CAAC,CAAC;QACnC,OAAO,GAAG,CAAC,MAAM,CAAC,yCAAqB,CAAC,CAAC,IAAI,CAAC,EAAE,KAAK,EAAE,yBAAyB,EAAE,CAAC,CAAC;KACvF;AACL,CAAC,CAAA,CAAC,CAAC;AAMU,QAAA,SAAS,GAAG,QAAQ,CAAC;AAErB,QAAA,YAAY,GAAG,kCAAkC,CAAC;AAE/D,MAAM,CAAC,IAAI,CAAC,iBAAS,EAAE,CAAO,GAAY,EAAE,GAAa,EAAE,EAAE;IACzD,IAAI;QACA,MAAM,IAAI,GAAG,MAAM,oBAAS,CAAC,OAAO,CAAC,EAAE,KAAK,EAAE,GAAG,CAAC,IAAI,CAAC,KAAK,EAAE,CAAC,CAAC;QAChE,IAAI,IAAI,KAAK,IAAI,EAAE;YACf,MAAM,YAAY,GAAG,IAAI,CAAC,QAAQ,CAAC;YACnC,MAAM,eAAe,GAAG,GAAG,CAAC,IAAI,CAAC,QAAQ,CAAC;YAC1C,gBAAM,CAAC,OAAO,CAAC,eAAe,EAAE,YAAY,EAAE,CAAC,KAAK,EAAE,MAAM,EAAE,EAAE;gBAC5D,IAAI,MAAM,EAAE;oBAOR,MAAM,OAAO,GAAG,IAAI,CAAC,GAAG,CAAC;oBACzB,MAAM,MAAM,GAAG,OAAO,CAAC,GAAG,CAAC,UAAoB,CAAC;oBAChD,MAAM,KAAK,GAAG,sBAAG,CAAC,IAAI,CAAC,OAAO,EAAE,MAAM,CAAC,CAAC;oBACxC,OAAO,GAAG,CAAC,MAAM,CAAC,sBAAE,CAAC,CAAC,IAAI,CAAC;wBACvB,KAAK;wBACL,MAAM,EAAE,IAAI,CAAC,GAAG;wBAChB,OAAO,EAAE,gBAAgB,IAAI,CAAC,IAAI,CAAC,KAAK,CAAC,GAAG,CAAC,CAAC,KAAK,CAAC,CAAC,EAAE,CAAC,CAAC,CAAC,CAAC,IAAI,CAAC,GAAG,CAAC,EAAE;qBACzE,CAAC,CAAC;iBACN;qBAAM;oBACH,OAAO,GAAG,CAAC,MAAM,CAAC,+BAAW,CAAC,CAAC,IAAI,CAAC;wBAChC,KAAK,EAAE,+CAA+C;qBACzD,CAAC,CAAC;iBACN;YACL,CAAC,CAAC,CAAC;SACN;aAAM;YACH,OAAO,GAAG,CAAC,MAAM,CAAC,+BAAW,CAAC,CAAC,IAAI,CAAC;gBAChC,KAAK,EAAE,+CAA+C;aACzD,CAAC,CAAC;SACN;KACJ;IAAC,OAAO,KAAK,EAAE;QAEZ,eAAM,CAAC,KAAK,CAAC,KAAK,EAAE,KAAK,CAAC,OAAO,CAAC,CAAC;QACnC,GAAG,CAAC,MAAM,CAAC,yCAAqB,CAAC,CAAC,IAAI,CAAC;YACnC,KAAK,EAAE,oBAAY;SACtB,CAAC,CAAC;KACN;AAEL,CAAC,CAAA,CAAC,CAAC;AAKU,QAAA,UAAU,GAAG,SAAS,CAAC;AACvB,QAAA,kBAAkB,GAAG,4BAA4B,CAAC;AAE/D,MAAM,CAAC,IAAI,CAAC,kBAAU,EAAE,IAAI,EAAE,CAAO,GAAY,EAAE,GAAa,EAAE,EAAE;IAChE,IAAI;QACA,MAAM,MAAM,GAAG,MAAM,IAAI,wBAAY,CAAC;YAClC,MAAM,EAAE,GAAG,CAAC,IAAI,CAAC,QAAQ;YACzB,QAAQ,EAAE,GAAG,CAAC,KAAK,CAAC,MAAM;SAC7B,CAAC,CAAC;QACH,MAAM,SAAS,GAAG,MAAM,IAAI,yBAAc,CAAC;YACvC,QAAQ,EAAE,GAAG,CAAC,KAAK,CAAC,MAAM;YAC1B,MAAM,EAAE,GAAG,CAAC,IAAI,CAAC,QAAQ;SAC5B,CAAC,CAAC;QAEH,MAAM,MAAM,GAAG,MAAM,oBAAI,CAAC,iBAAiB,CAAC,GAAG,CAAC,IAAI,CAAC,QAAQ,EAAE,EAAE,KAAK,EAAE,EAAE,SAAS,EAAE,MAAM,CAAC,GAAG,EAAE,EAAE,CAAC,CAAC,IAAI,EAAE,CAAC;QAC5G,MAAM,oBAAI,CAAC,iBAAiB,CAAC,GAAG,CAAC,KAAK,CAAC,MAAM,EAAE,EAAE,KAAK,EAAE,EAAE,UAAU,EAAE,SAAS,CAAC,GAAG,EAAE,EAAE,CAAC,CAAC,IAAI,EAAE,CAAC;QAMhG,MAAM,SAAS,CAAC,IAAI,EAAE,CAAC;QACvB,MAAM,MAAM,CAAC,IAAI,EAAE,CAAC;QACpB,OAAO,GAAG,CAAC,MAAM,CAAC,sBAAE,CAAC,CAAC,IAAI,CAAC;YACvB,MAAM,EAAE,sBAAsB;SACjC,CAAC,CAAC;KAEN;IAAC,OAAO,KAAK,EAAE;QACZ,eAAM,CAAC,KAAK,CAAC,KAAK,EAAE,KAAK,CAAC,OAAO,CAAC,CAAC;QACnC,GAAG,CAAC,MAAM,CAAC,yCAAqB,CAAC,CAAC,IAAI,CAAC,EAAE,KAAK,EAAE,0BAAkB,EAAE,CAAC,CAAC;KACzE;AACL,CAAC,CAAA,CAAC,CAAC;AAMU,QAAA,WAAW,GAAG,2BAA2B,CAAC;AAC1C,QAAA,qBAAqB,GAAG,uCAAuC,CAAC;AAC7E,MAAM,CAAC,GAAG,CAAC,mBAAW,EAAE,IAAI,EAAE,CAAO,GAAY,EAAE,GAAa,EAAE,EAAE;IAChE,IAAI;QACA,QAAQ,GAAG,CAAC,MAAM,CAAC,SAAS,EAAE;YAC1B,KAAK,WAAW;gBACZ,MAAM,SAAS,GAAG,MAAM,oBAAS,CAAC,QAAQ,CAAC,GAAG,CAAC,KAAK,CAAC,MAAM,EAAE,EAAE,SAAS,EAAE,CAAC,EAAE,CAAC;qBAEzE,QAAQ,CAAC,EAAE,IAAI,EAAE,WAAW,EAAE,QAAQ,EAAE,EAAE,IAAI,EAAE,QAAQ,EAAE,MAAM,EAAE,EAAE,IAAI,EAAE,CAAC,EAAE,WAAW,EAAE,CAAC,EAAE,OAAO,EAAE,CAAC,EAAE,EAAE,EAAE,CAAC;qBAC9G,IAAI,EAAE,CAAC;gBACZ,GAAG,CAAC,MAAM,CAAC,sBAAE,CAAC,CAAC,IAAI,CAAC;oBAChB,SAAS;iBACZ,CAAC,CAAC;gBACH,MAAM;YAEV,KAAK,YAAY;gBACb,MAAM,UAAU,GAAG,MAAM,oBAAS,CAAC,QAAQ,CAAC,GAAG,CAAC,KAAK,CAAC,MAAM,EAAE,EAAE,WAAW,EAAE,CAAC,EAAE,CAAC;qBAE5E,QAAQ,CAAC,EAAE,IAAI,EAAE,YAAY,EAAE,QAAQ,EAAE,EAAE,IAAI,EAAE,QAAQ,EAAE,MAAM,EAAE,EAAE,IAAI,EAAE,CAAC,EAAE,WAAW,EAAE,CAAC,EAAE,OAAO,EAAE,CAAC,EAAE,EAAE,EAAE,CAAC;qBAC/G,IAAI,EAAE,CAAC;gBACZ,GAAG,CAAC,MAAM,CAAC,sBAAE,CAAC,CAAC,IAAI,CAAC;oBAChB,UAAU;iBACb,CAAC,CAAC;gBACH,MAAM;YAEV,KAAK,MAAM;gBACP,MAAM,cAAc,GAAG,MAAM,oBAAS,CAAC,QAAQ,CAAC,GAAG,CAAC,MAAM,CAAC,IAAI,EAAE,EAAE,QAAQ,EAAE,CAAC,EAAE,CAAC;qBAC5E,QAAQ,CAAC,CAAC,EAAE,IAAI,EAAE,YAAY,EAAE,EAAE,EAAE,IAAI,EAAE,WAAW,EAAE,CAAC,CAAC,CAAC,IAAI,EAAE,CAAC;gBAEtE,GAAG,CAAC,MAAM,CAAC,sBAAE,CAAC,CAAC,IAAI,CAAC;oBAChB,IAAI,EAAE,cAAc;oBAEpB,SAAS,EAAE,cAAe,CAAC,eAAe,CAAC,GAAG,CAAC,KAAK,CAAC,MAAM,CAAC;oBAE5D,QAAQ,EAAE,cAAe,CAAC,gBAAgB,CAAC,GAAG,CAAC,KAAK,CAAC,MAAM,CAAC;iBAC/D,CAAC,CAAC;gBACH,MAAM;YACV;gBACI,MAAM,IAAI,GAAG,MAAM,oBAAS,CAAC,QAAQ,CAAC,GAAG,CAAC,KAAK,CAAC,MAAM,EAAE,EAAE,QAAQ,EAAE,CAAC,EAAE,CAAC,CAAC,IAAI,EAAE,CAAC;gBAChF,GAAG,CAAC,MAAM,CAAC,sBAAE,CAAC,CAAC,IAAI,CAAC;oBAChB,IAAI;iBACP,CAAC,CAAC;gBACH,MAAM;SACb;KACJ;IAAC,OAAO,KAAK,EAAE;QACZ,eAAM,CAAC,KAAK,CAAC,KAAK,EAAE,KAAK,CAAC,OAAO,CAAC,CAAC;QACnC,GAAG,CAAC,MAAM,CAAC,yCAAqB,CAAC,CAAC,IAAI,CAAC;YACnC,KAAK,EAAE,6BAAqB;SAC/B,CAAC,CAAC;KACN;AACL,CAAC,CAAA,CAAC,CAAC;AAKU,QAAA,cAAc,GAAG,SAAS,CAAC;AAC3B,QAAA,UAAU,GAAG,uBAAuB,CAAC;AAClD,MAAM,CAAC,IAAI,CAAC,sBAAc,EAAE,CAAO,GAAY,EAAE,GAAa,EAAE,EAAE;IAC9D,IAAI;QAGA,MAAM,KAAK,GAAG,GAAG,CAAC,IAAI,CAAC,KAAK,CAAC;QAC7B,MAAM,EAAE,GAAG,GAAG,CAAC,IAAI,CAAC,EAAE,CAAC;QACvB,MAAM,MAAM,GAAG,GAAG,CAAC,IAAI,CAAC,MAAM,CAAC;QAC/B,oBAAI,CAAC,gBAAgB,CAAC,EAAE,GAAG,EAAE,EAAE,EAAE,EAAE,EAAE,CAAC,KAAK,CAAC,EAAE,MAAM,EAAE,EAAE,CAAC,GAAQ,EAAE,EAAE;YACjE,GAAG,CAAC,MAAM,CAAC,sBAAE,CAAC,CAAC,IAAI,CAAC;gBAChB,OAAO,EAAE,+BAA+B;aAC3C,CAAC,CAAC;QACP,CAAC,CAAC,CAAC;KAEN;IAAC,OAAO,KAAK,EAAE;QACZ,GAAG,CAAC,MAAM,CAAC,yCAAqB,CAAC,CAAC,IAAI,CAAC;YACnC,KAAK,EAAE,kBAAU;SACpB,CAAC,CAAC;KACN;AACL,CAAC,CAAA,CAAC,CAAC;AAKU,QAAA,eAAe,GAAG,cAAc,CAAC;AAC9C,MAAM,CAAC,GAAG,CAAC,uBAAe,EAAE,CAAO,GAAY,EAAE,GAAa,EAAE,EAAE;IAC9D,IAAI;QACA,MAAM,QAAQ,GAAG,MAAM,sBAAW,CAAC,GAAG,EAAE,GAAG,CAAC,CAAC;QAC7C,GAAG,CAAC,MAAM,CAAC,sBAAE,CAAC,CAAC,IAAI,CAAC;YAChB,QAAQ;SACX,CAAC,CAAC;KACN;IAAC,OAAO,KAAK,EAAE;QACZ,GAAG,CAAC,MAAM,CAAC,yCAAqB,CAAC,CAAC,IAAI,CAAC;YACnC,KAAK,EAAE,uBAAuB;SACjC,CAAC,CAAC;KACN;AACL,CAAC,CAAA,CAAC,CAAC;AAKU,QAAA,WAAW,GAAG,UAAU,CAAC;AAqDzB,QAAA,gBAAgB,GAAG,gBAAgB,CAAC;AACjD,MAAM,CAAC,IAAI,CAAC,wBAAgB,EAAE,IAAI,EAAE,MAAM,CAAC,MAAM,CAAC,OAAO,CAAC,EAAE,CAAO,GAAY,EAAE,GAAa,EAAE,EAAE;IAC9F,IAAI;QACA,MAAM,IAAI,GAAG,GAAG,CAAC,IAAI,CAAC;QACtB,MAAM,SAAS,GAAG,OAAO,CAAC,GAAG,CAAC,oCAAoC,CAAC;QAEnE,MAAM,QAAQ,GAAG,IAAI,iBAAG,CAAC,EAAE,CAAC;YACxB,WAAW,EAAE,OAAO,CAAC,GAAG,CAAC,iBAAiB;YAC1C,eAAe,EAAE,OAAO,CAAC,GAAG,CAAC,iBAAiB;YAC9C,MAAM,EAAE,OAAO,CAAC,GAAG,CAAC,UAAU;SACjC,CAAC,CAAC;QAEH,MAAM,MAAM,GAAG;YACX,MAAM,EAAE,OAAO,CAAC,GAAG,CAAC,eAAyB;YAC7C,GAAG,EAAE,GAAG,CAAC,KAAK,CAAC,MAAgB;YAC/B,IAAI,EAAE,IAAI,CAAC,MAAM;YACjB,WAAW,EAAE,IAAI,CAAC,QAAQ;YAC1B,GAAG,EAAE,aAAa;SACrB,CAAC;QACF,QAAQ,CAAC,MAAM,CAAC,MAAM,EAAE,CAAC,GAAQ,EAAE,IAAS,EAAE,EAAE;YAC5C,IAAI,GAAG,EAAE;gBACL,GAAG,CAAC,MAAM,CAAC,GAAG,CAAC,CAAC,IAAI,CAAC,EAAE,KAAK,EAAE,uBAAuB,EAAE,CAAC,CAAC;gBACzD,eAAM,CAAC,KAAK,CAAC,GAAG,CAAC,CAAC;aACrB;iBAAM;gBACH,oBAAS,CAAC,iBAAiB,CAAC,GAAG,CAAC,KAAK,CAAC,MAAM,EAAE,EAAE,oBAAoB,EAAE,IAAI,CAAC,QAAQ,EAAE,CAAC,CAAC,IAAI,EAAE,CAAC;gBAC9F,GAAG,CAAC,MAAM,CAAC,sBAAE,CAAC,CAAC,IAAI,CAAC,EAAE,IAAI,EAAE,CAAC,CAAC;aACjC;QACL,CAAC,CAAC,CAAC;KACN;IAAC,OAAO,KAAK,EAAE;QACZ,eAAM,CAAC,KAAK,CAAC,KAAK,EAAE,KAAK,CAAC,OAAO,CAAC,CAAC;KACtC;AACL,CAAC,CAAA,CAAC,CAAC;AAKU,QAAA,gBAAgB,GAAG,eAAe,CAAC;AAChD,MAAM,CAAC,GAAG,CAAC,wBAAgB,EAAE,CAAO,GAAY,EAAE,GAAa,EAAE,EAAE;IACjE,IAAI;QACA,MAAM,OAAO,GAAG,MAAM,oBAAS,CAAC,OAAO,CAAC,EAAC,OAAO,EAAE,EAAC,MAAM,EAAE,GAAG,CAAC,MAAM,CAAC,GAAG,EAAE,QAAQ,EAAE,IAAI,EAAC,EAAC,CAAC,CAAC;QAC7F,IAAI,OAAO,EAAE;YAET,GAAG,CAAC,MAAM,CAAC,sBAAE,CAAC,CAAC,IAAI,CAAC,CAAC,CAAC,CAAC;SAC1B;aAAM;YAEH,GAAG,CAAC,MAAM,CAAC,sBAAE,CAAC,CAAC,IAAI,CAAC,CAAC,CAAC,CAAC;SAC1B;KACJ;IAAC,OAAO,CAAC,EAAE;QACR,eAAM,CAAC,KAAK,CAAC,CAAC,CAAC,CAAC;QAChB,GAAG,CAAC,MAAM,CAAC,yCAAqB,CAAC,CAAC,IAAI,CAAC;YACnC,KAAK,EAAE,6BAA6B;SACvC,CAAC,CAAC;KACN;AAEH,CAAC,CAAA,CAAC,CAAC;AAwBU,QAAA,kBAAkB,GAAG,YAAY,CAAC;AAE/C,MAAM,CAAC,IAAI,CAAC,0BAAkB,EAAE,IAAI,EAAE,CAAO,GAAY,EAAE,GAAa,EAAE,EAAE;IACxE,IAAI;QACA,MAAM,oBAAS,CAAC,iBAAiB,CAAC,GAAG,CAAC,KAAK,CAAC,MAAM,EAAE,EAAC,SAAS,EAAE,GAAG,CAAC,IAAI,CAAC,SAAS,EAAC,CAAC,CAAC,IAAI,EAAE,CAAC;QAE5F,GAAG,CAAC,MAAM,CAAC,2BAAO,CAAC,CAAC,IAAI,CAAC,EAAE,CAAC,CAAC;KAChC;IAAC,OAAO,CAAC,EAAE;QACR,eAAM,CAAC,KAAK,CAAC,CAAC,CAAC,CAAC;QAChB,GAAG,CAAC,MAAM,CAAC,yCAAqB,CAAC,CAAC,IAAI,CAAC,EAAE,CAAC,CAAC;KAE9C;AACL,CAAC,CAAA,CAAC,CAAC;AACH,kBAAe,EAAE,MAAM,EAAE,IAAI,EAAE,CAAC","sourcesContent":["import { logger } from '../../shared/Logger';\r\nimport { Request, Response, Router } from 'express';\r\nimport { BAD_REQUEST, CREATED, OK, INTERNAL_SERVER_ERROR } from 'http-status-codes';\r\nimport User from '../../models/User.model';\r\nimport { IUser, IUserProfile } from 'src/interfaces/IUser';\r\nimport bcrypt from 'bcrypt';\r\nimport jwt from 'jsonwebtoken';\r\nimport UserModel from '../../models/User.model';\r\nimport FollowsModel from '../../models/Follower.model';\r\nimport FollowingModel from '../../models/Following.model';\r\nimport { GetCampuses } from '../../controllers/campuses';\r\nimport aws from 'aws-sdk';\r\nimport multer from 'multer';\r\nimport multers3 from 'multer-s3';\r\nimport validation from '../../middleware/auth';\r\n// Init router and path\r\nconst router = Router();\r\nconst path = '/users';\r\nconst auth = validation.validateToken;\r\n// tslint:disable-next-line:no-var-requires\r\n// const Notification = require('../../lib/notifications');\r\n/******************************************************************************\r\n*                                 Configuring S3\r\n/******************************************************************************/\r\n// aws.config.update({\r\n//     secretAccessKey: 'abcdefghijklmnopqrstuvwxyz',\r\n//     accessKeyId: 'antigha',\r\n//     region: 'us-east(ohio)',\r\n// });\r\n\r\n// const s3 = new aws.S3();\r\n// const upload = multer ({\r\n//     storage: multers3({\r\n//         s3,\r\n//         bucket: 'campusx',\r\n//         key: (req, file, cb) => {\r\n//             cb(null, file.originalname);\r\n//         }\r\n//     }),\r\n// });\r\n\r\nconst storage = multer.memoryStorage();\r\nconst upload = multer({ storage });\r\n/******************************************************************************\r\n *                                Create New User\r\n ******************************************************************************/\r\n\r\n// Constants\r\nexport const createUserPath = '/create';\r\n\r\n/**\r\n * Create a new user and add to DB\r\n * Full Path: \"GET campusx/api/v1/users/create\"\r\n */\r\nrouter.post(createUserPath, async (req: Request, res: Response) => {\r\n    try {\r\n        const foundUser = await User.findOne({ email: req.body.user.email });\r\n        if (foundUser) {\r\n            res.status(OK).json({\r\n                exists: `Sorry, ${req.body.user.name} you have an account already, try logging in`,\r\n            });\r\n        } else {\r\n            if (req.body !== '') {\r\n                const user: IUser = new User({\r\n                    name: req.body.name,\r\n                    userID: '',\r\n                    userTag: `${req.body.userTag}`,\r\n                    email: req.body.email,\r\n                    password: req.body.password,\r\n                    phone_number: req.body.number,\r\n                });\r\n                user.userID = user._id;\r\n                // Hash Password\r\n                const rounds = await bcrypt.genSalt(10);\r\n                bcrypt.hash(user.password, rounds, async (error, result) => {\r\n                    user.password = result;\r\n                    await user.save();\r\n\r\n                    // jwt\r\n                    const payload = user._id;\r\n                    const secret = process.env.JWT_SECRET as string;\r\n                    const token = jwt.sign(payload, secret);\r\n\r\n                    return res.status(CREATED).json({\r\n                        userID: user._id,\r\n                        token,\r\n                        // tslint:disable-next-line: max-line-length\r\n                        success: `Your account has been created, Welcome ${req.body.user.name.split(' ').slice(0, -1).join(' ')}`,\r\n                        // FIX-ME: The name split\r\n                    });\r\n                });\r\n\r\n            } else {\r\n                res.status(BAD_REQUEST).json({\r\n                    error: 'Empty request',\r\n                });\r\n            }\r\n        }\r\n\r\n    } catch (error) {\r\n        logger.error(error, error.message);\r\n        return res.status(INTERNAL_SERVER_ERROR).json({ error: 'Oops, an error occurred' });\r\n    }\r\n});\r\n\r\n/******************************************************************************\r\n *                                Login\r\n ******************************************************************************/\r\n\r\nexport const loginPath = '/login';\r\n\r\nexport const errorMessage = 'Oops sorry, error logging you in';\r\n\r\nrouter.post(loginPath, async (req: Request, res: Response) => {\r\n    try {\r\n        const user = await UserModel.findOne({ email: req.body.email });\r\n        if (user !== null) {\r\n            const userPassword = user.password;\r\n            const requestPassword = req.body.password;\r\n            bcrypt.compare(requestPassword, userPassword, (error, result) => {\r\n                if (result) {\r\n                    // if (req.session!.view >= 0) {\r\n                    //     UserModel.findOneAndUpdate({ _id: req.session!.userID }, { $inc: { visits: 1 } }).exec();\r\n                    //     req.session!.view++;\r\n                    // } else {\r\n                    //     req.session!.view = 0;\r\n                    // }\r\n                    const payload = user._id;\r\n                    const secret = process.env.JWT_SECRET as string;\r\n                    const token = jwt.sign(payload, secret);\r\n                    return res.status(OK).json({\r\n                        token,\r\n                        userID: user._id,\r\n                        success: `Welcome back ${user.name.split(' ').slice(0, -1).join(' ')}`,\r\n                    });\r\n                } else {\r\n                    return res.status(BAD_REQUEST).json({\r\n                        error: 'Oops, Your Details don\\'t match what we have ',\r\n                    });\r\n                }\r\n            });\r\n        } else {\r\n            return res.status(BAD_REQUEST).json({\r\n                error: 'Oops, Your Details don\\'t match what we have ',\r\n            });\r\n        }\r\n    } catch (error) {\r\n\r\n        logger.error(error, error.message);\r\n        res.status(INTERNAL_SERVER_ERROR).json({\r\n            error: errorMessage,\r\n        });\r\n    }\r\n\r\n});\r\n/******************************************************************************\r\n *                                Follow A User\r\n ******************************************************************************/\r\n\r\nexport const followUser = '/follow';\r\nexport const followErrorMessage = 'Oops, something went wrong';\r\n\r\nrouter.post(followUser, auth, async (req: Request, res: Response) => {\r\n    try {\r\n        const follow = await new FollowsModel({\r\n            target: req.body.targetID,\r\n            follower: req.token.userID,\r\n        });\r\n        const following = await new FollowingModel({\r\n            follower: req.token.userID,\r\n            target: req.body.targetID,\r\n        });\r\n        // Update both target and follower documents\r\n        const target = await User.findByIdAndUpdate(req.body.targetID, { $push: { followers: follow._id } }).exec();\r\n        await User.findByIdAndUpdate(req.token.userID, { $push: { followings: following._id } }).exec();\r\n        // TODO: Add typings support for FCM-NODE\r\n        // TODO: Make notifications function async\r\n        // const notif = new Notification('Campus', `${target!.userTag} followed you`, target!.fcm_token);\r\n        // notif.send();\r\n\r\n        await following.save();\r\n        await follow.save();\r\n        return res.status(OK).json({\r\n            status: `You/re now following`,\r\n        });\r\n        // TODO: Send a notification to the target, informing about the follow\r\n    } catch (error) {\r\n        logger.error(error, error.message);\r\n        res.status(INTERNAL_SERVER_ERROR).json({ error: followErrorMessage });\r\n    }\r\n});\r\n\r\n/******************************************************************************\r\n *                   Generic get route for getting user related data\r\n ******************************************************************************/\r\n\r\nexport const getUserInfo = '/getUser/:user/:searchKey';  /** Accepted info search Keys: followers, followings, */\r\nexport const getUserInfoErrMessage = 'Oops sorry couldn/t get what you want';\r\nrouter.get(getUserInfo, auth, async (req: Request, res: Response) => {\r\n    try {\r\n        switch (req.params.searchKey) {\r\n            case 'followers':\r\n                const followers = await UserModel.findById(req.token.userID, { followers: 1 })\r\n                    // tslint:disable-next-line: max-line-length\r\n                    .populate({ path: 'followers', populate: { path: 'target', select: { name: 1, userProfile: 1, userTag: 1 } } })\r\n                    .exec();\r\n                res.status(OK).json({\r\n                    followers,\r\n                });\r\n                break;\r\n\r\n            case 'followings':\r\n                const followings = await UserModel.findById(req.token.userID, { folllowings: 1 })\r\n                    // tslint:disable-next-line: max-line-length\r\n                    .populate({ path: 'followings', populate: { path: 'target', select: { name: 1, userProfile: 1, userTag: 1 } } })\r\n                    .exec();\r\n                res.status(OK).json({\r\n                    followings,\r\n                });\r\n                break;\r\n            // Get a particular user\r\n            case 'user':\r\n                const particularUser = await UserModel.findById(req.params.user, { password: 0 })\r\n                    .populate([{ path: 'followings' }, { path: 'followers' }]).exec();\r\n\r\n                res.status(OK).json({\r\n                    user: particularUser,\r\n                    // Check if the user making the request follows the model owner\r\n                    following: particularUser!.checkIsFollowed(req.token.userID),\r\n                    // Check if the user making the request is following the model owner\r\n                    followed: particularUser!.checkIsFollowing(req.token.userID),\r\n                });\r\n                break;\r\n            default:\r\n                const user = await UserModel.findById(req.token.userID, { password: 0 }).exec();\r\n                res.status(OK).json({\r\n                    user,\r\n                });\r\n                break;\r\n        }\r\n    } catch (error) {\r\n        logger.error(error, error.message);\r\n        res.status(INTERNAL_SERVER_ERROR).json({\r\n            error: getUserInfoErrMessage,\r\n        });\r\n    }\r\n});\r\n\r\n/******************************************************************************\r\n *                              Update User Info\r\n ******************************************************************************/\r\nexport const updateUserPath = '/update';\r\nexport const errMessage = 'Oops could not update';\r\nrouter.post(updateUserPath, async (req: Request, res: Response) => {\r\n    try {\r\n        // Field: Field to update in database\r\n        // Update: Data to update the field with\r\n        const field = req.body.field;\r\n        const id = req.body.id;\r\n        const update = req.body.update;\r\n        User.findOneAndUpdate({ _id: id }, { [field]: update }, (err: any) => {\r\n            res.status(OK).json({\r\n                success: 'Your Profile Has Been Updated',\r\n            });\r\n        });\r\n\r\n    } catch (error) {\r\n        res.status(INTERNAL_SERVER_ERROR).json({\r\n            error: errMessage,\r\n        });\r\n    }\r\n});\r\n\r\n/******************************************************************************\r\n *                                  Get Campuses\r\n ******************************************************************************/\r\nexport const getCampusesPath = '/getcampuses';\r\nrouter.get(getCampusesPath, async (req: Request, res: Response) => {\r\n    try {\r\n        const campuses = await GetCampuses(req, res);\r\n        res.status(OK).json({\r\n            campuses,\r\n        });\r\n    } catch (error) {\r\n        res.status(INTERNAL_SERVER_ERROR).json({\r\n            error: 'Oops an error occured',\r\n        });\r\n    }\r\n});\r\n\r\n/******************************************************************************\r\n*                     Get Users From Same And Different Campuses\r\n/******************************************************************************/\r\nexport const explorePath = '/explore';\r\n// router.get(explorePath, auth, async (req: Request, res: Response) => {\r\n//     try {\r\n//         const onCampus = [];\r\n//         const otherCampuses = [];\r\n\r\n//         // On campus\r\n//         const sameCampus = await UserModel.find({\r\n//             'userProfile.university': req.token.userID.,\r\n//         },\r\n//             {\r\n//                 followings: 1,\r\n//                 followers: 1,\r\n//                 name: 1,\r\n//                 userProfile: 1,\r\n//                 userTag: 1,\r\n//             }).populate([{ path: 'followings' }, { path: 'followers' }]).exec();\r\n\r\n//         for (const user of sameCampus) {\r\n//             // tslint:disable-next-line: max-line-length\r\n//             onCampus.push({ user, isFollowed: user.checkIsFollowed(req.token.userID), isFollowing: user.checkIsFollowing(req.token.userID) });\r\n//         }\r\n\r\n//         // Other campuses\r\n//         const diffCampuses = await UserModel.find({\r\n//             'userProfile.university': { $ne: req.token.userID.university },\r\n//         }, {\r\n//             followings: 1,\r\n//             followers: 1,\r\n//             name: 1,\r\n//             userProfile: 1,\r\n//             userTag: 1,\r\n//         }).populate([{ path: 'followings' }, { path: 'followers' }]).exec();\r\n\r\n//         for (const user of diffCampuses) {\r\n//             // tslint:disable-next-line: max-line-length\r\n//             otherCampuses.push({ user, isFollowed: user.checkIsFollowed(req.token.userID), isFollowing: user.checkIsFollowing(req.token.userID) });\r\n//         }\r\n\r\n//         res.status(OK).send({\r\n//             onCampus,\r\n//             otherCampuses,\r\n//         });\r\n//     } catch (error) {\r\n//         logger.error(error);\r\n//         res.status(INTERNAL_SERVER_ERROR).send({\r\n//             error: 'Oops an error just occurred',\r\n//         });\r\n//     }\r\n// });\r\n/******************************************************************************\r\n*                                 Upload Avatar\r\n/******************************************************************************/\r\nexport const uploadAvatarPath = '/avatar/upload';\r\nrouter.post(uploadAvatarPath, auth, upload.single('image'), async (req: Request, res: Response) => {\r\n    try {\r\n        const file = req.file;\r\n        const s3FileURL = process.env.AWS_UvalidationPLOADED_FILE_URL_LINK;\r\n\r\n        const s3Bucket = new aws.S3({\r\n            accessKeyId: process.env.AWS_ACCESS_KEY_ID,\r\n            secretAccessKey: process.env.SECRET_ACCESS_KEY,\r\n            region: process.env.AWS_REGION,\r\n        });\r\n\r\n        const params = {\r\n            Bucket: process.env.AWS_BUCKET_NAME as string,\r\n            Key: req.token.userID as string,\r\n            Body: file.buffer,\r\n            contentType: file.mimetype,\r\n            ACL: 'public-read',\r\n        };\r\n        s3Bucket.upload(params, (err: any, data: any) => {\r\n            if (err) {\r\n                res.status(500).json({ error: 'Oops an error occured' });\r\n                logger.error(err);\r\n            } else {\r\n                UserModel.findByIdAndUpdate(req.token.userID, { 'userProfile.avatar': data.Location }).exec();\r\n                res.status(OK).json({ data });\r\n            }\r\n        });\r\n    } catch (error) {\r\n        logger.error(error, error.message);\r\n    }\r\n});\r\n\r\n/******************************************************************************\r\n *                          Check If A UserTag Is Available\r\n /******************************************************************************/\r\nexport const availableUserTag = '/userTag/:tag';\r\nrouter.get(availableUserTag, async (req: Request, res: Response) => {\r\n  try {\r\n      const userTag = await UserModel.findOne({userTag: {$regex: req.params.tag, $options: '$i'}});\r\n      if (userTag) {\r\n          // Return 0 if the userTag exists\r\n          res.status(OK).json(0);\r\n      } else {\r\n          // Return 1 is the userTag doesnt exist\r\n          res.status(OK).json(1);\r\n      }\r\n  } catch (e) {\r\n      logger.error(e);\r\n      res.status(INTERNAL_SERVER_ERROR).json({\r\n          error: 'Oops an error just occurred',\r\n      });\r\n  }\r\n\r\n});\r\n\r\n/******************************************************************************\r\n*                          Get Follower Notification\r\n/******************************************************************************/\r\n// export const followingNotificationPath = '/notification/follower';\r\n// router.get(followingNotificationPath, auth, async (req: Request, res: Response) => {\r\n//     try {\r\n//         const followers = await FollowsModel.find({ target: req.token.userID\r\n//             .populate('follower', { 'name': 1, 'userTag': 1, 'userProfile.avatar': 1 }).exec();\r\n//         await followers.reverse();\r\n//         res.status(OK).json({\r\n//             followers,\r\n//         }); ,,\r\n//     };  catch (error) {\r\n//         logger.error(error);\r\n//         res.status(INTERNAL_SERVER_ERROR).json({\r\n//             error: 'Oops an error just occured',\r\n//         });,\r\n//   );\r\n\r\n/******************************************************************************\r\n *                          Update FCM-TOKEN\r\n /******************************************************************************/\r\nexport const updateFCMTokenPath = '/fcmUpdate';\r\n\r\nrouter.post(updateFCMTokenPath, auth, async (req: Request, res: Response) => {\r\n    try {\r\n        await UserModel.findByIdAndUpdate(req.token.userID, {fcm_token: req.body.fcm_token}).exec();\r\n\r\n        res.status(CREATED).json({});\r\n    } catch (e) {\r\n        logger.error(e);\r\n        res.status(INTERNAL_SERVER_ERROR).json({});\r\n    //    TODO: For responses that dont need to send anything back remove JSON response\r\n    }\r\n});\r\nexport default { router, path };\r\n"]},"_coverageSchema":"1a1c01bbd47fc00a2c39e90264f33305004495a9","hash":"c49cbf4a01de39fbadbd996ae89c2f2420088546","contentHash":"ee6cf8405f55cd2c700c9f59daf2fa11b474acd3a20a60c2bbbf4e72425d092f"},"/home/Ghost/Documents/Workspace/campusX/backend/campusX/src/shared/Logger.ts":{"path":"/home/Ghost/Documents/Workspace/campusX/backend/campusX/src/shared/Logger.ts","statementMap":{"0":{"start":{"line":2,"column":0},"end":{"line":2,"column":62}},"1":{"start":{"line":3,"column":18},"end":{"line":3,"column":36}},"2":{"start":{"line":4,"column":26},"end":{"line":4,"column":46}},"3":{"start":{"line":5,"column":23},"end":{"line":7,"column":2}},"4":{"start":{"line":8,"column":0},"end":{"line":34,"column":1}},"5":{"start":{"line":9,"column":23},"end":{"line":9,"column":102}},"6":{"start":{"line":10,"column":25},"end":{"line":14,"column":6}},"7":{"start":{"line":15,"column":26},"end":{"line":18,"column":6}},"8":{"start":{"line":19,"column":4},"end":{"line":19,"column":37}},"9":{"start":{"line":20,"column":4},"end":{"line":20,"column":38}},"10":{"start":{"line":23,"column":29},"end":{"line":29,"column":6}},"11":{"start":{"line":24,"column":8},"end":{"line":27,"column":9}},"12":{"start":{"line":25,"column":12},"end":{"line":25,"column":36}},"13":{"start":{"line":26,"column":12},"end":{"line":26,"column":25}},"14":{"start":{"line":28,"column":8},"end":{"line":28,"column":20}},"15":{"start":{"line":30,"column":29},"end":{"line":32,"column":6}},"16":{"start":{"line":33,"column":4},"end":{"line":33,"column":41}},"17":{"start":{"line":35,"column":0},"end":{"line":35,"column":32}}},"fnMap":{"0":{"name":"(anonymous_0)","decl":{"start":{"line":23,"column":46},"end":{"line":23,"column":47}},"loc":{"start":{"line":23,"column":56},"end":{"line":29,"column":5}},"line":23}},"branchMap":{"0":{"loc":{"start":{"line":8,"column":0},"end":{"line":34,"column":1}},"type":"if","locations":[{"start":{"line":8,"column":0},"end":{"line":34,"column":1}},{"start":{"line":8,"column":0},"end":{"line":34,"column":1}}],"line":8},"1":{"loc":{"start":{"line":24,"column":8},"end":{"line":27,"column":9}},"type":"if","locations":[{"start":{"line":24,"column":8},"end":{"line":27,"column":9}},{"start":{"line":24,"column":8},"end":{"line":27,"column":9}}],"line":24}},"s":{"0":1,"1":1,"2":1,"3":1,"4":1,"5":0,"6":0,"7":0,"8":0,"9":0,"10":1,"11":0,"12":0,"13":0,"14":0,"15":1,"16":1,"17":1},"f":{"0":0},"b":{"0":[0,1],"1":[0,0]},"inputSourceMap":{"version":3,"file":"/home/Ghost/Documents/Workspace/campusX/backend/campusX/src/shared/Logger.ts","sources":["/home/Ghost/Documents/Workspace/campusX/backend/campusX/src/shared/Logger.ts"],"names":[],"mappings":";;AAMA,qCAA2D;AAG3D,MAAM,EAAE,IAAI,EAAE,OAAO,EAAE,GAAG,oBAAU,CAAC;AAGrC,MAAM,cAAc,GAAG,sBAAY,CAAC;IAChC,KAAK,EAAE,MAAM;CAChB,CAAC,CAAC;AAOH,IAAI,OAAO,CAAC,GAAG,CAAC,QAAQ,KAAK,YAAY,EAAE;IAEvC,MAAM,UAAU,GAAG,gBAAM,CAAC,OAAO,CAC7B,gBAAM,CAAC,SAAS,EAAE,EAClB,gBAAM,CAAC,IAAI,EAAE,CAChB,CAAC;IACF,MAAM,YAAY,GAAG,IAAI,IAAI,CAAC;QAC1B,QAAQ,EAAE,kBAAkB;QAC5B,MAAM,EAAE,UAAU;QAClB,KAAK,EAAE,OAAO;KACjB,CAAC,CAAC;IACH,MAAM,aAAa,GAAG,IAAI,IAAI,CAAC;QAC3B,QAAQ,EAAE,qBAAqB;QAC/B,MAAM,EAAE,UAAU;KACrB,CAAC,CAAC;IACH,cAAc,CAAC,GAAG,CAAC,YAAY,CAAC,CAAC;IACjC,cAAc,CAAC,GAAG,CAAC,aAAa,CAAC,CAAC;CAErC;KAAM;IAEH,MAAM,gBAAgB,GAAG,gBAAM,CAAC,CAAC,IAAI,EAAE,EAAE;QACrC,IAAI,IAAI,CAAC,KAAK,EAAE;YAEZ,OAAO,CAAC,GAAG,CAAC,IAAI,CAAC,KAAK,CAAC,CAAC;YACxB,OAAO,KAAK,CAAC;SAChB;QACD,OAAO,IAAI,CAAC;IAChB,CAAC,CAAC,CAAC;IACH,MAAM,gBAAgB,GAAG,IAAI,OAAO,CAAC;QACjC,MAAM,EAAE,gBAAM,CAAC,OAAO,CAClB,gBAAM,CAAC,QAAQ,EAAE,EACjB,gBAAM,CAAC,MAAM,EAAE,EACf,gBAAgB,EAAE,CACrB;KACJ,CAAC,CAAC;IACH,cAAc,CAAC,GAAG,CAAC,gBAAgB,CAAC,CAAC;CACxC;AAGY,QAAA,MAAM,GAAG,cAAc,CAAC","sourcesContent":["/**\r\n * Setup the winston logger.\r\n *\r\n * Documentation: https://github.com/winstonjs/winston\r\n */\r\n\r\nimport { createLogger, format, transports } from 'winston';\r\n\r\n// Import Functions\r\nconst { File, Console } = transports;\r\n\r\n// Init Logger\r\nconst wintstonLogger = createLogger({\r\n    level: 'info',\r\n});\r\n\r\n/**\r\n * For production write to all logs with level `info` and below\r\n * to `combined.log. Write all logs error (and below) to `error.log`.\r\n * For development, print to the console.\r\n */\r\nif (process.env.NODE_ENV === 'production') {\r\n\r\n    const fileFormat = format.combine(\r\n        format.timestamp(),\r\n        format.json(),\r\n    );\r\n    const errTransport = new File({\r\n        filename: './logs/error.log',\r\n        format: fileFormat,\r\n        level: 'error',\r\n    });\r\n    const infoTransport = new File({\r\n        filename: './logs/combined.log',\r\n        format: fileFormat,\r\n    });\r\n    wintstonLogger.add(errTransport);\r\n    wintstonLogger.add(infoTransport);\r\n\r\n} else {\r\n\r\n    const errorStackFormat = format((info) => {\r\n        if (info.stack) {\r\n            // tslint:disable-next-line:no-console\r\n            console.log(info.stack);\r\n            return false;\r\n        }\r\n        return info;\r\n    });\r\n    const consoleTransport = new Console({\r\n        format: format.combine(\r\n            format.colorize(),\r\n            format.simple(),\r\n            errorStackFormat(),\r\n        ),\r\n    });\r\n    wintstonLogger.add(consoleTransport);\r\n}\r\n\r\n// Export logger\r\nexport const logger = wintstonLogger;\r\n"]},"_coverageSchema":"1a1c01bbd47fc00a2c39e90264f33305004495a9","hash":"fa859d35ec6aa01c227899069bd2d4035f8c52ea","contentHash":"090047586a2627e3106c28b7bd246810b9163faf0809ccd4e4f950bb2dbcc2ec"},"/home/Ghost/Documents/Workspace/campusX/backend/campusX/src/models/User.model.ts":{"path":"/home/Ghost/Documents/Workspace/campusX/backend/campusX/src/models/User.model.ts","statementMap":{"0":{"start":{"line":2,"column":0},"end":{"line":2,"column":62}},"1":{"start":{"line":3,"column":16},"end":{"line":3,"column":32}},"2":{"start":{"line":4,"column":19},"end":{"line":4,"column":60}},"3":{"start":{"line":5,"column":19},"end":{"line":22,"column":2}},"4":{"start":{"line":23,"column":0},"end":{"line":30,"column":2}},"5":{"start":{"line":24,"column":4},"end":{"line":29,"column":5}},"6":{"start":{"line":25,"column":8},"end":{"line":25,"column":20}},"7":{"start":{"line":28,"column":8},"end":{"line":28,"column":21}},"8":{"start":{"line":31,"column":0},"end":{"line":38,"column":2}},"9":{"start":{"line":32,"column":4},"end":{"line":37,"column":5}},"10":{"start":{"line":33,"column":8},"end":{"line":33,"column":20}},"11":{"start":{"line":36,"column":8},"end":{"line":36,"column":21}},"12":{"start":{"line":40,"column":4},"end":{"line":49,"column":5}},"13":{"start":{"line":41,"column":21},"end":{"line":41,"column":31}},"14":{"start":{"line":42,"column":8},"end":{"line":42,"column":35}},"15":{"start":{"line":43,"column":8},"end":{"line":48,"column":9}},"16":{"start":{"line":44,"column":12},"end":{"line":44,"column":24}},"17":{"start":{"line":47,"column":12},"end":{"line":47,"column":25}},"18":{"start":{"line":51,"column":0},"end":{"line":51,"column":63}}},"fnMap":{"0":{"name":"(anonymous_0)","decl":{"start":{"line":23,"column":37},"end":{"line":23,"column":38}},"loc":{"start":{"line":23,"column":51},"end":{"line":30,"column":1}},"line":23},"1":{"name":"(anonymous_1)","decl":{"start":{"line":31,"column":38},"end":{"line":31,"column":39}},"loc":{"start":{"line":31,"column":52},"end":{"line":38,"column":1}},"line":31},"2":{"name":"check","decl":{"start":{"line":39,"column":9},"end":{"line":39,"column":14}},"loc":{"start":{"line":39,"column":36},"end":{"line":50,"column":1}},"line":39}},"branchMap":{"0":{"loc":{"start":{"line":24,"column":4},"end":{"line":29,"column":5}},"type":"if","locations":[{"start":{"line":24,"column":4},"end":{"line":29,"column":5}},{"start":{"line":24,"column":4},"end":{"line":29,"column":5}}],"line":24},"1":{"loc":{"start":{"line":32,"column":4},"end":{"line":37,"column":5}},"type":"if","locations":[{"start":{"line":32,"column":4},"end":{"line":37,"column":5}},{"start":{"line":32,"column":4},"end":{"line":37,"column":5}}],"line":32},"2":{"loc":{"start":{"line":43,"column":8},"end":{"line":48,"column":9}},"type":"if","locations":[{"start":{"line":43,"column":8},"end":{"line":48,"column":9}},{"start":{"line":43,"column":8},"end":{"line":48,"column":9}}],"line":43}},"s":{"0":1,"1":1,"2":1,"3":1,"4":1,"5":0,"6":0,"7":0,"8":1,"9":0,"10":0,"11":0,"12":0,"13":0,"14":0,"15":0,"16":0,"17":0,"18":1},"f":{"0":0,"1":0,"2":0},"b":{"0":[0,0],"1":[0,0],"2":[0,0]},"inputSourceMap":{"version":3,"file":"/home/Ghost/Documents/Workspace/campusX/backend/campusX/src/models/User.model.ts","sources":["/home/Ghost/Documents/Workspace/campusX/backend/campusX/src/models/User.model.ts"],"names":[],"mappings":";;;AAAA,6DAAoD;AAGpD,MAAM,UAAU,GAAW,IAAI,iBAAM,CAAC;IAClC,IAAI,EAAE,EAAC,IAAI,EAAE,MAAM,EAAE,QAAQ,EAAE,IAAI,EAAC;IACpC,OAAO,EAAE,EAAC,IAAI,EAAE,MAAM,EAAE,QAAQ,EAAE,IAAI,EAAC;IACvC,KAAK,EAAE,EAAC,IAAI,EAAE,MAAM,EAAE,QAAQ,EAAE,IAAI,EAAC;IACrC,QAAQ,EAAE,EAAC,IAAI,EAAE,MAAM,EAAE,QAAQ,EAAE,IAAI,EAAC;IACxC,WAAW,EAAE,EAAC,IAAI,EAAE,MAAM,EAAC;IAC3B,MAAM,EAAE,EAAC,IAAI,EAAE,MAAM,EAAE,OAAO,EAAE,CAAC,EAAC;IAClC,WAAW,EAAE;QACT,MAAM,EAAE,EAAC,IAAI,EAAE,MAAM,EAAC;QACtB,KAAK,EAAE,EAAC,IAAI,EAAE,MAAM,EAAC;QACrB,UAAU,EAAE,EAAC,IAAI,EAAE,MAAM,EAAC;QAC1B,MAAM,EAAE,EAAC,IAAI,EAAE,MAAM,EAAE,QAAQ,EAAE,IAAI,EAAC;QACtC,UAAU,EAAE,EAAC,IAAI,EAAE,MAAM,EAAE,OAAO,EAAE,CAAC,EAAC;QACtC,GAAG,EAAE,EAAC,IAAI,EAAE,MAAM,EAAC;QACnB,MAAM,EAAE,EAAC,IAAI,EAAE,MAAM,EAAC;KACzB;IACD,SAAS,EAAE,EAAC,IAAI,EAAE,MAAM,EAAC;CAC5B,CAAC,CAAC;AAIH,UAAU,CAAC,OAAO,CAAC,eAAe,GAAG,UAAS,EAAU;IACpD,IAAI,KAAK,CAAC,IAAI,CAAC,SAAS,EAAE,EAAE,EAAE,UAAU,CAAC,EAAE;QACvC,OAAO,IAAI,CAAC;KACf;SAAM;QACH,OAAO,KAAK,CAAC;KACf;AACN,CAAC,CAAC;AAGF,UAAU,CAAC,OAAO,CAAC,gBAAgB,GAAG,UAAS,EAAU;IACrD,IAAI,KAAK,CAAC,IAAI,CAAC,UAAU,EAAE,EAAE,EAAE,QAAQ,CAAC,EAAE;QACtC,OAAO,IAAI,CAAC;KACf;SAAM;QACH,OAAO,KAAK,CAAC;KAChB;AACL,CAAC,CAAC;AAGF,SAAS,KAAK,CAAC,KAAS,EAAE,KAAa,EAAE,KAAa;IAClD,KAAK,MAAM,GAAG,IAAI,KAAK,EAAE;QACrB,IAAI,MAAM,GAAG,GAAG,CAAC,KAAK,CAAW,CAAC;QAClC,MAAM,GAAG,MAAM,CAAC,QAAQ,EAAE,CAAC;QAE3B,IAAI,MAAM,KAAK,KAAK,EAAE;YAClB,OAAO,IAAI,CAAC;SACf;aAAM;YACH,OAAO,KAAK,CAAC;SAChB;KACJ;AACL,CAAC;AAED,kBAAe,kBAAQ,CAAC,KAAK,CAAQ,MAAM,EAAE,UAAU,CAAC,CAAC","sourcesContent":["import mongoose, {Schema, Document} from 'mongoose';\nimport { IUser } from 'src/interfaces/IUser';\n\nconst UserSchema: Schema = new Schema({\n    name: {type: String, required: true},\n    userTag: {type: String, required: true},\n    email: {type: String, required: true},\n    password: {type: String, required: true},\n    phoneNumber: {type: Number},\n    visits: {type: Number, default: 0},\n    userProfile: {\n        avatar: {type: String},\n        level: {type: Number},\n        university: {type: String},\n        gender: {type: String, required: true},\n        rep_points: {type: Number, default: 0},\n        bio: {type: String},\n        course: {type: String},\n    },\n    fcm_token: {type: String},\n});\n\n// Check if this user is followed by the user making the request\n\nUserSchema.methods.checkIsFollowed = function(id: string) {\n    if (check(this.followers, id, 'follower')) {\n        return true;\n    } else {\n        return false;\n     }\n};\n\n// Check if this user is following the user making the request\nUserSchema.methods.checkIsFollowing = function(id: string) {\n    if (check(this.followings, id, 'target')) {\n        return true;\n    } else {\n        return false;\n    }\n};\n\n// Check object in an array if a particular value is present\nfunction check(array: [], value: string, field: string) {\n    for (const obj of array) {\n        let value1 = obj[field] as string;\n        value1 = value1.toString();\n\n        if (value1 === value) {\n            return true;\n        } else {\n            return false;\n        }\n    }\n}\n// Export the model and return IUser interface\nexport default mongoose.model<IUser>('User', UserSchema);\n"]},"_coverageSchema":"1a1c01bbd47fc00a2c39e90264f33305004495a9","hash":"fb889ea569437ed478c097de090f1b17a5f547bb","contentHash":"0ee508e16cb17e6bb768036745045dccb39113c832e7ac5423d1f14d69030c98"},"/home/Ghost/Documents/Workspace/campusX/backend/campusX/src/models/Follower.model.ts":{"path":"/home/Ghost/Documents/Workspace/campusX/backend/campusX/src/models/Follower.model.ts","statementMap":{"0":{"start":{"line":2,"column":0},"end":{"line":2,"column":62}},"1":{"start":{"line":3,"column":16},"end":{"line":3,"column":32}},"2":{"start":{"line":4,"column":19},"end":{"line":4,"column":60}},"3":{"start":{"line":5,"column":23},"end":{"line":8,"column":2}},"4":{"start":{"line":9,"column":0},"end":{"line":9,"column":71}}},"fnMap":{},"branchMap":{},"s":{"0":1,"1":1,"2":1,"3":1,"4":1},"f":{},"b":{},"inputSourceMap":{"version":3,"file":"/home/Ghost/Documents/Workspace/campusX/backend/campusX/src/models/Follower.model.ts","sources":["/home/Ghost/Documents/Workspace/campusX/backend/campusX/src/models/Follower.model.ts"],"names":[],"mappings":";;;AAAA,6DAA2D;AAO3D,MAAM,cAAc,GAAW,IAAI,iBAAM,CAAC;IAExC,MAAM,EAAE,EAAC,IAAI,EAAE,iBAAM,CAAC,KAAK,CAAC,QAAQ,EAAE,GAAG,EAAE,MAAM,EAAC;IAElD,QAAQ,EAAE,EAAC,IAAI,EAAE,iBAAM,CAAC,KAAK,CAAC,QAAQ,EAAE,GAAG,EAAE,MAAM,EAAC;CAErD,CAAC,CAAC;AAEH,kBAAe,kBAAQ,CAAC,KAAK,CAAY,UAAU,EAAE,cAAc,CAAC,CAAC","sourcesContent":["import mongoose, {Schema, Document, mongo} from 'mongoose';\n\nexport interface IFollower extends Document {\n    target: string;\n    follower: string;\n}\n\nconst FollowerSchema: Schema = new Schema({\n    // Target: Person being followed\n  target: {type: Schema.Types.ObjectId, ref: 'User'},\n    // Follower: Person following target follower\n  follower: {type: Schema.Types.ObjectId, ref: 'User'},\n\n});\n\nexport default mongoose.model<IFollower>('Follower', FollowerSchema);\n"]},"_coverageSchema":"1a1c01bbd47fc00a2c39e90264f33305004495a9","hash":"b1dffe13799ec8b869567bec7e916051b110db15","contentHash":"002e7e0309395da5041b8225ca7360081c78493015bdc6a674393de40261474e"},"/home/Ghost/Documents/Workspace/campusX/backend/campusX/src/models/Following.model.ts":{"path":"/home/Ghost/Documents/Workspace/campusX/backend/campusX/src/models/Following.model.ts","statementMap":{"0":{"start":{"line":2,"column":0},"end":{"line":2,"column":62}},"1":{"start":{"line":3,"column":16},"end":{"line":3,"column":32}},"2":{"start":{"line":4,"column":19},"end":{"line":4,"column":60}},"3":{"start":{"line":5,"column":24},"end":{"line":8,"column":2}},"4":{"start":{"line":9,"column":0},"end":{"line":9,"column":73}}},"fnMap":{},"branchMap":{},"s":{"0":1,"1":1,"2":1,"3":1,"4":1},"f":{},"b":{},"inputSourceMap":{"version":3,"file":"/home/Ghost/Documents/Workspace/campusX/backend/campusX/src/models/Following.model.ts","sources":["/home/Ghost/Documents/Workspace/campusX/backend/campusX/src/models/Following.model.ts"],"names":[],"mappings":";;;AAAA,6DAA2D;AAO3D,MAAM,eAAe,GAAW,IAAI,iBAAM,CAAC;IAEzC,QAAQ,EAAE,EAAC,IAAI,EAAE,iBAAM,CAAC,KAAK,CAAC,QAAQ,EAAE,GAAG,EAAE,MAAM,EAAC;IAGpD,MAAM,EAAE,EAAC,IAAI,EAAE,iBAAM,CAAC,KAAK,CAAC,QAAQ,EAAE,GAAG,EAAE,MAAM,EAAC;CAEnD,CAAC,CAAC;AAEH,kBAAe,kBAAQ,CAAC,KAAK,CAAa,WAAW,EAAE,eAAe,CAAC,CAAC","sourcesContent":["import mongoose, {Schema, Document, mongo} from 'mongoose';\n\nexport interface IFollowing extends Document {\n    follower: string;\n    target: string;\n}\n\nconst FollowingSchema: Schema = new Schema({\n  // Follower: Person following target follower\n  follower: {type: Schema.Types.ObjectId, ref: 'User'},\n\n    // Target : Person being followed\n  target: {type: Schema.Types.ObjectId, ref: 'User'},\n\n});\n\nexport default mongoose.model<IFollowing>('Following', FollowingSchema);\n"]},"_coverageSchema":"1a1c01bbd47fc00a2c39e90264f33305004495a9","hash":"c525bc8ac2fa2958a211455453c0fce2d82f675a","contentHash":"da0e17df9e257d8db93f90772621b691849e22375ae43d5bc8640450722708af"},"/home/Ghost/Documents/Workspace/campusX/backend/campusX/src/controllers/campuses.ts":{"path":"/home/Ghost/Documents/Workspace/campusX/backend/campusX/src/controllers/campuses.ts","statementMap":{"0":{"start":{"line":2,"column":0},"end":{"line":2,"column":62}},"1":{"start":{"line":3,"column":16},"end":{"line":3,"column":32}},"2":{"start":{"line":4,"column":23},"end":{"line":4,"column":81}},"3":{"start":{"line":5,"column":21},"end":{"line":26,"column":1}},"4":{"start":{"line":28,"column":4},"end":{"line":39,"column":7}},"5":{"start":{"line":29,"column":8},"end":{"line":38,"column":9}},"6":{"start":{"line":30,"column":29},"end":{"line":30,"column":98}},"7":{"start":{"line":31,"column":12},"end":{"line":33,"column":13}},"8":{"start":{"line":32,"column":16},"end":{"line":32,"column":66}},"9":{"start":{"line":34,"column":12},"end":{"line":34,"column":21}},"10":{"start":{"line":37,"column":12},"end":{"line":37,"column":21}},"11":{"start":{"line":41,"column":0},"end":{"line":41,"column":24}},"12":{"start":{"line":43,"column":4},"end":{"line":51,"column":7}},"13":{"start":{"line":44,"column":8},"end":{"line":50,"column":9}},"14":{"start":{"line":45,"column":29},"end":{"line":45,"column":66}},"15":{"start":{"line":46,"column":12},"end":{"line":46,"column":28}},"16":{"start":{"line":49,"column":12},"end":{"line":49,"column":25}},"17":{"start":{"line":53,"column":0},"end":{"line":53,"column":34}}},"fnMap":{"0":{"name":"Campus","decl":{"start":{"line":27,"column":9},"end":{"line":27,"column":15}},"loc":{"start":{"line":27,"column":18},"end":{"line":40,"column":1}},"line":27},"1":{"name":"(anonymous_1)","decl":{"start":{"line":28,"column":51},"end":{"line":28,"column":52}},"loc":{"start":{"line":28,"column":64},"end":{"line":39,"column":5}},"line":28},"2":{"name":"GetCampuses","decl":{"start":{"line":42,"column":9},"end":{"line":42,"column":20}},"loc":{"start":{"line":42,"column":31},"end":{"line":52,"column":1}},"line":42},"3":{"name":"(anonymous_3)","decl":{"start":{"line":43,"column":51},"end":{"line":43,"column":52}},"loc":{"start":{"line":43,"column":64},"end":{"line":51,"column":5}},"line":43}},"branchMap":{"0":{"loc":{"start":{"line":31,"column":12},"end":{"line":33,"column":13}},"type":"if","locations":[{"start":{"line":31,"column":12},"end":{"line":33,"column":13}},{"start":{"line":31,"column":12},"end":{"line":33,"column":13}}],"line":31}},"s":{"0":1,"1":1,"2":1,"3":1,"4":0,"5":0,"6":0,"7":0,"8":0,"9":0,"10":0,"11":1,"12":0,"13":0,"14":0,"15":0,"16":0,"17":1},"f":{"0":0,"1":0,"2":0,"3":0},"b":{"0":[0,0]},"inputSourceMap":{"version":3,"file":"/home/Ghost/Documents/Workspace/campusX/backend/campusX/src/controllers/campuses.ts","sources":["/home/Ghost/Documents/Workspace/campusX/backend/campusX/src/controllers/campuses.ts"],"names":[],"mappings":";;;AAAA,kFAAiD;AAIjD,MAAM,YAAY,GAAG;IAyBf;QACM,IAAI,EAAE,yBAAyB;QAC/B,YAAY,EAAE,OAAO;KAC1B;IAyCD;QACM,IAAI,EAAE,oBAAoB;QAC1B,YAAY,EAAE,IAAI;KACvB;IACD;QACM,IAAI,EAAE,gCAAgC;QACtC,YAAY,EAAE,KAAK;KACxB;IAiCD;QACM,IAAI,EAAE,qBAAqB;QAC3B,YAAY,EAAE,SAAS;KAC5B;IAKD;QACM,IAAI,EAAE,sBAAsB;QAC5B,YAAY,EAAE,IAAI;KACvB;CACN,CAAC;AAEF,SAAsB,MAAM;;QAStB,IAAI;YACE,MAAM,QAAQ,GAAG,MAAM,sBAAW,CAAC,MAAM,CAAC,EAAC,IAAI,EAAE,sBAAsB,EAAC,CAAC,CAAC;YAC1E,IAAI,CAAC,QAAQ,EAAE;gBACf,MAAM,sBAAW,CAAC,MAAM,CAAC,YAAY,CAAC,CAAC;aACtC;YACD,OAAO,CAAC,CAAC;SACd;QAAC,OAAO,KAAK,EAAE;YACV,OAAO,CAAC,CAAC;SACd;IAEP,CAAC;CAAA;AAnBD,wBAmBC;AAED,SAAsB,WAAW,CAAC,GAAY,EAAE,GAAa;;QACvD,IAAI;YACE,MAAM,QAAQ,GAAG,MAAM,sBAAW,CAAC,IAAI,CAAC,EAAE,CAAC,CAAC;YAC5C,OAAO,QAAQ,CAAC;SACrB;QAAC,OAAO,KAAK,EAAE;YACV,OAAO,KAAK,CAAC;SAClB;IACP,CAAC;CAAA;AAPD,kCAOC","sourcesContent":["import CampusModel from '../models/Campus.model';\nimport { Request, Response } from 'express';\n\n// tslint:disable-next-line: no-unused-expression\nconst Universities = [\n      // {\n      //       Name: 'Adekunle Ajasin University',\n      //       Abbreviation: 'AAUA',\n      // },\n      // {\n      //       Name: 'Federal University Of Agriculture',\n      //       Abbreviation: 'FUNAAB',\n      // },\n      // {\n      //       Name: 'Abia State University',\n      //       Abbreviation: ' ABSU',\n      // },\n      // {\n      //       Name: 'Adekunle Ajasin University',\n      //       Abbreviation: 'AAUA',\n      // },\n      // {\n      //       Name: 'Joseph Ayo Babalola University',\n      //       Abbreviation: 'JABU',\n      // },\n      // {\n      //       Name: 'Redeemer/s University Nigeria',\n      //       Abbreviation: ' RUN',\n      // },\n      {\n            Name: 'Afe Babalola University',\n            Abbreviation: 'ABUAD',\n      },\n      // {\n      //       Name: 'Akwa Ibom State University',\n      //       Abbreviation: 'AKSU',\n      // },\n      // {\n      //       Name: 'American University Of Nigeria',\n      //       Abbreviation: 'AUN',\n      // },\n      // {\n      //       Name: 'Abubakar Tafawa Balewa University',\n      //       Abbreviation: 'ATBU',\n      // },\n      // {\n      //       Name: 'Adamawa State University',\n      //       Abbreviation: 'ADSU',\n      // },\n      // {\n      //       Name: 'Achievers University',\n      //       Abbreviation: 'AC',\n      // },\n      // {\n      //       Name: ' Al-Hikmah University',\n      //       Abbreviation: 'AHU',\n      // },\n      // {\n      //       Name: 'Ambrose Ali University',\n      //       Abbreviation: 'AAU',\n      // },\n      // {\n      //       Name: 'Anambra State University',\n      //       Abbreviation: 'ANSU',\n      // },\n      // {\n      //       Name: 'Ajayi Crowther University',\n      //       Abbreviation: 'ACU',\n      // },\n      // {\n      //       Name: 'Bayero University',\n      //       Abbreviation: 'BUK',\n      // },\n      {\n            Name: 'Babcock University',\n            Abbreviation: 'BU',\n      },\n      {\n            Name: 'Bells University Of Technology',\n            Abbreviation: 'BUT',\n      },\n      // {\n      //       Name: 'Benson Idahosa University Of Technology',\n      //       Abbreviation: 'BIU',\n      // },\n      // {\n      //       Name: 'Benue State University',\n      //       Abbreviation: 'BSU',\n      // },\n      // {\n      //       Name: 'ECWA Bingham University',\n      //       Abbreviation: 'BU',\n      // },\n      // {\n      //       Name: 'Bowen University ',\n      //       Abbreviation: 'BU',\n      // },\n      // {\n      //       Name: 'Bukar Abba Ibrahim University',\n      //       Abbreviation: 'YSU',\n      // },\n      // {\n      //       Name: 'Caleb University',\n      //   
[...]
src/controllers/post.ts","statementMap":{"0":{"start":{"line":2,"column":0},"end":{"line":2,"column":62}},"1":{"start":{"line":3,"column":16},"end":{"line":3,"column":32}},"2":{"start":{"line":4,"column":21},"end":{"line":4,"column":77}},"3":{"start":{"line":5,"column":26},"end":{"line":5,"column":87}},"4":{"start":{"line":6,"column":21},"end":{"line":6,"column":77}},"5":{"start":{"line":7,"column":17},"end":{"line":7,"column":44}},"6":{"start":{"line":8,"column":17},"end":{"line":8,"column":59}},"7":{"start":{"line":9,"column":16},"end":{"line":9,"column":57}},"8":{"start":{"line":10,"column":25},"end":{"line":10,"column":85}},"9":{"start":{"line":11,"column":15},"end":{"line":11,"column":45}},"10":{"start":{"line":12,"column":0},"end":{"line":14,"column":3}},"11":{"start":{"line":13,"column":4},"end":{"line":13,"column":27}},"12":{"start":{"line":15,"column":0},"end":{"line":17,"column":3}},"13":{"start":{"line":16,"column":4},"end":{"line":16,"column":31}},"14":{"start":{"line":19,"column":4},"end":{"line":43,"column":7}},"15":{"start":{"line":20,"column":8},"end":{"line":42,"column":9}},"16":{"start":{"line":21,"column":25},"end":{"line":28,"column":14}},"17":{"start":{"line":29,"column":30},"end":{"line":29,"column":102}},"18":{"start":{"line":30,"column":12},"end":{"line":35,"column":15}},"19":{"start":{"line":31,"column":16},"end":{"line":34,"column":17}},"20":{"start":{"line":32,"column":39},"end":{"line":32,"column":59}},"21":{"start":{"line":33,"column":20},"end":{"line":33,"column":79}},"22":{"start":{"line":36,"column":12},"end":{"line":36,"column":24}},"23":{"start":{"line":37,"column":12},"end":{"line":37,"column":21}},"24":{"start":{"line":40,"column":12},"end":{"line":40,"column":41}},"25":{"start":{"line":41,"column":12},"end":{"line":41,"column":35}},"26":{"start":{"line":45,"column":0},"end":{"line":45,"column":32}},"27":{"start":{"line":47,"column":4},"end":{"line":75,"column":7}},"28":{"start":{"line":48,"column":8},"end":{"line":74,"column":9}},"29":{"start":{"line":49,"column":12},"end":{"line":73,"column":13}},"30":{"start":{"line":52,"column":20},"end":{"line":70,"column":21}},"31":{"start":{"line":53,"column":24},"end":{"line":66,"column":25}},"32":{"start":{"line":54,"column":46},"end":{"line":54,"column":75}},"33":{"start":{"line":55,"column":42},"end":{"line":55,"column":74}},"34":{"start":{"line":58,"column":47},"end":{"line":60,"column":39}},"35":{"start":{"line":61,"column":40},"end":{"line":61,"column":42}},"36":{"start":{"line":62,"column":28},"end":{"line":64,"column":31}},"37":{"start":{"line":63,"column":32},"end":{"line":63,"column":51}},"38":{"start":{"line":65,"column":42},"end":{"line":65,"column":99}},"39":{"start":{"line":69,"column":24},"end":{"line":69,"column":37}},"40":{"start":{"line":72,"column":20},"end":{"line":72,"column":66}},"41":{"start":{"line":77,"column":0},"end":{"line":77,"column":28}},"42":{"start":{"line":79,"column":4},"end":{"line":87,"column":7}},"43":{"start":{"line":80,"column":8},"end":{"line":86,"column":9}},"44":{"start":{"line":81,"column":12},"end":{"line":81,"column":126}},"45":{"start":{"line":82,"column":12},"end":{"line":82,"column":122}},"46":{"start":{"line":85,"column":12},"end":{"line":85,"column":24}},"47":{"start":{"line":89,"column":0},"end":{"line":89,"column":28}},"48":{"start":{"line":91,"column":4},"end":{"line":99,"column":7}},"49":{"start":{"line":92,"column":8},"end":{"line":98,"column":9}},"50":{"start":{"line":93,"column":12},"end":{"line":93,"column":102}},"51":{"start":{"line":94,"column":12},"end":{"line":94,"column":122}},"52":{"start":{"line":97,"column":12},"end":{"line":97,"column":24}},"53":{"start":{"line":101,"column":0},"end":{"line":101,"column":34}},"54":{"start":{"line":103,"column":4},"end":{"line":111,"column":7}},"55":{"start":{"line":104,"column":8},"end":{"line":110,"column":9}},"56":{"start":{"line":105,"column":12},"end":{"line":105,"column":99}},"57":{"start":{"line":106,"column":12},"end":{"line":106,"column":122}},"58":{"start":{"line":109,"column":12},"end":{"line":109,"column":24}},"59":{"start":{"line":113,"column":0},"end":{"line":113,"column":30}},"60":{"start":{"line":115,"column":4},"end":{"line":120,"column":7}},"61":{"start":{"line":116,"column":8},"end":{"line":119,"column":11}},"62":{"start":{"line":117,"column":12},"end":{"line":118,"column":13}}},"fnMap":{"0":{"name":"(anonymous_0)","decl":{"start":{"line":12,"column":21},"end":{"line":12,"column":22}},"loc":{"start":{"line":12,"column":28},"end":{"line":14,"column":1}},"line":12},"1":{"name":"(anonymous_1)","decl":{"start":{"line":15,"column":19},"end":{"line":15,"column":20}},"loc":{"start":{"line":15,"column":28},"end":{"line":17,"column":1}},"line":15},"2":{"name":"CreatePost","decl":{"start":{"line":18,"column":9},"end":{"line":18,"column":19}},"loc":{"start":{"line":18,"column":30},"end":{"line":44,"column":1}},"line":18},"3":{"name":"(anonymous_3)","decl":{"start":{"line":19,"column":51},"end":{"line":19,"column":52}},"loc":{"start":{"line":19,"column":64},"end":{"line":43,"column":5}},"line":19},"4":{"name":"(anonymous_4)","decl":{"start":{"line":30,"column":30},"end":{"line":30,"column":31}},"loc":{"start":{"line":30,"column":44},"end":{"line":35,"column":13}},"line":30},"5":{"name":"GetPosts","decl":{"start":{"line":46,"column":9},"end":{"line":46,"column":17}},"loc":{"start":{"line":46,"column":37},"end":{"line":76,"column":1}},"line":46},"6":{"name":"(anonymous_6)","decl":{"start":{"line":47,"column":51},"end":{"line":47,"column":52}},"loc":{"start":{"line":47,"column":64},"end":{"line":75,"column":5}},"line":47},"7":{"name":"(anonymous_7)","decl":{"start":{"line":62,"column":47},"end":{"line":62,"column":48}},"loc":{"start":{"line":62,"column":54},"end":{"line":64,"column":29}},"line":62},"8":{"name":"LikePost","decl":{"start":{"line":78,"column":9},"end":{"line":78,"column":17}},"loc":{"start":{"line":78,"column":28},"end":{"line":88,"column":1}},"line":78},"9":{"name":"(anonymous_9)","decl":{"start":{"line":79,"column":51},"end":{"line":79,"column":52}},"loc":{"start":{"line":79,"column":64},"end":{"line":87,"column":5}},"line":79},"10":{"name":"DislikePost","decl":{"start":{"line":90,"column":9},"end":{"line":90,"column":20}},"loc":{"start":{"line":90,"column":31},"end":{"line":100,"column":1}},"line":90},"11":{"name":"(anonymous_11)","decl":{"start":{"line":91,"column":51},"end":{"line":91,"column":52}},"loc":{"start":{"line":91,"column":64},"end":{"line":99,"column":5}},"line":91},"12":{"name":"TrashPost","decl":{"start":{"line":102,"column":9},"end":{"line":102,"column":18}},"loc":{"start":{"line":102,"column":29},"end":{"line":112,"column":1}},"line":102},"13":{"name":"(anonymous_13)","decl":{"start":{"line":103,"column":51},"end":{"line":103,"column":52}},"loc":{"start":{"line":103,"column":64},"end":{"line":111,"column":5}},"line":103},"14":{"name":"SortPost","decl":{"start":{"line":114,"column":9},"end":{"line":114,"column":17}},"loc":{"start":{"line":114,"column":25},"end":{"line":121,"column":1}},"line":114},"15":{"name":"(anonymous_15)","decl":{"start":{"line":115,"column":51},"end":{"line":115,"column":52}},"loc":{"start":{"line":115,"column":64},"end":{"line":120,"column":5}},"line":115},"16":{"name":"(anonymous_16)","decl":{"start":{"line":116,"column":27},"end":{"line":116,"column":28}},"loc":{"start":{"line":116,"column":48},"end":{"line":119,"column":9}},"line":116}},"branchMap":{"0":{"loc":{"start":{"line":31,"column":16},"end":{"line":34,"column":17}},"type":"if","locations":[{"start":{"line":31,"column":16},"end":{"line":34,"column":17}},{"start":{"line":31,"column":16},"end":{"line":34,"column":17}}],"line":31},"1":{"loc":{"start":{"line":48,"column":8},"end":{"line":74,"column":9}},"type":"if","locations":[{"start":{"line":48,"column":8},"end":{"line":74,"column":9}},{"start":{"line":48,"column":8},"end":{"line":74,"column":9}}],"line":48},"2":{"loc":{"start":{"line":49,"column":12},"end":{"line":73,"column":13}},"type":"switch","locations":[{"start":{"line":50,"column":16},"end":{"line":50,"column":25}},{"start":{"line":51,"column":16},"end":{"line":70,"column":21}},{"start":{"line":71,"column":16},"end":{"line":72,"column":66}}],"line":49},"3":{"loc":{"start":{"line":53,"column":24},"end":{"line":66,"column":25}},"type":"if","locations":[{"start":{"line":53,"column":24},"end":{"line":66,"column":25}},{"start":{"line":53,"column":24},"end":{"line":66,"column":25}}],"line":53}},"s":{"0":1,"1":1,"2":1,"3":1,"4":1,"5":1,"6":1,"7":1,"8":1,"9":1,"10":1,"11":0,"12":1,"13":0,"14":0,"15":0,"16":0,"17":0,"18":0,"19":0,"20":0,"21":0,"22":0,"23":0,"24":0,"25":0,"26":1,"27":0,"28":0,"29":0,"30":0,"31":0,"32":0,"33":0,"34":0,"35":0,"36":0,"37":0,"38":0,"39":0,"40":0,"41":1,"42":0,"43":0,"44":0,"45":0,"46":0,"47":1,"48":0,"49":0,"50":0,"51":0,"52":0,"53":1,"54":0,"55":0,"56":0,"57":0,"58":0,"59":1,"60":0,"61":0,"62":0},"f":{"0":0,"1":0,"2":0,"3":0,"4":0,"5":0,"6":0,"7":0,"8":0,"9":0,"10":0,"11":0,"12":0,"13":0,"14":0,"15":0,"16":0},"b":{"0":[0,0],"1":[0,0],"2":[0,0,0],"3":[0,0]},"inputSourceMap":{"version":3,"file":"/home/Ghost/Documents/Workspace/campusX/backend/campusX/src/controllers/post.ts","sources":["/home/Ghost/Documents/Workspace/campusX/backend/campusX/src/controllers/post.ts"],"names":[],"mappings":";;;AACA,8EAA6C;AAC7C,wFAAuE;AACvE,8EAA6C;AAE7C,6CAA0C;AAG1C,4DAA4B;AAC5B,0DAA0B;AAC1B,sFAAqE;AAYrE,MAAM,MAAM,GAAG,eAAK,CAAC,YAAY,EAAE,CAAC;AAEpC,MAAM,CAAC,EAAE,CAAC,SAAS,EAAE,CAAC,CAAC,EAAE,EAAE;IACvB,eAAM,CAAC,GAAG,CAAC,CAAC,CAAC,CAAC;AAClB,CAAC,CAAC,CAAC;AAEH,MAAM,CAAC,EAAE,CAAC,OAAO,EAAE,CAAC,GAAG,EAAE,EAAE;IACvB,eAAM,CAAC,KAAK,CAAC,GAAG,CAAC,CAAC;AACtB,CAAC,CAAC,CAAC;AAWH,SAAsB,UAAU,CAAC,GAAY,EAAE,GAAa;;QACxD,IAAI;YAOA,MAAM,IAAI,GAAG,MAAM,IAAI,oBAAS,CAAC;gBAC7B,MAAM,EAAE,GAAG,CAAC,KAAK,CAAC,MAAM;gBACxB,OAAO,EAAE,GAAG,CAAC,IAAI,CAAC,OAAO;gBACzB,IAAI,EAAE,GAAG,CAAC,IAAI,CAAC,IAAI;gBACnB,KAAK,EAAE,GAAG,CAAC,IAAI,CAAC,KAAK;gBACrB,KAAK,EAAE,GAAG,CAAC,IAAI,CAAC,KAAK;gBACrB,SAAS,EAAE,gBAAM,EAAE,CAAC,MAAM,CAAC,KAAK,CAAC;aACpC,CAAC,CAAC;YAEH,MAAM,SAAS,GAAgB,MAAM,wBAAa,CAAC,IAAI,CAAC,EAAE,MAAM,EAAE,GAAG,CAAC,KAAK,EAAE,CAAC,CAAC,IAAI,EAAE,CAAC,IAAI,EAAE,CAAA;YAE5F,SAAS,CAAC,OAAO,CAAC,CAAC,QAAQ,EAAE,EAAE;gBAC3B,IAAI,MAAM,CAAC,MAAM,CAAC,QAAQ,CAAC,MAAM,CAAC,EAAE;oBAChC,MAAM,UAAU,GAAG,IAAI,CAAC,SAAS,CAAC,IAAI,CAAC,CAAC;oBACxC,MAAM,CAAC,IAAI,CAAC,QAAQ,CAAC,MAAM,EAAE,GAAG,CAAC,KAAK,CAAC,MAAM,EAAE,UAAU,CAAC,CAAC;iBAC9D;YACL,CAAC,CAAC,CAAC;YAEH,IAAI,CAAC,IAAI,EAAE,CAAC;YAEZ,OAAO,CAAC,CAAC;SACZ;QAAC,OAAO,KAAK,EAAE;YACZ,eAAM,CAAC,KAAK,CAAC,KAAK,CAAC,CAAC;YACpB,MAAM,IAAI,KAAK,CAAC,KAAK,CAAC,CAAC;SAC1B;IACL,CAAC;CAAA;AAjCD,gCAiCC;AAED,SAAsB,QAAQ,CAAC,GAAY,EAAE,GAAa,EAAE,OAAiB;;QACzE,IAAI,OAAO,CAAC,WAAW,CAAC,UAAU,KAAK,IAAI,EAAE;YAEzC,QAAQ,GAAG,CAAC,MAAM,CAAC,GAAG,EAAE;gBACpB,KAAK,GAAG,CAAC;gBAUT,KAAK,GAAG;oBACJ,IAAI;wBASA,IAAI,MAAM,CAAC,MAAM,CAAC,GAAG,CAAC,KAAK,CAAC,MAAM,CAAC,EAAE;4BACjC,MAAM,SAAS,GAAG,MAAM,CAAC,IAAI,CAAC,GAAG,CAAC,KAAK,CAAC,MAAM,CAAC,CAAC;4BAChD,MAAM,KAAK,GAAG,MAAM,CAAC,OAAO,CAAC,GAAG,CAAC,KAAK,CAAC,MAAM,CAAC,CAAC;yBAElD;6BAAM;4BACH,MAAM,UAAU,GAAiB,MAAM,yBAAc,CAAC,IAAI,CAAC,EAAE,QAAQ,EAAE,GAAG,CAAC,KAAK,CAAC,MAAM,EAAE,EACrF,EAAE,MAAM,EAAE,CAAC,EAAE,CAAC;iCACb,IAAI,EAAE;iCACN,IAAI,EAAE,CAAC;4BAEZ,MAAM,GAAG,GAAa,EAAE,CAAC;4BAEzB,UAAU,CAAC,OAAO,CAAC,CAAC,CAAC,EAAE,EAAE;gCACrB,GAAG,CAAC,IAAI,CAAC,CAAC,CAAC,MAAM,CAAC,CAAC;4BACvB,CAAC,CAAC,CAAC;4BAEH,MAAM,KAAK,GAAG,MAAM,oBAAS,CAAC,IAAI,CAAC,EAAE,MAAM,EAAE,EAAE,GAAG,EAAE,GAAG,EAAE,EAAE,CAAC,CAAC;yBAChE;qBACJ;oBAAC,OAAO,KAAK,EAAE;wBACZ,OAAO,KAAK,CAAC;qBAChB;gBACL;oBACI,OAAO,IAAI,KAAK,CAAC,2BAA2B,CAAC,CAAC;aACrD;SACJ;IACL,CAAC;CAAA;AAjDD,4BAiDC;AAoCD,SAAsB,QAAQ,CAAC,GAAY,EAAE,GAAa;;QACtD,IAAI;YAIA,oBAAS,CAAC,iBAAiB,CAAC,GAAG,CAAC,IAAI,CAAC,MAAM,EAAE,EAAE,IAAI,EAAE,EAAE,KAAK,EAAE,CAAC,EAAE,EAAE,OAAO,EAAE,GAAG,CAAC,KAAK,CAAC,MAAM,EAAE,CAAC,CAAC,IAAI,EAAE,CAAC;YACvG,oBAAS,CAAC,iBAAiB,CAAC,GAAG,CAAC,KAAK,CAAC,MAAM,EAAE,EAAE,IAAI,EAAE,EAAE,wBAAwB,EAAE,IAAI,EAAE,EAAE,CAAC,CAAC,IAAI,EAAE,CAAC;SACtG;QAAC,OAAO,KAAK,EAAE;YACZ,MAAM,KAAK,CAAC;SACf;IACL,CAAC;CAAA;AAVD,4BAUC;AAED,SAAsB,WAAW,CAAC,GAAY,EAAE,GAAa;;QACzD,IAAI;YACA,oBAAS,CAAC,iBAAiB,CAAC,GAAG,CAAC,IAAI,CAAC,MAAM,EAAE,EAAE,IAAI,EAAE,EAAE,QAAQ,EAAE,CAAC,EAAE,EAAE,CAAC,CAAC,IAAI,EAAE,CAAC;YAC/E,oBAAS,CAAC,iBAAiB,CAAC,GAAG,CAAC,KAAK,CAAC,MAAM,EAAE,EAAE,IAAI,EAAE,EAAE,wBAAwB,EAAE,IAAI,EAAE,EAAE,CAAC,CAAC,IAAI,EAAE,CAAC;SACtG;QAAC,OAAO,KAAK,EAAE;YACZ,MAAM,KAAK,CAAC;SACf;IACL,CAAC;CAAA;AAPD,kCAOC;AAED,SAAsB,SAAS,CAAC,GAAY,EAAE,GAAa;;QACvD,IAAI;YACA,oBAAS,CAAC,iBAAiB,CAAC,GAAG,CAAC,IAAI,CAAC,MAAM,EAAE,EAAE,IAAI,EAAE,EAAE,KAAK,EAAE,CAAC,EAAE,EAAE,CAAC,CAAC,IAAI,EAAE,CAAC;YAC5E,oBAAS,CAAC,iBAAiB,CAAC,GAAG,CAAC,KAAK,CAAC,MAAM,EAAE,EAAE,IAAI,EAAE,EAAE,wBAAwB,EAAE,IAAI,EAAE,EAAE,CAAC,CAAC,IAAI,EAAE,CAAC;SACtG;QAAC,OAAO,KAAK,EAAE;YACZ,MAAM,KAAK,CAAC;SACf;IACL,CAAC;CAAA;AAPD,8BAOC;AAED,SAAe,QAAQ,CAAC,KAAc;;QAClC,OAAO,IAAI,OAAO,CAAC,CAAC,OAAO,EAAE,MAAM,EAAE,EAAE;YACnC,KAAK,MAAM,IAAI,IAAI,KAAK,EAAE;aAEzB;QACL,CAAC,CAAC,CAAC;IACP,CAAC;CAAA","sourcesContent":["import { Request, Response, json } from 'express';\nimport PostModel from '../models/Post.model';\nimport FollowingModel, { IFollowing } from '../models/Following.model';\nimport UserModel from '../models/User.model';\nimport { IPost } from 'src/interfaces/IPost';\nimport { logger } from '../shared/Logger';\nimport { IUserProfile } from 'src/interfaces/IUser';\nimport sort from 'array-sort';\nimport moment from 'moment';\nimport redis from 'redis';\nimport FollowerModel, { IFollower  } from '../models/Follower.model';\n\ninterface IOptions {\n    sortOptions: {\n        first_100?: boolean, // Returns first 100\n        all?: boolean, // Releases the whole wave, good luck\n        mostRecent?: boolean, // Limits result to 20\n        // TODO: create a more efficient retrival method\n    };\n}\n\n/* Set Up Redis */\nconst client = redis.createClient();\n\nclient.on('connect', (x) => {\n    logger.log(x);\n});\n\nclient.on('error', (err) => {\n    logger.error(err);\n});\n\n/**\n *\n * @param req\n * @param res\n *  When creating a user post, get all thier followers, check the cache to see if\n *  any of the followers exist there, if they do, inject the post in the followers feed\n *  if they dont, oh well 😊\n *\n */\nexport async function CreatePost(req: Request, res: Response) {\n    try {\n        /**\n         * Add some of these fields to the token to reduce hitting DB\n         * userTag,\n         * userName\n         * userEmail,\n         */\n        const post = await new PostModel({\n            author: req.token.userID,\n            userTag: req.body.userTag,\n            text: req.body.text,\n            video: req.body.video,\n            image: req.body.image,\n            createdAt: moment().format('lll'),\n        });\n\n        const followers: IFollower[] = await FollowerModel.find({ target: req.token }).lean().exec()\n\n        followers.forEach((follower) => {\n            if (client.exists(follower.target)) {\n                const cahcedPost = JSON.stringify(post);\n                client.hset(follower.target, req.token.userID, cahcedPost);\n            }\n        });\n\n        post.save();\n\n        return 0;\n    } catch (error) {\n        logger.error(error);\n        throw new Error(error);\n    }\n}\n\nexport async function GetPosts(req: Request, res: Response, options: IOptions) {\n    if (options.sortOptions.mostRecent === true) {\n        //  To get home-post, key is set to 0, to get others key is set to 1\n        switch (req.params.key) {\n            case '0':\n            // TODO: Try and find a way of not hitting the DB\n            // try {\n            //     const posts = await PostModel.find({ author: req.params.id })\n            //         .populate({ path: 'author', select: { name: 1, userProfile: 1, userTag: 1 } })\n            //         .exec();\n            //     return posts.reverse();\n            // } catch (error) {\n            //     return error;\n            // }\n            case '1':\n                try {\n                    /*\n                    * Get recent posts from all followings\n                    */\n\n                    /**\n                     *  Check the cache for newsfeed\n                     */\n\n                    if (client.exists(req.token.userID)) {\n                        const postCount = client.hlen(req.token.userID);\n                        const posts = client.hgetall(req.token.userID);\n\n                    } else {\n                        const followings: IFollowing[] = await FollowingModel.find({ follower: req.token.userID },\n                            { target: 1 })\n                            .lean()\n                            .exec();\n                        //  TODO: A worker should be spawned to do tasks from here\n                        const arr: string[] = [];\n\n                        followings.forEach((x) => {\n                            arr.push(x.target);\n                        });\n\n                        const Posts = await PostModel.find({ author: { $in: arr } });\n                    }\n                } catch (error) {\n                    return error;\n                }\n            default:\n                return new Error('Sorry, unrecognizable key');\n        }\n    }\n}\n\n/**\n * PIS - POST INTERACTION SCORE\n */\ninterface IScoredPost {\n    post: IPost;\n    PIS: number;\n}\n\n/**\n * Searches for users in a particular campus and then searches for their posts, would be really expensive,\n * the solution would be to cache the universities and their users.\n */\n// export async function GetCampusPosts(req: Request, res: Response) {\n//     try {\n//         const users = await UserModel.find({ 'userProfile.university': req.params.campusID });\n//         let posts: IScoredPost[] = [];\n\n//         for (const user of users) {\n//             const Posts = await PostModel.find({ author: user._id })\n//                 .populate({ path: 'author', select: { name: 1, userProfile: 1 } }).exec();\n//             for (const post of Posts) {\n//                 // tslint:disable-next-line: max-line-length\n//                 const scoredPost: IScoredPost = { post, PIS: post.scorePost(), liked: post.checkLiked(req.token.userID) };\n//                 posts.push(scoredPost);\n//             }\n//         }\n//         // Sort post in order of reducing PIS\n//         posts = sort(posts, 'PIS', { reverse: true });\n//         return posts;\n//     } catch (error) {\n//         return error;\n//     }\n// }\n\nexport async function LikePost(req: Request, res: Response) {\n    try {\n        /**\n         *  Increment Post likes and update the likedBy field\n        */\n        PostModel.findByIdAndUpdate(req.body.postID, { $inc: { likes: 1 }, likedBy: req.token.userID }).exec();\n        UserModel.findByIdAndUpdate(req.token.userID, { $inc: { 'userProfile.rep_points': 0.25 } }).exec();\n    } catch (error) {\n        throw error;\n    }\n}\n\nexport async function DislikePost(req: Request, res: Response) {\n    try {\n        PostModel.findByIdAndUpdate(req.body.postID, { $inc: { dislikes: 1 } }).exec();\n        UserModel.findByIdAndUpdate(req.token.userID, { $inc: { 'userProfile.rep_points': 0.20 } }).exec();\n    } catch (error) {\n        throw error;\n    }\n}\n\nexport async function TrashPost(req: Request, res: Response) {\n    try {\n        PostModel.findByIdAndUpdate(req.body.postID, { $inc: { trash: 1 } }).exec();\n        UserModel.findByIdAndUpdate(req.token.userID, { $inc: { 'userProfile.rep_points': 0.15 } }).exec();\n    } catch (error) {\n        throw error;\n    }\n}\n\nasync function SortPost(posts: IPost[]): Promise<IPost[]> {\n    return new Promise((resolve, reject) => {\n        for (const post of posts) {\n            \n        }\n    });\n}"]},"_coverageSchema":"1a1c01bbd47fc00a2c39e90264f33305004495a9","hash":"f7c9b5d9706fdf2e1ba99d41b9b6c9666e9a74f2","contentHash":"c4c548999826f4a43486ababe7df8969cc25a2c9f122fa0109708e774400dfd4"}}