{"/home/Ghost/Documents/Workspace/campusX/backend/campusX/dist/controllers/campuses.js":{"path":"/home/Ghost/Documents/Workspace/campusX/backend/campusX/dist/controllers/campuses.js","statementMap":{"0":{"start":{"line":2,"column":0},"end":{"line":2,"column":62}},"1":{"start":{"line":3,"column":16},"end":{"line":3,"column":32}},"2":{"start":{"line":4,"column":23},"end":{"line":4,"column":81}},"3":{"start":{"line":5,"column":21},"end":{"line":26,"column":1}},"4":{"start":{"line":28,"column":4},"end":{"line":39,"column":7}},"5":{"start":{"line":29,"column":8},"end":{"line":38,"column":9}},"6":{"start":{"line":30,"column":29},"end":{"line":30,"column":98}},"7":{"start":{"line":31,"column":12},"end":{"line":33,"column":13}},"8":{"start":{"line":32,"column":16},"end":{"line":32,"column":66}},"9":{"start":{"line":34,"column":12},"end":{"line":34,"column":21}},"10":{"start":{"line":37,"column":12},"end":{"line":37,"column":21}},"11":{"start":{"line":41,"column":0},"end":{"line":41,"column":24}},"12":{"start":{"line":43,"column":4},"end":{"line":51,"column":7}},"13":{"start":{"line":44,"column":8},"end":{"line":50,"column":9}},"14":{"start":{"line":45,"column":29},"end":{"line":45,"column":66}},"15":{"start":{"line":46,"column":12},"end":{"line":46,"column":28}},"16":{"start":{"line":49,"column":12},"end":{"line":49,"column":25}},"17":{"start":{"line":53,"column":0},"end":{"line":53,"column":34}}},"fnMap":{"0":{"name":"Campus","decl":{"start":{"line":27,"column":9},"end":{"line":27,"column":15}},"loc":{"start":{"line":27,"column":18},"end":{"line":40,"column":1}},"line":27},"1":{"name":"(anonymous_1)","decl":{"start":{"line":28,"column":51},"end":{"line":28,"column":52}},"loc":{"start":{"line":28,"column":64},"end":{"line":39,"column":5}},"line":28},"2":{"name":"GetCampuses","decl":{"start":{"line":42,"column":9},"end":{"line":42,"column":20}},"loc":{"start":{"line":42,"column":31},"end":{"line":52,"column":1}},"line":42},"3":{"name":"(anonymous_3)","decl":{"start":{"line":43,"column":51},"end":{"line":43,"column":52}},"loc":{"start":{"line":43,"column":64},"end":{"line":51,"column":5}},"line":43}},"branchMap":{"0":{"loc":{"start":{"line":31,"column":12},"end":{"line":33,"column":13}},"type":"if","locations":[{"start":{"line":31,"column":12},"end":{"line":33,"column":13}},{"start":{"line":31,"column":12},"end":{"line":33,"column":13}}],"line":31}},"s":{"0":0,"1":0,"2":0,"3":0,"4":0,"5":0,"6":0,"7":0,"8":0,"9":0,"10":0,"11":0,"12":0,"13":0,"14":0,"15":0,"16":0,"17":0},"f":{"0":0,"1":0,"2":0,"3":0},"b":{"0":[0,0]},"inputSourceMap":{"version":3,"file":"campuses.js","sourceRoot":"","sources":["../../src/controllers/campuses.ts"],"names":[],"mappings":";;;AAAA,kFAAiD;AAIjD,MAAM,YAAY,GAAG;IAyBf;QACM,IAAI,EAAE,yBAAyB;QAC/B,YAAY,EAAE,OAAO;KAC1B;IAyCD;QACM,IAAI,EAAE,oBAAoB;QAC1B,YAAY,EAAE,IAAI;KACvB;IACD;QACM,IAAI,EAAE,gCAAgC;QACtC,YAAY,EAAE,KAAK;KACxB;IAiCD;QACM,IAAI,EAAE,qBAAqB;QAC3B,YAAY,EAAE,SAAS;KAC5B;IAKD;QACM,IAAI,EAAE,sBAAsB;QAC5B,YAAY,EAAE,IAAI;KACvB;CACN,CAAC;AAEF,SAAsB,MAAM;;QAStB,IAAI;YACE,MAAM,QAAQ,GAAG,MAAM,sBAAW,CAAC,MAAM,CAAC,EAAC,IAAI,EAAE,sBAAsB,EAAC,CAAC,CAAC;YAC1E,IAAI,CAAC,QAAQ,EAAE;gBACf,MAAM,sBAAW,CAAC,MAAM,CAAC,YAAY,CAAC,CAAC;aACtC;YACD,OAAO,CAAC,CAAC;SACd;QAAC,OAAO,KAAK,EAAE;YACV,OAAO,CAAC,CAAC;SACd;IAEP,CAAC;CAAA;AAnBD,wBAmBC;AAED,SAAsB,WAAW,CAAC,GAAY,EAAE,GAAa;;QACvD,IAAI;YACE,MAAM,QAAQ,GAAG,MAAM,sBAAW,CAAC,IAAI,CAAC,EAAE,CAAC,CAAC;YAC5C,OAAO,QAAQ,CAAC;SACrB;QAAC,OAAO,KAAK,EAAE;YACV,OAAO,KAAK,CAAC;SAClB;IACP,CAAC;CAAA;AAPD,kCAOC"},"all":true},"/home/Ghost/Documents/Workspace/campusX/backend/campusX/dist/controllers/post.js":{"path":"/home/Ghost/Documents/Workspace/campusX/backend/campusX/dist/controllers/post.js","statementMap":{"0":{"start":{"line":2,"column":0},"end":{"line":2,"column":62}},"1":{"start":{"line":3,"column":16},"end":{"line":3,"column":32}},"2":{"start":{"line":4,"column":21},"end":{"line":4,"column":77}},"3":{"start":{"line":5,"column":26},"end":{"line":5,"column":87}},"4":{"start":{"line":6,"column":21},"end":{"line":6,"column":77}},"5":{"start":{"line":7,"column":21},"end":{"line":7,"column":67}},"6":{"start":{"line":9,"column":4},"end":{"line":44,"column":7}},"7":{"start":{"line":10,"column":8},"end":{"line":43,"column":9}},"8":{"start":{"line":11,"column":12},"end":{"line":42,"column":13}},"9":{"start":{"line":13,"column":20},"end":{"line":21,"column":21}},"10":{"start":{"line":14,"column":38},"end":{"line":16,"column":35}},"11":{"start":{"line":17,"column":24},"end":{"line":17,"column":47}},"12":{"start":{"line":20,"column":24},"end":{"line":20,"column":37}},"13":{"start":{"line":23,"column":20},"end":{"line":39,"column":21}},"14":{"start":{"line":24,"column":43},"end":{"line":24,"column":142}},"15":{"start":{"line":25,"column":48},"end":{"line":25,"column":50}},"16":{"start":{"line":26,"column":24},"end":{"line":28,"column":25}},"17":{"start":{"line":27,"column":28},"end":{"line":27,"column":67}},"18":{"start":{"line":29,"column":36},"end":{"line":31,"column":35}},"19":{"start":{"line":32,"column":24},"end":{"line":34,"column":46}},"20":{"start":{"line":33,"column":28},"end":{"line":33,"column":85}},"21":{"start":{"line":35,"column":24},"end":{"line":35,"column":37}},"22":{"start":{"line":38,"column":24},"end":{"line":38,"column":37}},"23":{"start":{"line":41,"column":20},"end":{"line":41,"column":66}},"24":{"start":{"line":46,"column":0},"end":{"line":46,"column":28}},"25":{"start":{"line":48,"column":4},"end":{"line":66,"column":7}},"26":{"start":{"line":49,"column":8},"end":{"line":65,"column":9}},"27":{"start":{"line":50,"column":26},"end":{"line":50,"column":108}},"28":{"start":{"line":51,"column":24},"end":{"line":51,"column":26}},"29":{"start":{"line":52,"column":12},"end":{"line":59,"column":13}},"30":{"start":{"line":53,"column":30},"end":{"line":54,"column":93}},"31":{"start":{"line":55,"column":16},"end":{"line":58,"column":17}},"32":{"start":{"line":56,"column":39},"end":{"line":56,"column":114}},"33":{"start":{"line":57,"column":20},"end":{"line":57,"column":43}},"34":{"start":{"line":60,"column":12},"end":{"line":60,"column":74}},"35":{"start":{"line":61,"column":12},"end":{"line":61,"column":25}},"36":{"start":{"line":64,"column":12},"end":{"line":64,"column":25}},"37":{"start":{"line":68,"column":0},"end":{"line":68,"column":40}},"38":{"start":{"line":70,"column":4},"end":{"line":78,"column":7}},"39":{"start":{"line":71,"column":8},"end":{"line":77,"column":9}},"40":{"start":{"line":72,"column":12},"end":{"line":72,"column":128}},"41":{"start":{"line":73,"column":12},"end":{"line":73,"column":124}},"42":{"start":{"line":76,"column":12},"end":{"line":76,"column":24}},"43":{"start":{"line":80,"column":0},"end":{"line":80,"column":28}},"44":{"start":{"line":82,"column":4},"end":{"line":90,"column":7}},"45":{"start":{"line":83,"column":8},"end":{"line":89,"column":9}},"46":{"start":{"line":84,"column":12},"end":{"line":84,"column":102}},"47":{"start":{"line":85,"column":12},"end":{"line":85,"column":124}},"48":{"start":{"line":88,"column":12},"end":{"line":88,"column":24}},"49":{"start":{"line":92,"column":0},"end":{"line":92,"column":34}},"50":{"start":{"line":94,"column":4},"end":{"line":102,"column":7}},"51":{"start":{"line":95,"column":8},"end":{"line":101,"column":9}},"52":{"start":{"line":96,"column":12},"end":{"line":96,"column":99}},"53":{"start":{"line":97,"column":12},"end":{"line":97,"column":123}},"54":{"start":{"line":100,"column":12},"end":{"line":100,"column":24}},"55":{"start":{"line":104,"column":0},"end":{"line":104,"column":30}}},"fnMap":{"0":{"name":"GetPosts","decl":{"start":{"line":8,"column":9},"end":{"line":8,"column":17}},"loc":{"start":{"line":8,"column":37},"end":{"line":45,"column":1}},"line":8},"1":{"name":"(anonymous_1)","decl":{"start":{"line":9,"column":51},"end":{"line":9,"column":52}},"loc":{"start":{"line":9,"column":64},"end":{"line":44,"column":5}},"line":9},"2":{"name":"(anonymous_2)","decl":{"start":{"line":32,"column":66},"end":{"line":32,"column":67}},"loc":{"start":{"line":32,"column":76},"end":{"line":34,"column":25}},"line":32},"3":{"name":"GetCampusPosts","decl":{"start":{"line":47,"column":9},"end":{"line":47,"column":23}},"loc":{"start":{"line":47,"column":34},"end":{"line":67,"column":1}},"line":47},"4":{"name":"(anonymous_4)","decl":{"start":{"line":48,"column":51},"end":{"line":48,"column":52}},"loc":{"start":{"line":48,"column":64},"end":{"line":66,"column":5}},"line":48},"5":{"name":"LikePost","decl":{"start":{"line":69,"column":9},"end":{"line":69,"column":17}},"loc":{"start":{"line":69,"column":28},"end":{"line":79,"column":1}},"line":69},"6":{"name":"(anonymous_6)","decl":{"start":{"line":70,"column":51},"end":{"line":70,"column":52}},"loc":{"start":{"line":70,"column":64},"end":{"line":78,"column":5}},"line":70},"7":{"name":"DislikePost","decl":{"start":{"line":81,"column":9},"end":{"line":81,"column":20}},"loc":{"start":{"line":81,"column":31},"end":{"line":91,"column":1}},"line":81},"8":{"name":"(anonymous_8)","decl":{"start":{"line":82,"column":51},"end":{"line":82,"column":52}},"loc":{"start":{"line":82,"column":64},"end":{"line":90,"column":5}},"line":82},"9":{"name":"TrashPost","decl":{"start":{"line":93,"column":9},"end":{"line":93,"column":18}},"loc":{"start":{"line":93,"column":29},"end":{"line":103,"column":1}},"line":93},"10":{"name":"(anonymous_10)","decl":{"start":{"line":94,"column":51},"end":{"line":94,"column":52}},"loc":{"start":{"line":94,"column":64},"end":{"line":102,"column":5}},"line":94}},"branchMap":{"0":{"loc":{"start":{"line":10,"column":8},"end":{"line":43,"column":9}},"type":"if","locations":[{"start":{"line":10,"column":8},"end":{"line":43,"column":9}},{"start":{"line":10,"column":8},"end":{"line":43,"column":9}}],"line":10},"1":{"loc":{"start":{"line":11,"column":12},"end":{"line":42,"column":13}},"type":"switch","locations":[{"start":{"line":12,"column":16},"end":{"line":21,"column":21}},{"start":{"line":22,"column":16},"end":{"line":39,"column":21}},{"start":{"line":40,"column":16},"end":{"line":41,"column":66}}],"line":11}},"s":{"0":0,"1":0,"2":0,"3":0,"4":0,"5":0,"6":0,"7":0,"8":0,"9":0,"10":0,"11":0,"12":0,"13":0,"14":0,"15":0,"16":0,"17":0,"18":0,"19":0,"20":0,"21":0,"22":0,"23":0,"24":0,"25":0,"26":0,"27":0,"28":0,"29":0,"30":0,"31":0,"32":0,"33":0,"34":0,"35":0,"36":0,"37":0,"38":0,"39":0,"40":0,"41":0,"42":0,"43":0,"44":0,"45":0,"46":0,"47":0,"48":0,"49":0,"50":0,"51":0,"52":0,"53":0,"54":0,"55":0},"f":{"0":0,"1":0,"2":0,"3":0,"4":0,"5":0,"6":0,"7":0,"8":0,"9":0,"10":0},"b":{"0":[0,0],"1":[0,0,0]},"inputSourceMap":{"version":3,"file":"post.js","sourceRoot":"","sources":["../../src/controllers/post.ts"],"names":[],"mappings":";;;AACA,8EAA6C;AAC7C,wFAAuD;AACvD,8EAA6C;AAI7C,oEAA8B;AAU9B,SAAsB,QAAQ,CAAC,GAAY,EAAE,GAAa,EAAE,OAAiB;;QACzE,IAAI,OAAO,CAAC,WAAW,CAAC,UAAU,KAAK,IAAI,EAAE;YAEzC,QAAQ,GAAG,CAAC,MAAM,CAAC,GAAG,EAAE;gBACpB,KAAK,GAAG;oBACJ,IAAI;wBACA,MAAM,KAAK,GAAG,MAAM,oBAAS,CAAC,IAAI,CAAC,EAAE,MAAM,EAAE,GAAG,CAAC,MAAM,CAAC,EAAE,EAAE,CAAC;6BACxD,QAAQ,CAAC,EAAE,IAAI,EAAE,QAAQ,EAAE,MAAM,EAAE,EAAE,IAAI,EAAE,CAAC,EAAE,WAAW,EAAE,CAAC,EAAE,OAAO,EAAE,CAAC,EAAC,EAAE,CAAC;6BAC5E,IAAI,EAAE,CAAC;wBACZ,OAAO,KAAK,CAAC,OAAO,EAAE,CAAC;qBAC1B;oBAAC,OAAO,KAAK,EAAE;wBACZ,OAAO,KAAK,CAAC;qBAChB;gBACL,KAAK,GAAG;oBACJ,IAAI;wBAQA,MAAM,UAAU,GAAG,MAAM,yBAAc,CAAC,IAAI,CAAC,EAAE,QAAQ,EAAE,GAAG,CAAC,KAAK,CAAC,IAAI,CAAC,GAAG,EAAC,EAAE,EAAE,MAAM,EAAE,CAAC,EAAE,CAAC,CAAC,IAAI,EAAE,CAAC,IAAI,EAAE,CAAC;wBAC3G,MAAM,eAAe,GAAa,EAAE,CAAC;wBACrC,KAAK,MAAM,SAAS,IAAI,UAAU,EAAE;4BAChC,eAAe,CAAC,IAAI,CAAC,SAAS,CAAC,MAAM,CAAC,CAAC;yBAC1C;wBAED,IAAI,KAAK,GAAG,MAAM,oBAAS,CAAC,IAAI,CAAC,EAAE,MAAM,EAAE,EAAE,GAAG,EAAE,eAAe,EAAE,EAAE,CAAC;6BACjE,QAAQ,CAAC,EAAE,IAAI,EAAE,QAAQ,EAAE,MAAM,EAAE,EAAE,IAAI,EAAE,CAAC,EAAE,WAAW,EAAE,CAAC,EAAE,OAAO,EAAE,CAAC,EAAK,EAAE,CAAC;6BAChF,IAAI,EAAE,CAAC;wBAEZ,KAAK,GAAG,MAAM,oBAAI,CAAC,KAAK,EAAE,CAAC,CAAQ,EAAE,CAAQ,EAAE,EAAE;4BAC7C,OAAO,IAAI,CAAC,KAAK,CAAC,CAAC,CAAC,SAAS,CAAC,GAAG,IAAI,CAAC,KAAK,CAAC,CAAC,CAAC,SAAS,CAAC,CAAC;wBAC7D,CAAC,EAAE,EAAE,OAAO,EAAE,IAAI,EAAE,CAAC,CAAC;wBACtB,OAAO,KAAK,CAAC;qBAChB;oBAAC,OAAO,KAAK,EAAE;wBACZ,OAAO,KAAK,CAAC;qBAChB;gBACL;oBACI,OAAO,IAAI,KAAK,CAAC,2BAA2B,CAAC,CAAC;aACrD;SACJ;IACL,CAAC;CAAA;AA3CD,4BA2CC;AAeD,SAAsB,cAAc,CAAC,GAAY,EAAE,GAAa;;QAC5D,IAAI;YACA,MAAM,KAAK,GAAG,MAAM,oBAAS,CAAC,IAAI,CAAC,EAAE,wBAAwB,EAAE,GAAG,CAAC,MAAM,CAAC,QAAQ,EAAE,CAAC,CAAC;YACtF,IAAI,KAAK,GAAkB,EAAE,CAAC;YAE9B,KAAK,MAAM,IAAI,IAAI,KAAK,EAAE;gBACtB,MAAM,KAAK,GAAG,MAAM,oBAAS,CAAC,IAAI,CAAC,EAAE,MAAM,EAAE,IAAI,CAAC,GAAG,EAAE,CAAC;qBACnD,QAAQ,CAAC,EAAE,IAAI,EAAE,QAAQ,EAAE,MAAM,EAAE,EAAE,IAAI,EAAE,CAAC,EAAE,WAAW,EAAE,CAAC,EAAE,EAAE,CAAC,CAAC,IAAI,EAAE,CAAC;gBAC9E,KAAK,MAAM,IAAI,IAAI,KAAK,EAAE;oBAEtB,MAAM,UAAU,GAAgB,EAAE,IAAI,EAAE,GAAG,EAAE,IAAI,CAAC,SAAS,EAAE,EAAE,KAAK,EAAE,IAAI,CAAC,UAAU,CAAC,GAAG,CAAC,KAAK,CAAC,IAAI,CAAC,GAAG,CAAC,EAAE,CAAC;oBAC5G,KAAK,CAAC,IAAI,CAAC,UAAU,CAAC,CAAC;iBAC1B;aACJ;YAED,KAAK,GAAG,oBAAI,CAAC,KAAK,EAAE,KAAK,EAAE,EAAE,OAAO,EAAE,IAAI,EAAE,CAAC,CAAC;YAC9C,OAAO,KAAK,CAAC;SAChB;QAAC,OAAO,KAAK,EAAE;YACZ,OAAO,KAAK,CAAC;SAChB;IACL,CAAC;CAAA;AApBD,wCAoBC;AAED,SAAsB,QAAQ,CAAC,GAAY,EAAE,GAAa;;QACtD,IAAI;YAIA,oBAAS,CAAC,iBAAiB,CAAC,GAAG,CAAC,IAAI,CAAC,MAAM,EAAE,EAAE,IAAI,EAAE,EAAE,KAAK,EAAE,CAAC,EAAE,EAAE,OAAO,EAAE,GAAG,CAAC,KAAK,CAAC,IAAI,CAAC,GAAG,EAAE,CAAC,CAAC,IAAI,EAAE,CAAC;YACzG,oBAAS,CAAC,iBAAiB,CAAC,GAAG,CAAC,KAAK,CAAC,IAAI,CAAC,GAAG,EAAE,EAAE,IAAI,EAAE,EAAE,wBAAwB,EAAE,IAAI,EAAE,EAAE,CAAC,CAAC,IAAI,EAAE,CAAC;SACxG;QAAC,OAAO,KAAK,EAAE;YACZ,MAAM,KAAK,CAAC;SACf;IACL,CAAC;CAAA;AAVD,4BAUC;AAED,SAAsB,WAAW,CAAC,GAAY,EAAE,GAAa;;QACzD,IAAI;YACA,oBAAS,CAAC,iBAAiB,CAAC,GAAG,CAAC,IAAI,CAAC,MAAM,EAAE,EAAE,IAAI,EAAE,EAAE,QAAQ,EAAE,CAAC,EAAE,EAAE,CAAC,CAAC,IAAI,EAAE,CAAC;YAC/E,oBAAS,CAAC,iBAAiB,CAAC,GAAG,CAAC,KAAK,CAAC,IAAI,CAAC,GAAG,EAAE,EAAE,IAAI,EAAE,EAAE,wBAAwB,EAAE,IAAI,EAAE,EAAE,CAAC,CAAC,IAAI,EAAE,CAAC;SACxG;QAAC,OAAO,KAAK,EAAE;YACZ,MAAM,KAAK,CAAC;SACf;IACL,CAAC;CAAA;AAPD,kCAOC;AAED,SAAsB,SAAS,CAAC,GAAY,EAAE,GAAa;;QACvD,IAAI;YACA,oBAAS,CAAC,iBAAiB,CAAC,GAAG,CAAC,IAAI,CAAC,MAAM,EAAE,EAAE,IAAI,EAAE,EAAE,KAAK,EAAE,CAAC,EAAE,EAAE,CAAC,CAAC,IAAI,EAAE,CAAC;YAC5E,oBAAS,CAAC,iBAAiB,CAAC,GAAG,CAAC,KAAK,CAAC,IAAI,CAAC,GAAG,EAAE,EAAE,IAAI,EAAE,EAAE,wBAAwB,EAAE,GAAG,EAAE,EAAE,CAAC,CAAC,IAAI,EAAE,CAAC;SACvG;QAAC,OAAO,KAAK,EAAE;YACZ,MAAM,KAAK,CAAC;SACf;IACL,CAAC;CAAA;AAPD,8BAOC"},"all":true},"/home/Ghost/Documents/Workspace/campusX/backend/campusX/dist/controllers/users.js":{"path":"/home/Ghost/Documents/Workspace/campusX/backend/campusX/dist/controllers/users.js","statementMap":{},"fnMap":{},"branchMap":{},"s":{},"f":{},"b":{},"inputSourceMap":{"version":3,"file":"users.js","sourceRoot":"","sources":["../../src/controllers/users.ts"],"names":[],"mappings":""},"all":true},"/home/Ghost/Documents/Workspace/campusX/backend/campusX/dist/entities/User.js":{"path":"/home/Ghost/Documents/Workspace/campusX/backend/campusX/dist/entities/User.js","statementMap":{"0":{"start":{"line":2,"column":0},"end":{"line":2,"column":62}},"1":{"start":{"line":5,"column":8},"end":{"line":5,"column":25}},"2":{"start":{"line":6,"column":8},"end":{"line":6,"column":27}},"3":{"start":{"line":7,"column":8},"end":{"line":7,"column":33}},"4":{"start":{"line":8,"column":8},"end":{"line":8,"column":39}},"5":{"start":{"line":11,"column":0},"end":{"line":11,"column":20}}},"fnMap":{"0":{"name":"(anonymous_0)","decl":{"start":{"line":4,"column":4},"end":{"line":4,"column":5}},"loc":{"start":{"line":4,"column":52},"end":{"line":9,"column":5}},"line":4}},"branchMap":{},"s":{"0":0,"1":0,"2":0,"3":0,"4":0,"5":0},"f":{"0":0},"b":{},"inputSourceMap":{"version":3,"file":"User.js","sourceRoot":"","sources":["../../src/entities/User.ts"],"names":[],"mappings":";;AAGA,MAAa,IAAI;IAMb,YAAY,IAAY,EACZ,KAAa,EACb,QAAgB,EAChB,WAAyB;QACjC,IAAI,CAAC,IAAI,GAAG,IAAI,CAAC;QACjB,IAAI,CAAC,KAAK,GAAG,KAAK,CAAC;QACnB,IAAI,CAAC,QAAQ,GAAG,QAAQ,CAAC;QACzB,IAAI,CAAC,WAAW,GAAG,WAAW,CAAC;IACnC,CAAC;CACJ;AAfD,oBAeC"},"all":true},"/home/Ghost/Documents/Workspace/campusX/backend/campusX/dist/interfaces/IAuth.js":{"path":"/home/Ghost/Documents/Workspace/campusX/backend/campusX/dist/interfaces/IAuth.js","statementMap":{"0":{"start":{"line":2,"column":0},"end":{"line":2,"column":62}}},"fnMap":{},"branchMap":{},"s":{"0":0},"f":{},"b":{},"inputSourceMap":{"version":3,"file":"IAuth.js","sourceRoot":"","sources":["../../src/interfaces/IAuth.ts"],"names":[],"mappings":""},"all":true},"/home/Ghost/Documents/Workspace/campusX/backend/campusX/dist/interfaces/IPost.js":{"path":"/home/Ghost/Documents/Workspace/campusX/backend/campusX/dist/interfaces/IPost.js","statementMap":{"0":{"start":{"line":2,"column":0},"end":{"line":2,"column":62}}},"fnMap":{},"branchMap":{},"s":{"0":0},"f":{},"b":{},"inputSourceMap":{"version":3,"file":"IPost.js","sourceRoot":"","sources":["../../src/interfaces/IPost.ts"],"names":[],"mappings":""},"all":true},"/home/Ghost/Documents/Workspace/campusX/backend/campusX/dist/interfaces/IUser.js":{"path":"/home/Ghost/Documents/Workspace/campusX/backend/campusX/dist/interfaces/IUser.js","statementMap":{"0":{"start":{"line":2,"column":0},"end":{"line":2,"column":62}}},"fnMap":{},"branchMap":{},"s":{"0":0},"f":{},"b":{},"inputSourceMap":{"version":3,"file":"IUser.js","sourceRoot":"","sources":["../../src/interfaces/IUser.ts"],"names":[],"mappings":""},"all":true},"/home/Ghost/Documents/Workspace/campusX/backend/campusX/dist/middleware/auth.js":{"path":"/home/Ghost/Documents/Workspace/campusX/backend/campusX/dist/middleware/auth.js","statementMap":{"0":{"start":{"line":2,"column":0},"end":{"line":2,"column":62}},"1":{"start":{"line":3,"column":16},"end":{"line":3,"column":32}},"2":{"start":{"line":4,"column":23},"end":{"line":4,"column":71}},"3":{"start":{"line":5,"column":28},"end":{"line":5,"column":56}},"4":{"start":{"line":6,"column":17},"end":{"line":6,"column":44}},"5":{"start":{"line":7,"column":19},"end":{"line":30,"column":1}},"6":{"start":{"line":9,"column":36},"end":{"line":9,"column":61}},"7":{"start":{"line":11,"column":8},"end":{"line":28,"column":9}},"8":{"start":{"line":12,"column":26},"end":{"line":12,"column":59}},"9":{"start":{"line":13,"column":12},"end":{"line":22,"column":13}},"10":{"start":{"line":14,"column":31},"end":{"line":14,"column":53}},"11":{"start":{"line":15,"column":16},"end":{"line":15,"column":70}},"12":{"start":{"line":16,"column":16},"end":{"line":16,"column":35}},"13":{"start":{"line":17,"column":16},"end":{"line":17,"column":23}},"14":{"start":{"line":20,"column":16},"end":{"line":20,"column":51}},"15":{"start":{"line":21,"column":16},"end":{"line":21,"column":39}},"16":{"start":{"line":25,"column":12},"end":{"line":27,"column":15}},"17":{"start":{"line":31,"column":0},"end":{"line":31,"column":29}}},"fnMap":{"0":{"name":"(anonymous_0)","decl":{"start":{"line":8,"column":19},"end":{"line":8,"column":20}},"loc":{"start":{"line":8,"column":39},"end":{"line":29,"column":5}},"line":8}},"branchMap":{"0":{"loc":{"start":{"line":11,"column":8},"end":{"line":28,"column":9}},"type":"if","locations":[{"start":{"line":11,"column":8},"end":{"line":28,"column":9}},{"start":{"line":11,"column":8},"end":{"line":28,"column":9}}],"line":11}},"s":{"0":0,"1":0,"2":0,"3":0,"4":0,"5":0,"6":0,"7":0,"8":0,"9":0,"10":0,"11":0,"12":0,"13":0,"14":0,"15":0,"16":0,"17":0},"f":{"0":0},"b":{"0":[0,0]},"inputSourceMap":{"version":3,"file":"auth.js","sourceRoot":"","sources":["../../src/middleware/auth.ts"],"names":[],"mappings":";;;AAAA,wEAA+B;AAG/B,yDAAqD;AAErD,6CAA0C;AAE1C,MAAM,UAAU,GAAG;IACf,aAAa,EAAE,CAAC,GAAY,EAAE,GAAa,EAAE,IAAkB,EAAE,EAAE;QAC/D,MAAM,mBAAmB,GAAG,GAAG,CAAC,OAAO,CAAC,aAAa,CAAC;QACtD,IAAI,MAAuB,CAAC;QAC5B,IAAI,mBAAmB,EAAE;YACrB,MAAM,KAAK,GAAG,mBAAmB,CAAC,KAAK,CAAC,GAAG,CAAC,CAAC,CAAC,CAAC,CAAC;YAChD,IAAI;gBAEA,MAAM,MAAM,GAAG,OAAO,CAAC,GAAG,CAAC,UAAoB,CAAC;gBAChD,MAAM,GAAG,sBAAG,CAAC,MAAM,CAAC,KAAK,EAAE,MAAM,CAAC,CAAC;gBACnC,GAAG,CAAC,KAAK,GAAG,MAAuB,CAAC;gBAEpC,IAAI,EAAE,CAAC;aACV;YAAC,OAAO,KAAK,EAAE;gBACZ,eAAM,CAAC,KAAK,CAAC,KAAK,CAAC,KAAK,CAAC,CAAC;gBAE1B,MAAM,IAAI,KAAK,CAAC,KAAK,CAAC,CAAC;aAC1B;SACJ;aAAM;YACH,GAAG,CAAC,MAAM,CAAC,gCAAY,CAAC,CAAC,IAAI,CAAC;gBAC1B,KAAK,EAAE,oDAAoD;aAC9D,CAAC,CAAC;SACN;IACL,CAAC;CACJ,CAAC;AAEF,kBAAe,UAAU,CAAC"},"all":true},"/home/Ghost/Documents/Workspace/campusX/backend/campusX/dist/models/Campus.model.js":{"path":"/home/Ghost/Documents/Workspace/campusX/backend/campusX/dist/models/Campus.model.js","statementMap":{"0":{"start":{"line":2,"column":0},"end":{"line":2,"column":62}},"1":{"start":{"line":3,"column":16},"end":{"line":3,"column":32}},"2":{"start":{"line":4,"column":19},"end":{"line":4,"column":60}},"3":{"start":{"line":5,"column":21},"end":{"line":8,"column":2}},"4":{"start":{"line":9,"column":0},"end":{"line":9,"column":67}}},"fnMap":{},"branchMap":{},"s":{"0":0,"1":0,"2":0,"3":0,"4":0},"f":{},"b":{},"inputSourceMap":{"version":3,"file":"Campus.model.js","sourceRoot":"","sources":["../../src/models/Campus.model.ts"],"names":[],"mappings":";;;AAAA,6DAA2D;AAM3D,MAAM,YAAY,GAAW,IAAI,iBAAM,CAAC;IACtC,IAAI,EAAE,EAAC,IAAI,EAAE,MAAM,EAAC;IACpB,YAAY,EAAE,EAAC,IAAI,EAAE,MAAM,EAAC;CAC7B,CAAC,CAAC;AAEH,kBAAe,kBAAQ,CAAC,KAAK,CAAU,QAAQ,EAAE,YAAY,CAAC,CAAC"},"all":true},"/home/Ghost/Documents/Workspace/campusX/backend/campusX/dist/models/Follow.model.js":{"path":"/home/Ghost/Documents/Workspace/campusX/backend/campusX/dist/models/Follow.model.js","statementMap":{"0":{"start":{"line":2,"column":0},"end":{"line":2,"column":62}},"1":{"start":{"line":3,"column":16},"end":{"line":3,"column":32}},"2":{"start":{"line":4,"column":19},"end":{"line":4,"column":60}},"3":{"start":{"line":5,"column":22},"end":{"line":8,"column":2}},"4":{"start":{"line":9,"column":0},"end":{"line":9,"column":69}}},"fnMap":{},"branchMap":{},"s":{"0":0,"1":0,"2":0,"3":0,"4":0},"f":{},"b":{},"inputSourceMap":{"version":3,"file":"Follow.model.js","sourceRoot":"","sources":["../../src/models/Follow.model.ts"],"names":[],"mappings":";;;AAAA,6DAA2D;AAO3D,MAAM,aAAa,GAAW,IAAI,iBAAM,CAAC;IAEvC,MAAM,EAAE,EAAC,IAAI,EAAE,iBAAM,CAAC,KAAK,CAAC,QAAQ,EAAE,GAAG,EAAE,MAAM,EAAC;IAElD,QAAQ,EAAE,EAAC,IAAI,EAAE,iBAAM,CAAC,KAAK,CAAC,QAAQ,EAAE,GAAG,EAAE,MAAM,EAAC;CAErD,CAAC,CAAC;AAEH,kBAAe,kBAAQ,CAAC,KAAK,CAAW,SAAS,EAAE,aAAa,CAAC,CAAC"},"all":true},"/home/Ghost/Documents/Workspace/campusX/backend/campusX/dist/models/Following.model.js":{"path":"/home/Ghost/Documents/Workspace/campusX/backend/campusX/dist/models/Following.model.js","statementMap":{"0":{"start":{"line":2,"column":0},"end":{"line":2,"column":62}},"1":{"start":{"line":3,"column":16},"end":{"line":3,"column":32}},"2":{"start":{"line":4,"column":19},"end":{"line":4,"column":60}},"3":{"start":{"line":5,"column":24},"end":{"line":8,"column":2}},"4":{"start":{"line":9,"column":0},"end":{"line":9,"column":73}}},"fnMap":{},"branchMap":{},"s":{"0":0,"1":0,"2":0,"3":0,"4":0},"f":{},"b":{},"inputSourceMap":{"version":3,"file":"Following.model.js","sourceRoot":"","sources":["../../src/models/Following.model.ts"],"names":[],"mappings":";;;AAAA,6DAA2D;AAO3D,MAAM,eAAe,GAAW,IAAI,iBAAM,CAAC;IAEzC,QAAQ,EAAE,EAAC,IAAI,EAAE,iBAAM,CAAC,KAAK,CAAC,QAAQ,EAAE,GAAG,EAAE,MAAM,EAAC;IAGpD,MAAM,EAAE,EAAC,IAAI,EAAE,iBAAM,CAAC,KAAK,CAAC,QAAQ,EAAE,GAAG,EAAE,MAAM,EAAC;CAEnD,CAAC,CAAC;AAEH,kBAAe,kBAAQ,CAAC,KAAK,CAAa,WAAW,EAAE,eAAe,CAAC,CAAC"},"all":true},"/home/Ghost/Documents/Workspace/campusX/backend/campusX/dist/models/Post.model.js":{"path":"/home/Ghost/Documents/Workspace/campusX/backend/campusX/dist/models/Post.model.js","statementMap":{"0":{"start":{"line":2,"column":0},"end":{"line":2,"column":62}},"1":{"start":{"line":3,"column":16},"end":{"line":3,"column":32}},"2":{"start":{"line":4,"column":19},"end":{"line":4,"column":60}},"3":{"start":{"line":5,"column":19},"end":{"line":15,"column":2}},"4":{"start":{"line":16,"column":0},"end":{"line":18,"column":2}},"5":{"start":{"line":17,"column":4},"end":{"line":17,"column":22}},"6":{"start":{"line":19,"column":0},"end":{"line":29,"column":2}},"7":{"start":{"line":20,"column":15},"end":{"line":20,"column":28}},"8":{"start":{"line":21,"column":4},"end":{"line":28,"column":5}},"9":{"start":{"line":22,"column":8},"end":{"line":27,"column":9}},"10":{"start":{"line":23,"column":12},"end":{"line":23,"column":24}},"11":{"start":{"line":26,"column":12},"end":{"line":26,"column":25}},"12":{"start":{"line":30,"column":0},"end":{"line":30,"column":63}}},"fnMap":{"0":{"name":"(anonymous_0)","decl":{"start":{"line":16,"column":31},"end":{"line":16,"column":32}},"loc":{"start":{"line":16,"column":43},"end":{"line":18,"column":1}},"line":16},"1":{"name":"(anonymous_1)","decl":{"start":{"line":19,"column":32},"end":{"line":19,"column":33}},"loc":{"start":{"line":19,"column":46},"end":{"line":29,"column":1}},"line":19}},"branchMap":{"0":{"loc":{"start":{"line":22,"column":8},"end":{"line":27,"column":9}},"type":"if","locations":[{"start":{"line":22,"column":8},"end":{"line":27,"column":9}},{"start":{"line":22,"column":8},"end":{"line":27,"column":9}}],"line":22}},"s":{"0":0,"1":0,"2":0,"3":0,"4":0,"5":0,"6":0,"7":0,"8":0,"9":0,"10":0,"11":0,"12":0},"f":{"0":0,"1":0},"b":{"0":[0,0]},"inputSourceMap":{"version":3,"file":"Post.model.js","sourceRoot":"","sources":["../../src/models/Post.model.ts"],"names":[],"mappings":";;;AAEA,6DAA6D;AAG7D,MAAM,UAAU,GAAW,IAAI,iBAAM,CAAC;IAClC,MAAM,EAAE,EAAE,IAAI,EAAE,iBAAM,CAAC,KAAK,CAAC,QAAQ,EAAE,GAAG,EAAE,MAAM,EAAE;IACpD,IAAI,EAAE,EAAE,IAAI,EAAE,MAAM,EAAE;IACtB,KAAK,EAAE,EAAE,IAAI,EAAE,MAAM,EAAE,OAAO,EAAE,IAAI,EAAE;IACtC,KAAK,EAAE,EAAE,IAAI,EAAE,MAAM,EAAE,OAAO,EAAE,IAAI,EAAE;IACtC,KAAK,EAAE,EAAE,IAAI,EAAE,MAAM,EAAE,OAAO,EAAE,CAAC,EAAE;IACnC,QAAQ,EAAE,EAAE,IAAI,EAAE,MAAM,EAAE,OAAO,EAAE,CAAC,EAAE;IACtC,KAAK,EAAE,EAAE,IAAI,EAAE,MAAM,EAAE,OAAO,EAAE,CAAC,EAAE;IACnC,OAAO,EAAE,CAAC,EAAE,IAAI,EAAE,iBAAM,CAAC,KAAK,CAAC,QAAQ,EAAE,GAAG,EAAE,MAAM,EAAE,CAAC;IACvD,SAAS,EAAE,EAAE,IAAI,EAAE,MAAM,EAAE;CAC9B,CAAC,CAAC;AAEH,UAAU,CAAC,OAAO,CAAC,SAAS,GAAG;IAO3B,OAAO,IAAI,CAAC,KAAK,CAAC;AACtB,CAAC,CAAC;AAKF,UAAU,CAAC,OAAO,CAAC,UAAU,GAAG,UAAS,EAAU;IAC/C,MAAM,EAAE,GAAG,EAAE,CAAC,QAAQ,EAAE,CAAC;IACzB,KAAK,MAAM,IAAI,IAAI,IAAI,CAAC,OAAO,EAAE;QAC9B,IAAI,IAAI,KAAK,EAAE,EAAE;YACb,OAAO,IAAI,CAAC;SACf;aAAM;YACH,OAAO,KAAK,CAAC;SAChB;KACH;AACL,CAAC,CAAC;AAiBF,kBAAe,kBAAQ,CAAC,KAAK,CAAQ,MAAM,EAAE,UAAU,CAAC,CAAC"},"all":true},"/home/Ghost/Documents/Workspace/campusX/backend/campusX/dist/models/User.model.js":{"path":"/home/Ghost/Documents/Workspace/campusX/backend/campusX/dist/models/User.model.js","statementMap":{"0":{"start":{"line":2,"column":0},"end":{"line":2,"column":62}},"1":{"start":{"line":3,"column":16},"end":{"line":3,"column":32}},"2":{"start":{"line":4,"column":19},"end":{"line":4,"column":60}},"3":{"start":{"line":5,"column":26},"end":{"line":13,"column":2}},"4":{"start":{"line":14,"column":19},"end":{"line":24,"column":2}},"5":{"start":{"line":25,"column":0},"end":{"line":32,"column":2}},"6":{"start":{"line":26,"column":4},"end":{"line":31,"column":5}},"7":{"start":{"line":27,"column":8},"end":{"line":27,"column":20}},"8":{"start":{"line":30,"column":8},"end":{"line":30,"column":21}},"9":{"start":{"line":33,"column":0},"end":{"line":40,"column":2}},"10":{"start":{"line":34,"column":4},"end":{"line":39,"column":5}},"11":{"start":{"line":35,"column":8},"end":{"line":35,"column":20}},"12":{"start":{"line":38,"column":8},"end":{"line":38,"column":21}},"13":{"start":{"line":42,"column":4},"end":{"line":51,"column":5}},"14":{"start":{"line":43,"column":21},"end":{"line":43,"column":31}},"15":{"start":{"line":44,"column":8},"end":{"line":44,"column":35}},"16":{"start":{"line":45,"column":8},"end":{"line":50,"column":9}},"17":{"start":{"line":46,"column":12},"end":{"line":46,"column":24}},"18":{"start":{"line":49,"column":12},"end":{"line":49,"column":25}},"19":{"start":{"line":53,"column":0},"end":{"line":53,"column":63}}},"fnMap":{"0":{"name":"(anonymous_0)","decl":{"start":{"line":25,"column":37},"end":{"line":25,"column":38}},"loc":{"start":{"line":25,"column":51},"end":{"line":32,"column":1}},"line":25},"1":{"name":"(anonymous_1)","decl":{"start":{"line":33,"column":38},"end":{"line":33,"column":39}},"loc":{"start":{"line":33,"column":52},"end":{"line":40,"column":1}},"line":33},"2":{"name":"check","decl":{"start":{"line":41,"column":9},"end":{"line":41,"column":14}},"loc":{"start":{"line":41,"column":36},"end":{"line":52,"column":1}},"line":41}},"branchMap":{"0":{"loc":{"start":{"line":26,"column":4},"end":{"line":31,"column":5}},"type":"if","locations":[{"start":{"line":26,"column":4},"end":{"line":31,"column":5}},{"start":{"line":26,"column":4},"end":{"line":31,"column":5}}],"line":26},"1":{"loc":{"start":{"line":34,"column":4},"end":{"line":39,"column":5}},"type":"if","locations":[{"start":{"line":34,"column":4},"end":{"line":39,"column":5}},{"start":{"line":34,"column":4},"end":{"line":39,"column":5}}],"line":34},"2":{"loc":{"start":{"line":45,"column":8},"end":{"line":50,"column":9}},"type":"if","locations":[{"start":{"line":45,"column":8},"end":{"line":50,"column":9}},{"start":{"line":45,"column":8},"end":{"line":50,"column":9}}],"line":45}},"s":{"0":0,"1":0,"2":0,"3":0,"4":0,"5":0,"6":0,"7":0,"8":0,"9":0,"10":0,"11":0,"12":0,"13":0,"14":0,"15":0,"16":0,"17":0,"18":0,"19":0},"f":{"0":0,"1":0,"2":0},"b":{"0":[0,0],"1":[0,0],"2":[0,0]},"inputSourceMap":{"version":3,"file":"User.model.js","sourceRoot":"","sources":["../../src/models/User.model.ts"],"names":[],"mappings":";;;AAAA,6DAAoD;AAGpD,MAAM,iBAAiB,GAAW,IAAI,iBAAM,CAAC;IACzC,MAAM,EAAE,EAAC,IAAI,EAAE,MAAM,EAAC;IACtB,KAAK,EAAE,EAAC,IAAI,EAAE,MAAM,EAAC;IACrB,UAAU,EAAE,EAAC,IAAI,EAAE,MAAM,EAAC;IAC1B,MAAM,EAAE,EAAC,IAAI,EAAE,MAAM,EAAE,QAAQ,EAAE,IAAI,EAAC;IACtC,UAAU,EAAE,EAAC,IAAI,EAAE,MAAM,EAAE,OAAO,EAAE,CAAC,EAAC;IACtC,GAAG,EAAE,EAAC,IAAI,EAAE,MAAM,EAAC;IACnB,MAAM,EAAE,EAAC,IAAI,EAAE,MAAM,EAAC;CACzB,CAAC,CAAC;AAEH,MAAM,UAAU,GAAW,IAAI,iBAAM,CAAC;IAClC,IAAI,EAAE,EAAC,IAAI,EAAE,MAAM,EAAE,QAAQ,EAAE,IAAI,EAAC;IACpC,OAAO,EAAE,EAAC,IAAI,EAAE,MAAM,EAAE,QAAQ,EAAE,IAAI,EAAC;IACvC,KAAK,EAAE,EAAC,IAAI,EAAE,MAAM,EAAE,QAAQ,EAAE,IAAI,EAAC;IACrC,QAAQ,EAAE,EAAC,IAAI,EAAE,MAAM,EAAE,QAAQ,EAAE,IAAI,EAAC;IACxC,WAAW,EAAE,EAAC,IAAI,EAAE,MAAM,EAAC;IAC3B,MAAM,EAAE,EAAC,IAAI,EAAE,MAAM,EAAE,OAAO,EAAE,CAAC,EAAC;IAClC,WAAW,EAAE,iBAAiB;IAE9B,SAAS,EAAE,CAAC,EAAC,IAAI,EAAE,iBAAM,CAAC,KAAK,CAAC,QAAQ,EAAE,GAAG,EAAE,SAAS,EAAC,CAAC;IAE1D,UAAU,EAAE,CAAC,EAAC,IAAI,EAAE,iBAAM,CAAC,KAAK,CAAC,QAAQ,EAAE,GAAG,EAAE,WAAW,EAAC,CAAC;CAChE,CAAC,CAAC;AAIH,UAAU,CAAC,OAAO,CAAC,eAAe,GAAG,UAAS,EAAU;IACpD,IAAI,KAAK,CAAC,IAAI,CAAC,SAAS,EAAE,EAAE,EAAE,UAAU,CAAC,EAAE;QACvC,OAAO,IAAI,CAAC;KACf;SAAM;QACH,OAAO,KAAK,CAAC;KACf;AACN,CAAC,CAAC;AAGF,UAAU,CAAC,OAAO,CAAC,gBAAgB,GAAG,UAAS,EAAU;IACrD,IAAI,KAAK,CAAC,IAAI,CAAC,UAAU,EAAE,EAAE,EAAE,QAAQ,CAAC,EAAE;QACtC,OAAO,IAAI,CAAC;KACf;SAAM;QACH,OAAO,KAAK,CAAC;KAChB;AACL,CAAC,CAAC;AAGF,SAAS,KAAK,CAAC,KAAS,EAAE,KAAa,EAAE,KAAa;IAClD,KAAK,MAAM,GAAG,IAAI,KAAK,EAAE;QACrB,IAAI,MAAM,GAAG,GAAG,CAAC,KAAK,CAAW,CAAC;QAClC,MAAM,GAAG,MAAM,CAAC,QAAQ,EAAE,CAAC;QAE3B,IAAI,MAAM,KAAK,KAAK,EAAE;YAClB,OAAO,IAAI,CAAC;SACf;aAAM;YACH,OAAO,KAAK,CAAC;SAChB;KACJ;AACL,CAAC;AAED,kBAAe,kBAAQ,CAAC,KAAK,CAAQ,MAAM,EAAE,UAAU,CAAC,CAAC"},"all":true},"/home/Ghost/Documents/Workspace/campusX/backend/campusX/dist/routes/Base.js":{"path":"/home/Ghost/Documents/Workspace/campusX/backend/campusX/dist/routes/Base.js","statementMap":{"0":{"start":{"line":2,"column":0},"end":{"line":2,"column":62}},"1":{"start":{"line":3,"column":16},"end":{"line":3,"column":32}},"2":{"start":{"line":4,"column":18},"end":{"line":4,"column":36}},"3":{"start":{"line":5,"column":16},"end":{"line":5,"column":65}},"4":{"start":{"line":6,"column":15},"end":{"line":6,"column":63}},"5":{"start":{"line":7,"column":15},"end":{"line":7,"column":33}},"6":{"start":{"line":8,"column":13},"end":{"line":8,"column":22}},"7":{"start":{"line":9,"column":0},"end":{"line":9,"column":57}},"8":{"start":{"line":10,"column":0},"end":{"line":10,"column":55}},"9":{"start":{"line":11,"column":0},"end":{"line":11,"column":35}}},"fnMap":{},"branchMap":{},"s":{"0":0,"1":0,"2":0,"3":0,"4":0,"5":0,"6":0,"7":0,"8":0,"9":0},"f":{},"b":{},"inputSourceMap":{"version":3,"file":"Base.js","sourceRoot":"","sources":["../../src/routes/Base.ts"],"names":[],"mappings":";;;AAAA,qCAAiC;AACjC,kEAAuC;AACvC,gEAAsC;AAEtC,MAAM,MAAM,GAAG,gBAAM,EAAE,CAAC;AACxB,MAAM,IAAI,GAAG,SAAS,CAAC;AAGvB,MAAM,CAAC,GAAG,CAAC,eAAU,CAAC,IAAI,EAAE,eAAU,CAAC,MAAM,CAAC,CAAC;AAC/C,MAAM,CAAC,GAAG,CAAC,cAAU,CAAC,IAAI,EAAE,cAAU,CAAC,MAAM,CAAC,CAAC;AAG/C,kBAAe,EAAE,MAAM,EAAE,IAAI,EAAE,CAAC"},"all":true},"/home/Ghost/Documents/Workspace/campusX/backend/campusX/dist/routes/posts/Post.js":{"path":"/home/Ghost/Documents/Workspace/campusX/backend/campusX/dist/routes/posts/Post.js","statementMap":{"0":{"start":{"line":2,"column":0},"end":{"line":2,"column":62}},"1":{"start":{"line":3,"column":16},"end":{"line":3,"column":32}},"2":{"start":{"line":4,"column":18},"end":{"line":4,"column":36}},"3":{"start":{"line":5,"column":21},"end":{"line":5,"column":80}},"4":{"start":{"line":6,"column":17},"end":{"line":6,"column":59}},"5":{"start":{"line":7,"column":28},"end":{"line":7,"column":56}},"6":{"start":{"line":8,"column":17},"end":{"line":8,"column":47}},"7":{"start":{"line":9,"column":15},"end":{"line":9,"column":48}},"8":{"start":{"line":10,"column":15},"end":{"line":10,"column":72}},"9":{"start":{"line":11,"column":15},"end":{"line":11,"column":33}},"10":{"start":{"line":12,"column":13},"end":{"line":12,"column":20}},"11":{"start":{"line":13,"column":13},"end":{"line":13,"column":41}},"12":{"start":{"line":14,"column":0},"end":{"line":14,"column":35}},"13":{"start":{"line":15,"column":0},"end":{"line":35,"column":4}},"14":{"start":{"line":15,"column":56},"end":{"line":35,"column":2}},"15":{"start":{"line":16,"column":4},"end":{"line":34,"column":5}},"16":{"start":{"line":17,"column":21},"end":{"line":23,"column":10}},"17":{"start":{"line":24,"column":8},"end":{"line":24,"column":20}},"18":{"start":{"line":25,"column":8},"end":{"line":27,"column":11}},"19":{"start":{"line":30,"column":8},"end":{"line":30,"column":52}},"20":{"start":{"line":31,"column":8},"end":{"line":33,"column":11}},"21":{"start":{"line":36,"column":0},"end":{"line":36,"column":44}},"22":{"start":{"line":37,"column":0},"end":{"line":50,"column":4}},"23":{"start":{"line":37,"column":53},"end":{"line":50,"column":2}},"24":{"start":{"line":38,"column":4},"end":{"line":49,"column":5}},"25":{"start":{"line":39,"column":22},"end":{"line":39,"column":92}},"26":{"start":{"line":40,"column":8},"end":{"line":42,"column":11}},"27":{"start":{"line":45,"column":8},"end":{"line":45,"column":52}},"28":{"start":{"line":46,"column":8},"end":{"line":48,"column":11}},"29":{"start":{"line":51,"column":0},"end":{"line":51,"column":50}},"30":{"start":{"line":52,"column":0},"end":{"line":64,"column":4}},"31":{"start":{"line":52,"column":52},"end":{"line":64,"column":2}},"32":{"start":{"line":53,"column":4},"end":{"line":63,"column":5}},"33":{"start":{"line":54,"column":22},"end":{"line":54,"column":59}},"34":{"start":{"line":55,"column":8},"end":{"line":57,"column":11}},"35":{"start":{"line":60,"column":8},"end":{"line":62,"column":11}},"36":{"start":{"line":65,"column":0},"end":{"line":65,"column":31}},"37":{"start":{"line":66,"column":0},"end":{"line":79,"column":4}},"38":{"start":{"line":66,"column":54},"end":{"line":79,"column":2}},"39":{"start":{"line":67,"column":4},"end":{"line":78,"column":5}},"40":{"start":{"line":68,"column":8},"end":{"line":68,"column":34}},"41":{"start":{"line":69,"column":8},"end":{"line":71,"column":11}},"42":{"start":{"line":74,"column":8},"end":{"line":74,"column":52}},"43":{"start":{"line":75,"column":8},"end":{"line":77,"column":11}},"44":{"start":{"line":80,"column":0},"end":{"line":80,"column":37}},"45":{"start":{"line":81,"column":0},"end":{"line":93,"column":4}},"46":{"start":{"line":81,"column":57},"end":{"line":93,"column":2}},"47":{"start":{"line":82,"column":4},"end":{"line":92,"column":5}},"48":{"start":{"line":83,"column":8},"end":{"line":83,"column":37}},"49":{"start":{"line":84,"column":8},"end":{"line":86,"column":11}},"50":{"start":{"line":89,"column":8},"end":{"line":91,"column":11}},"51":{"start":{"line":94,"column":0},"end":{"line":94,"column":33}},"52":{"start":{"line":95,"column":0},"end":{"line":107,"column":4}},"53":{"start":{"line":95,"column":55},"end":{"line":107,"column":2}},"54":{"start":{"line":96,"column":4},"end":{"line":106,"column":5}},"55":{"start":{"line":97,"column":8},"end":{"line":97,"column":35}},"56":{"start":{"line":98,"column":8},"end":{"line":100,"column":11}},"57":{"start":{"line":103,"column":8},"end":{"line":105,"column":11}},"58":{"start":{"line":108,"column":0},"end":{"line":108,"column":35}}},"fnMap":{"0":{"name":"(anonymous_0)","decl":{"start":{"line":15,"column":42},"end":{"line":15,"column":43}},"loc":{"start":{"line":15,"column":56},"end":{"line":35,"column":2}},"line":15},"1":{"name":"(anonymous_1)","decl":{"start":{"line":15,"column":96},"end":{"line":15,"column":97}},"loc":{"start":{"line":15,"column":109},"end":{"line":35,"column":1}},"line":15},"2":{"name":"(anonymous_2)","decl":{"start":{"line":37,"column":39},"end":{"line":37,"column":40}},"loc":{"start":{"line":37,"column":53},"end":{"line":50,"column":2}},"line":37},"3":{"name":"(anonymous_3)","decl":{"start":{"line":37,"column":93},"end":{"line":37,"column":94}},"loc":{"start":{"line":37,"column":106},"end":{"line":50,"column":1}},"line":37},"4":{"name":"(anonymous_4)","decl":{"start":{"line":52,"column":38},"end":{"line":52,"column":39}},"loc":{"start":{"line":52,"column":52},"end":{"line":64,"column":2}},"line":52},"5":{"name":"(anonymous_5)","decl":{"start":{"line":52,"column":92},"end":{"line":52,"column":93}},"loc":{"start":{"line":52,"column":105},"end":{"line":64,"column":1}},"line":52},"6":{"name":"(anonymous_6)","decl":{"start":{"line":66,"column":40},"end":{"line":66,"column":41}},"loc":{"start":{"line":66,"column":54},"end":{"line":79,"column":2}},"line":66},"7":{"name":"(anonymous_7)","decl":{"start":{"line":66,"column":94},"end":{"line":66,"column":95}},"loc":{"start":{"line":66,"column":107},"end":{"line":79,"column":1}},"line":66},"8":{"name":"(anonymous_8)","decl":{"start":{"line":81,"column":43},"end":{"line":81,"column":44}},"loc":{"start":{"line":81,"column":57},"end":{"line":93,"column":2}},"line":81},"9":{"name":"(anonymous_9)","decl":{"start":{"line":81,"column":97},"end":{"line":81,"column":98}},"loc":{"start":{"line":81,"column":110},"end":{"line":93,"column":1}},"line":81},"10":{"name":"(anonymous_10)","decl":{"start":{"line":95,"column":41},"end":{"line":95,"column":42}},"loc":{"start":{"line":95,"column":55},"end":{"line":107,"column":2}},"line":95},"11":{"name":"(anonymous_11)","decl":{"start":{"line":95,"column":95},"end":{"line":95,"column":96}},"loc":{"start":{"line":95,"column":108},"end":{"line":107,"column":1}},"line":95}},"branchMap":{},"s":{"0":0,"1":0,"2":0,"3":0,"4":0,"5":0,"6":0,"7":0,"8":0,"9":0,"10":0,"11":0,"12":0,"13":0,"14":0,"15":0,"16":0,"17":0,"18":0,"19":0,"20":0,"21":0,"22":0,"23":0,"24":0,"25":0,"26":0,"27":0,"28":0,"29":0,"30":0,"31":0,"32":0,"33":0,"34":0,"35":0,"36":0,"37":0,"38":0,"39":0,"40":0,"41":0,"42":0,"43":0,"44":0,"45":0,"46":0,"47":0,"48":0,"49":0,"50":0,"51":0,"52":0,"53":0,"54":0,"55":0,"56":0,"57":0,"58":0},"f":{"0":0,"1":0,"2":0,"3":0,"4":0,"5":0,"6":0,"7":0,"8":0,"9":0,"10":0,"11":0},"b":{},"inputSourceMap":{"version":3,"file":"Post.js","sourceRoot":"","sources":["../../../src/routes/posts/Post.ts"],"names":[],"mappings":";;;AAAA,qCAAoD;AACpD,iFAAgD;AAChD,4DAA4B;AAC5B,yDAAuE;AACvE,gDAA6C;AAC7C,iDAAoG;AACpG,yEAA+C;AAC/C,MAAM,MAAM,GAAG,gBAAM,EAAE,CAAC;AACxB,MAAM,IAAI,GAAG,OAAO,CAAC;AAErB,MAAM,IAAI,GAAG,cAAU,CAAC,aAAa,CAAC;AAIzB,QAAA,cAAc,GAAG,SAAS,CAAC;AAExC,MAAM,CAAC,IAAI,CAAC,sBAAc,EAAE,IAAI,EAAE,CAAO,GAAY,EAAE,GAAa,EAAE,EAAE;IAGpE,IAAI;QAGA,MAAM,IAAI,GAAG,MAAM,IAAI,oBAAS,CAAC;YAC7B,MAAM,EAAE,GAAG,CAAC,KAAK,CAAC,IAAI,CAAC,GAAG;YAC1B,IAAI,EAAE,GAAG,CAAC,IAAI,CAAC,IAAI;YACnB,KAAK,EAAE,GAAG,CAAC,IAAI,CAAC,KAAK;YACrB,KAAK,EAAE,GAAG,CAAC,IAAI,CAAC,KAAK;YACrB,SAAS,EAAE,gBAAM,EAAE,CAAC,MAAM,CAAC,KAAK,CAAC;SACpC,CAAC,CAAC;QAEH,IAAI,CAAC,IAAI,EAAE,CAAC;QACZ,GAAG,CAAC,MAAM,CAAC,2BAAO,CAAC,CAAC,IAAI,CAAC;YACrB,OAAO,EAAE,QAAQ;SACpB,CAAC,CAAC;KACN;IAAC,OAAO,KAAK,EAAE;QACZ,eAAM,CAAC,KAAK,CAAC,KAAK,EAAE,KAAK,CAAC,OAAO,CAAC,CAAC;QACnC,GAAG,CAAC,MAAM,CAAC,yCAAqB,CAAC,CAAC,IAAI,CAAC;YACnC,GAAG,EAAE,uBAAuB;SAC/B,CAAC,CAAC;KACN;AAEL,CAAC,CAAA,CAAC,CAAC;AAKU,QAAA,YAAY,GAAG,oBAAoB,CAAC;AAGjD,MAAM,CAAC,GAAG,CAAC,oBAAY,EAAE,IAAI,EAAE,CAAO,GAAY,EAAE,GAAa,EAAE,EAAE;IACjE,IAAI;QACA,MAAM,KAAK,GAAG,MAAM,eAAQ,CAAC,GAAG,EAAE,GAAG,EAAE,EAAE,WAAW,EAAE,EAAE,UAAU,EAAE,IAAI,EAAE,EAAE,CAAC,CAAC;QAC9E,GAAG,CAAC,MAAM,CAAC,sBAAE,CAAC,CAAC,IAAI,CAAC;YAChB,KAAK;SACR,CAAC,CAAC;KACN;IAAC,OAAO,KAAK,EAAE;QACZ,eAAM,CAAC,KAAK,CAAC,KAAK,EAAE,KAAK,CAAC,OAAO,CAAC,CAAC;QACnC,GAAG,CAAC,MAAM,CAAC,yCAAqB,CAAC,CAAC,IAAI,CAAC;YACnC,GAAG,EAAE,0CAA0C;SAClD,CAAC,CAAC;KACN;AACL,CAAC,CAAA,CAAC,CAAC;AAKU,QAAA,iBAAiB,GAAG,qBAAqB,CAAC;AAEvD,MAAM,CAAC,GAAG,CAAC,yBAAiB,EAAE,CAAO,GAAY,EAAE,GAAa,EAAE,EAAE;IAChE,IAAI;QACA,MAAM,KAAK,GAAG,MAAM,qBAAc,CAAC,GAAG,EAAE,GAAG,CAAC,CAAC;QAC7C,GAAG,CAAC,MAAM,CAAC,sBAAE,CAAC,CAAC,IAAI,CAAC;YAChB,KAAK;SACR,CAAC,CAAC;KACN;IAAC,OAAO,KAAK,EAAE;QACZ,GAAG,CAAC,MAAM,CAAC,yCAAqB,CAAC,CAAC,IAAI,CAAC;YACnC,GAAG,EAAE,uBAAuB;SAC/B,CAAC,CAAC;KACN;AACL,CAAC,CAAA,CAAC,CAAC;AAMU,QAAA,YAAY,GAAG,OAAO,CAAC;AAEpC,MAAM,CAAC,IAAI,CAAC,oBAAY,EAAE,IAAI,EAAE,CAAO,GAAY,EAAE,GAAa,EAAE,EAAE;IAClE,IAAI;QACA,eAAQ,CAAC,GAAG,EAAE,GAAG,CAAC,CAAC;QACnB,GAAG,CAAC,MAAM,CAAC,sBAAE,CAAC,CAAC,IAAI,CAAC;YAChB,OAAO,EAAE,OAAO;SACnB,CAAC,CAAC;KACN;IAAC,OAAO,KAAK,EAAE;QACZ,eAAM,CAAC,KAAK,CAAC,KAAK,EAAE,KAAK,CAAC,OAAO,CAAC,CAAC;QACnC,GAAG,CAAC,MAAM,CAAC,yCAAqB,CAAC,CAAC,IAAI,CAAC;YACnC,GAAG,EAAE,8BAA8B;SACtC,CAAC,CAAC;KACN;AACL,CAAC,CAAA,CAAC,CAAC;AAKU,QAAA,eAAe,GAAG,UAAU,CAAC;AAC1C,MAAM,CAAC,IAAI,CAAC,uBAAe,EAAE,IAAI,EAAE,CAAO,GAAY,EAAE,GAAa,EAAE,EAAE;IACrE,IAAI;QACA,kBAAW,CAAC,GAAG,EAAE,GAAG,CAAC,CAAC;QACtB,GAAG,CAAC,MAAM,CAAC,sBAAE,CAAC,CAAC,IAAI,CAAC;YAChB,OAAO,EAAE,UAAU;SACtB,CAAC,CAAC;KACN;IAAC,OAAO,KAAK,EAAE;QACZ,GAAG,CAAC,MAAM,CAAC,yCAAqB,CAAC,CAAC,IAAI,CAAC;YACnC,GAAG,EAAE,uBAAuB;SAC/B,CAAC,CAAC;KACN;AACL,CAAC,CAAA,CAAC,CAAC;AAKU,QAAA,aAAa,GAAG,QAAQ,CAAC;AACtC,MAAM,CAAC,IAAI,CAAC,qBAAa,EAAE,IAAI,EAAE,CAAO,GAAY,EAAE,GAAa,EAAE,EAAE;IACnE,IAAI;QACA,gBAAS,CAAC,GAAG,EAAE,GAAG,CAAC,CAAC;QACpB,GAAG,CAAC,MAAM,CAAC,sBAAE,CAAC,CAAC,IAAI,CAAC;YAChB,OAAO,EAAE,SAAS;SACrB,CAAC,CAAC;KACN;IAAC,OAAO,KAAK,EAAE;QACZ,GAAG,CAAC,MAAM,CAAC,yCAAqB,CAAC,CAAC,IAAI,CAAC;YACnC,GAAG,EAAE,uBAAuB;SAC/B,CAAC,CAAC;KACN;AACL,CAAC,CAAA,CAAC,CAAA;AACF,kBAAe,EAAE,MAAM,EAAE,IAAI,EAAE,CAAC"},"all":true},"/home/Ghost/Documents/Workspace/campusX/backend/campusX/dist/routes/users/Users.js":{"path":"/home/Ghost/Documents/Workspace/campusX/backend/campusX/dist/routes/users/Users.js","statementMap":{"0":{"start":{"line":2,"column":0},"end":{"line":2,"column":62}},"1":{"start":{"line":3,"column":16},"end":{"line":3,"column":32}},"2":{"start":{"line":4,"column":17},"end":{"line":4,"column":47}},"3":{"start":{"line":5,"column":18},"end":{"line":5,"column":36}},"4":{"start":{"line":6,"column":28},"end":{"line":6,"column":56}},"5":{"start":{"line":7,"column":21},"end":{"line":7,"column":80}},"6":{"start":{"line":8,"column":17},"end":{"line":8,"column":59}},"7":{"start":{"line":9,"column":23},"end":{"line":9,"column":71}},"8":{"start":{"line":10,"column":21},"end":{"line":10,"column":80}},"9":{"start":{"line":11,"column":23},"end":{"line":11,"column":84}},"10":{"start":{"line":12,"column":26},"end":{"line":12,"column":90}},"11":{"start":{"line":13,"column":19},"end":{"line":13,"column":56}},"12":{"start":{"line":14,"column":18},"end":{"line":14,"column":61}},"13":{"start":{"line":15,"column":17},"end":{"line":15,"column":59}},"14":{"start":{"line":16,"column":15},"end":{"line":16,"column":72}},"15":{"start":{"line":17,"column":15},"end":{"line":17,"column":33}},"16":{"start":{"line":18,"column":13},"end":{"line":18,"column":21}},"17":{"start":{"line":19,"column":13},"end":{"line":19,"column":41}},"18":{"start":{"line":20,"column":16},"end":{"line":20,"column":48}},"19":{"start":{"line":21,"column":15},"end":{"line":21,"column":44}},"20":{"start":{"line":22,"column":0},"end":{"line":22,"column":35}},"21":{"start":{"line":23,"column":0},"end":{"line":73,"column":4}},"22":{"start":{"line":23,"column":50},"end":{"line":73,"column":2}},"23":{"start":{"line":24,"column":4},"end":{"line":72,"column":5}},"24":{"start":{"line":25,"column":26},"end":{"line":25,"column":92}},"25":{"start":{"line":26,"column":8},"end":{"line":67,"column":9}},"26":{"start":{"line":27,"column":12},"end":{"line":29,"column":15}},"27":{"start":{"line":32,"column":12},"end":{"line":66,"column":13}},"28":{"start":{"line":33,"column":36},"end":{"line":39,"column":17}},"29":{"start":{"line":40,"column":29},"end":{"line":47,"column":18}},"30":{"start":{"line":48,"column":35},"end":{"line":48,"column":39}},"31":{"start":{"line":49,"column":16},"end":{"line":60,"column":20}},"32":{"start":{"line":49,"column":84},"end":{"line":60,"column":18}},"33":{"start":{"line":50,"column":20},"end":{"line":50,"column":43}},"34":{"start":{"line":51,"column":34},"end":{"line":51,"column":51}},"35":{"start":{"line":52,"column":36},"end":{"line":52,"column":44}},"36":{"start":{"line":53,"column":35},"end":{"line":53,"column":57}},"37":{"start":{"line":54,"column":34},"end":{"line":54,"column":78}},"38":{"start":{"line":55,"column":20},"end":{"line":59,"column":23}},"39":{"start":{"line":63,"column":16},"end":{"line":65,"column":19}},"40":{"start":{"line":70,"column":8},"end":{"line":70,"column":52}},"41":{"start":{"line":71,"column":8},"end":{"line":71,"column":112}},"42":{"start":{"line":74,"column":0},"end":{"line":74,"column":29}},"43":{"start":{"line":75,"column":0},"end":{"line":75,"column":58}},"44":{"start":{"line":76,"column":0},"end":{"line":113,"column":4}},"45":{"start":{"line":76,"column":45},"end":{"line":113,"column":2}},"46":{"start":{"line":77,"column":4},"end":{"line":112,"column":5}},"47":{"start":{"line":78,"column":21},"end":{"line":78,"column":82}},"48":{"start":{"line":79,"column":8},"end":{"line":105,"column":9}},"49":{"start":{"line":80,"column":33},"end":{"line":80,"column":46}},"50":{"start":{"line":81,"column":36},"end":{"line":81,"column":53}},"51":{"start":{"line":82,"column":12},"end":{"line":99,"column":15}},"52":{"start":{"line":83,"column":16},"end":{"line":83,"column":60}},"53":{"start":{"line":84,"column":16},"end":{"line":98,"column":17}},"54":{"start":{"line":85,"column":36},"end":{"line":85,"column":44}},"55":{"start":{"line":86,"column":35},"end":{"line":86,"column":57}},"56":{"start":{"line":87,"column":34},"end":{"line":87,"column":78}},"57":{"start":{"line":88,"column":20},"end":{"line":92,"column":23}},"58":{"start":{"line":95,"column":20},"end":{"line":97,"column":23}},"59":{"start":{"line":102,"column":12},"end":{"line":104,"column":15}},"60":{"start":{"line":108,"column":8},"end":{"line":108,"column":52}},"61":{"start":{"line":109,"column":8},"end":{"line":111,"column":11}},"62":{"start":{"line":114,"column":0},"end":{"line":114,"column":31}},"63":{"start":{"line":115,"column":0},"end":{"line":115,"column":58}},"64":{"start":{"line":116,"column":0},"end":{"line":138,"column":4}},"65":{"start":{"line":116,"column":52},"end":{"line":138,"column":2}},"66":{"start":{"line":117,"column":4},"end":{"line":137,"column":5}},"67":{"start":{"line":118,"column":23},"end":{"line":121,"column":10}},"68":{"start":{"line":122,"column":26},"end":{"line":125,"column":10}},"69":{"start":{"line":126,"column":8},"end":{"line":126,"column":111}},"70":{"start":{"line":127,"column":8},"end":{"line":127,"column":116}},"71":{"start":{"line":128,"column":8},"end":{"line":128,"column":25}},"72":{"start":{"line":129,"column":8},"end":{"line":129,"column":22}},"73":{"start":{"line":130,"column":8},"end":{"line":132,"column":11}},"74":{"start":{"line":135,"column":8},"end":{"line":135,"column":52}},"75":{"start":{"line":136,"column":8},"end":{"line":136,"column":106}},"76":{"start":{"line":139,"column":0},"end":{"line":139,"column":50}},"77":{"start":{"line":140,"column":0},"end":{"line":140,"column":72}},"78":{"start":{"line":141,"column":0},"end":{"line":183,"column":4}},"79":{"start":{"line":141,"column":52},"end":{"line":183,"column":2}},"80":{"start":{"line":142,"column":4},"end":{"line":182,"column":5}},"81":{"start":{"line":143,"column":8},"end":{"line":175,"column":9}},"82":{"start":{"line":145,"column":34},"end":{"line":147,"column":27}},"83":{"start":{"line":148,"column":16},"end":{"line":150,"column":19}},"84":{"start":{"line":151,"column":16},"end":{"line":151,"column":22}},"85":{"start":{"line":153,"column":35},"end":{"line":155,"column":27}},"86":{"start":{"line":156,"column":16},"end":{"line":158,"column":19}},"87":{"start":{"line":159,"column":16},"end":{"line":159,"column":22}},"88":{"start":{"line":161,"column":39},"end":{"line":162,"column":85}},"89":{"start":{"line":163,"column":16},"end":{"line":167,"column":19}},"90":{"start":{"line":168,"column":16},"end":{"line":168,"column":22}},"91":{"start":{"line":170,"column":29},"end":{"line":170,"column":108}},"92":{"start":{"line":171,"column":16},"end":{"line":173,"column":19}},"93":{"start":{"line":174,"column":16},"end":{"line":174,"column":22}},"94":{"start":{"line":178,"column":8},"end":{"line":178,"column":52}},"95":{"start":{"line":179,"column":8},"end":{"line":181,"column":11}},"96":{"start":{"line":184,"column":0},"end":{"line":184,"column":35}},"97":{"start":{"line":185,"column":0},"end":{"line":185,"column":45}},"98":{"start":{"line":186,"column":0},"end":{"line":202,"column":4}},"99":{"start":{"line":186,"column":50},"end":{"line":202,"column":2}},"100":{"start":{"line":187,"column":4},"end":{"line":201,"column":5}},"101":{"start":{"line":188,"column":22},"end":{"line":188,"column":36}},"102":{"start":{"line":189,"column":19},"end":{"line":189,"column":30}},"103":{"start":{"line":190,"column":23},"end":{"line":190,"column":38}},"104":{"start":{"line":191,"column":8},"end":{"line":195,"column":11}},"105":{"start":{"line":192,"column":12},"end":{"line":194,"column":15}},"106":{"start":{"line":198,"column":8},"end":{"line":200,"column":11}},"107":{"start":{"line":203,"column":0},"end":{"line":203,"column":41}},"108":{"start":{"line":204,"column":0},"end":{"line":216,"column":4}},"109":{"start":{"line":204,"column":50},"end":{"line":216,"column":2}},"110":{"start":{"line":205,"column":4},"end":{"line":215,"column":5}},"111":{"start":{"line":206,"column":25},"end":{"line":206,"column":63}},"112":{"start":{"line":207,"column":8},"end":{"line":209,"column":11}},"113":{"start":{"line":212,"column":8},"end":{"line":214,"column":11}},"114":{"start":{"line":217,"column":0},"end":{"line":217,"column":33}},"115":{"start":{"line":218,"column":0},"end":{"line":257,"column":4}},"116":{"start":{"line":218,"column":52},"end":{"line":257,"column":2}},"117":{"start":{"line":219,"column":4},"end":{"line":256,"column":5}},"118":{"start":{"line":220,"column":25},"end":{"line":220,"column":27}},"119":{"start":{"line":221,"column":30},"end":{"line":221,"column":32}},"120":{"start":{"line":222,"column":27},"end":{"line":230,"column":75}},"121":{"start":{"line":231,"column":8},"end":{"line":233,"column":9}},"122":{"start":{"line":232,"column":12},"end":{"line":232,"column":146}},"123":{"start":{"line":234,"column":29},"end":{"line":242,"column":75}},"124":{"start":{"line":243,"column":8},"end":{"line":245,"column":9}},"125":{"start":{"line":244,"column":12},"end":{"line":244,"column":151}},"126":{"start":{"line":246,"column":8},"end":{"line":249,"column":11}},"127":{"start":{"line":252,"column":8},"end":{"line":252,"column":37}},"128":{"start":{"line":253,"column":8},"end":{"line":255,"column":11}},"129":{"start":{"line":258,"column":0},"end":{"line":258,"column":44}},"130":{"start":{"line":259,"column":0},"end":{"line":289,"column":4}},"131":{"start":{"line":259,"column":82},"end":{"line":289,"column":2}},"132":{"start":{"line":260,"column":4},"end":{"line":288,"column":5}},"133":{"start":{"line":261,"column":21},"end":{"line":261,"column":29}},"134":{"start":{"line":262,"column":26},"end":{"line":262,"column":74}},"135":{"start":{"line":263,"column":25},"end":{"line":267,"column":10}},"136":{"start":{"line":268,"column":23},"end":{"line":274,"column":9}},"137":{"start":{"line":275,"column":8},"end":{"line":284,"column":11}},"138":{"start":{"line":276,"column":12},"end":{"line":283,"column":13}},"139":{"start":{"line":277,"column":16},"end":{"line":277,"column":73}},"140":{"start":{"line":278,"column":16},"end":{"line":278,"column":43}},"141":{"start":{"line":281,"column":16},"end":{"line":281,"column":123}},"142":{"start":{"line":282,"column":16},"end":{"line":282,"column":66}},"143":{"start":{"line":287,"column":8},"end":{"line":287,"column":52}},"144":{"start":{"line":290,"column":0},"end":{"line":290,"column":61}},"145":{"start":{"line":291,"column":0},"end":{"line":306,"column":4}},"146":{"start":{"line":291,"column":66},"end":{"line":306,"column":2}},"147":{"start":{"line":292,"column":4},"end":{"line":305,"column":5}},"148":{"start":{"line":293,"column":26},"end":{"line":294,"column":94}},"149":{"start":{"line":295,"column":8},"end":{"line":295,"column":34}},"150":{"start":{"line":296,"column":8},"end":{"line":298,"column":11}},"151":{"start":{"line":301,"column":8},"end":{"line":301,"column":37}},"152":{"start":{"line":302,"column":8},"end":{"line":304,"column":11}},"153":{"start":{"line":307,"column":0},"end":{"line":307,"column":35}}},"fnMap":{"0":{"name":"(anonymous_0)","decl":{"start":{"line":23,"column":36},"end":{"line":23,"column":37}},"loc":{"start":{"line":23,"column":50},"end":{"line":73,"column":2}},"line":23},"1":{"name":"(anonymous_1)","decl":{"start":{"line":23,"column":90},"end":{"line":23,"column":91}},"loc":{"start":{"line":23,"column":103},"end":{"line":73,"column":1}},"line":23},"2":{"name":"(anonymous_2)","decl":{"start":{"line":49,"column":65},"end":{"line":49,"column":66}},"loc":{"start":{"line":49,"column":84},"end":{"line":60,"column":18}},"line":49},"3":{"name":"(anonymous_3)","decl":{"start":{"line":49,"column":124},"end":{"line":49,"column":125}},"loc":{"start":{"line":49,"column":137},"end":{"line":60,"column":17}},"line":49},"4":{"name":"(anonymous_4)","decl":{"start":{"line":76,"column":31},"end":{"line":76,"column":32}},"loc":{"start":{"line":76,"column":45},"end":{"line":113,"column":2}},"line":76},"5":{"name":"(anonymous_5)","decl":{"start":{"line":76,"column":85},"end":{"line":76,"column":86}},"loc":{"start":{"line":76,"column":98},"end":{"line":113,"column":1}},"line":76},"6":{"name":"(anonymous_6)","decl":{"start":{"line":82,"column":68},"end":{"line":82,"column":69}},"loc":{"start":{"line":82,"column":87},"end":{"line":99,"column":13}},"line":82},"7":{"name":"(anonymous_7)","decl":{"start":{"line":116,"column":38},"end":{"line":116,"column":39}},"loc":{"start":{"line":116,"column":52},"end":{"line":138,"column":2}},"line":116},"8":{"name":"(anonymous_8)","decl":{"start":{"line":116,"column":92},"end":{"line":116,"column":93}},"loc":{"start":{"line":116,"column":105},"end":{"line":138,"column":1}},"line":116},"9":{"name":"(anonymous_9)","decl":{"start":{"line":141,"column":38},"end":{"line":141,"column":39}},"loc":{"start":{"line":141,"column":52},"end":{"line":183,"column":2}},"line":141},"10":{"name":"(anonymous_10)","decl":{"start":{"line":141,"column":92},"end":{"line":141,"column":93}},"loc":{"start":{"line":141,"column":105},"end":{"line":183,"column":1}},"line":141},"11":{"name":"(anonymous_11)","decl":{"start":{"line":186,"column":36},"end":{"line":186,"column":37}},"loc":{"start":{"line":186,"column":50},"end":{"line":202,"column":2}},"line":186},"12":{"name":"(anonymous_12)","decl":{"start":{"line":186,"column":90},"end":{"line":186,"column":91}},"loc":{"start":{"line":186,"column":103},"end":{"line":202,"column":1}},"line":186},"13":{"name":"(anonymous_13)","decl":{"start":{"line":191,"column":80},"end":{"line":191,"column":81}},"loc":{"start":{"line":191,"column":89},"end":{"line":195,"column":9}},"line":191},"14":{"name":"(anonymous_14)","decl":{"start":{"line":204,"column":36},"end":{"line":204,"column":37}},"loc":{"start":{"line":204,"column":50},"end":{"line":216,"column":2}},"line":204},"15":{"name":"(anonymous_15)","decl":{"start":{"line":204,"column":90},"end":{"line":204,"column":91}},"loc":{"start":{"line":204,"column":103},"end":{"line":216,"column":1}},"line":204},"16":{"name":"(anonymous_16)","decl":{"start":{"line":218,"column":38},"end":{"line":218,"column":39}},"loc":{"start":{"line":218,"column":52},"end":{"line":257,"column":2}},"line":218},"17":{"name":"(anonymous_17)","decl":{"start":{"line":218,"column":92},"end":{"line":218,"column":93}},"loc":{"start":{"line":218,"column":105},"end":{"line":257,"column":1}},"line":218},"18":{"name":"(anonymous_18)","decl":{"start":{"line":259,"column":68},"end":{"line":259,"column":69}},"loc":{"start":{"line":259,"column":82},"end":{"line":289,"column":2}},"line":259},"19":{"name":"(anonymous_19)","decl":{"start":{"line":259,"column":122},"end":{"line":259,"column":123}},"loc":{"start":{"line":259,"column":135},"end":{"line":289,"column":1}},"line":259},"20":{"name":"(anonymous_20)","decl":{"start":{"line":275,"column":32},"end":{"line":275,"column":33}},"loc":{"start":{"line":275,"column":47},"end":{"line":284,"column":9}},"line":275},"21":{"name":"(anonymous_21)","decl":{"start":{"line":291,"column":52},"end":{"line":291,"column":53}},"loc":{"start":{"line":291,"column":66},"end":{"line":306,"column":2}},"line":291},"22":{"name":"(anonymous_22)","decl":{"start":{"line":291,"column":106},"end":{"line":291,"column":107}},"loc":{"start":{"line":291,"column":119},"end":{"line":306,"column":1}},"line":291}},"branchMap":{"0":{"loc":{"start":{"line":26,"column":8},"end":{"line":67,"column":9}},"type":"if","locations":[{"start":{"line":26,"column":8},"end":{"line":67,"column":9}},{"start":{"line":26,"column":8},"end":{"line":67,"column":9}}],"line":26},"1":{"loc":{"start":{"line":32,"column":12},"end":{"line":66,"column":13}},"type":"if","locations":[{"start":{"line":32,"column":12},"end":{"line":66,"column":13}},{"start":{"line":32,"column":12},"end":{"line":66,"column":13}}],"line":32},"2":{"loc":{"start":{"line":79,"column":8},"end":{"line":105,"column":9}},"type":"if","locations":[{"start":{"line":79,"column":8},"end":{"line":105,"column":9}},{"start":{"line":79,"column":8},"end":{"line":105,"column":9}}],"line":79},"3":{"loc":{"start":{"line":84,"column":16},"end":{"line":98,"column":17}},"type":"if","locations":[{"start":{"line":84,"column":16},"end":{"line":98,"column":17}},{"start":{"line":84,"column":16},"end":{"line":98,"column":17}}],"line":84},"4":{"loc":{"start":{"line":143,"column":8},"end":{"line":175,"column":9}},"type":"switch","locations":[{"start":{"line":144,"column":12},"end":{"line":151,"column":22}},{"start":{"line":152,"column":12},"end":{"line":159,"column":22}},{"start":{"line":160,"column":12},"end":{"line":168,"column":22}},{"start":{"line":169,"column":12},"end":{"line":174,"column":22}}],"line":143},"5":{"loc":{"start":{"line":276,"column":12},"end":{"line":283,"column":13}},"type":"if","locations":[{"start":{"line":276,"column":12},"end":{"line":283,"column":13}},{"start":{"line":276,"column":12},"end":{"line":283,"column":13}}],"line":276}},"s":{"0":0,"1":0,"2":0,"3":0,"4":0,"5":0,"6":0,"7":0,"8":0,"9":0,"10":0,"11":0,"12":0,"13":0,"14":0,"15":0,"16":0,"17":0,"18":0,"19":0,"20":0,"21":0,"22":0,"23":0,"24":0,"25":0,"26":0,"27":0,"28":0,"29":0,"30":0,"31":0,"32":0,"33":0,"34":0,"35":0,"36":0,"37":0,"38":0,"39":0,"40":0,"41":0,"42":0,"43":0,"44":0,"45":0,"46":0,"47":0,"48":0,"49":0,"50":0,"51":0,"52":0,"53":0,"54":0,"55":0,"56":0,"57":0,"58":0,"59":0,"60":0,"61":0,"62":0,"63":0,"64":0,"65":0,"66":0,"67":0,"68":0,"69":0,"70":0,"71":0,"72":0,"73":0,"74":0,"75":0,"76":0,"77":0,"78":0,"79":0,"80":0,"81":0,"82":0,"83":0,"84":0,"85":0,"86":0,"87":0,"88":0,"89":0,"90":0,"91":0,"92":0,"93":0,"94":0,"95":0,"96":0,"97":0,"98":0,"99":0,"100":0,"101":0,"102":0,"103":0,"104":0,"105":0,"106":0,"107":0,"108":0,"109":0,"110":0,"111":0,"112":0,"113":0,"114":0,"115":0,"116":0,"117":0,"118":0,"119":0,"120":0,"121":0,"122":0,"123":0,"124":0,"125":0,"126":0,"127":0,"128":0,"129":0,"130":0,"131":0,"132":0,"133":0,"134":0,"135":0,"136":0,"137":0,"138":0,"139":0,"140":0,"141":0,"142":0,"143":0,"144":0,"145":0,"146":0,"147":0,"148":0,"149":0,"150":0,"151":0,"152":0,"153":0},"f":{"0":0,"1":0,"2":0,"3":0,"4":0,"5":0,"6":0,"7":0,"8":0,"9":0,"10":0,"11":0,"12":0,"13":0,"14":0,"15":0,"16":0,"17":0,"18":0,"19":0,"20":0,"21":0,"22":0},"b":{"0":[0,0],"1":[0,0],"2":[0,0],"3":[0,0],"4":[0,0,0,0],"5":[0,0]},"inputSourceMap":{"version":3,"file":"Users.js","sourceRoot":"","sources":["../../../src/routes/users/Users.ts"],"names":[],"mappings":";;;AAAA,gDAA6C;AAC7C,qCAAoD;AACpD,yDAAoF;AACpF,iFAA2C;AAE3C,4DAA4B;AAC5B,wEAA+B;AAC/B,iFAAgD;AAChD,qFAAqD;AACrD,2FAA0D;AAC1D,yDAAyD;AACzD,8DAA0B;AAC1B,4DAA4B;AAE5B,yEAA+C;AAE/C,MAAM,MAAM,GAAG,gBAAM,EAAE,CAAC;AACxB,MAAM,IAAI,GAAG,QAAQ,CAAC;AACtB,MAAM,IAAI,GAAG,cAAU,CAAC,aAAa,CAAC;AAsBtC,MAAM,OAAO,GAAG,gBAAM,CAAC,aAAa,EAAE,CAAC;AACvC,MAAM,MAAM,GAAG,gBAAM,CAAC,EAAE,OAAO,EAAE,CAAC,CAAC;AAMtB,QAAA,cAAc,GAAG,SAAS,CAAC;AAMxC,MAAM,CAAC,IAAI,CAAC,sBAAc,EAAE,CAAO,GAAY,EAAE,GAAa,EAAE,EAAE;IAC9D,IAAI;QACA,MAAM,SAAS,GAAG,MAAM,oBAAI,CAAC,OAAO,CAAC,EAAE,KAAK,EAAE,GAAG,CAAC,IAAI,CAAC,IAAI,CAAC,KAAK,EAAE,CAAC,CAAC;QACrE,IAAI,SAAS,EAAE;YACX,GAAG,CAAC,MAAM,CAAC,sBAAE,CAAC,CAAC,IAAI,CAAC;gBAChB,MAAM,EAAE,UAAU,GAAG,CAAC,IAAI,CAAC,IAAI,CAAC,IAAI,8CAA8C;aACrF,CAAC,CAAC;SACN;aAAM;YACH,IAAI,GAAG,CAAC,IAAI,KAAK,EAAE,EAAE;gBACjB,MAAM,WAAW,GAAiB;oBAC9B,UAAU,EAAE,GAAG,CAAC,IAAI,CAAC,WAAW,CAAC,UAAU;oBAC3C,UAAU,EAAE,GAAG,CAAC,IAAI,CAAC,WAAW,CAAC,UAAU;oBAC3C,MAAM,EAAE,GAAG,CAAC,IAAI,CAAC,WAAW,CAAC,MAAM;oBACnC,MAAM,EAAE,GAAG,CAAC,IAAI,CAAC,WAAW,CAAC,MAAM;oBACnC,GAAG,EAAE,GAAG,CAAC,IAAI,CAAC,WAAW,CAAC,GAAG;iBAChC,CAAC;gBACF,MAAM,IAAI,GAAU,IAAI,oBAAI,CAAC;oBACzB,IAAI,EAAE,GAAG,CAAC,IAAI,CAAC,IAAI,CAAC,IAAI;oBACxB,OAAO,EAAE,GAAG,GAAG,CAAC,IAAI,CAAC,IAAI,CAAC,OAAO,EAAE;oBACnC,KAAK,EAAE,GAAG,CAAC,IAAI,CAAC,IAAI,CAAC,KAAK;oBAC1B,QAAQ,EAAE,GAAG,CAAC,IAAI,CAAC,IAAI,CAAC,QAAQ;oBAChC,YAAY,EAAE,GAAG,CAAC,IAAI,CAAC,IAAI,CAAC,MAAM;oBAClC,WAAW;iBACd,CAAC,CAAC;gBAGH,MAAM,UAAU,GAAG,IAAI,CAAC;gBACxB,gBAAM,CAAC,IAAI,CAAC,IAAI,CAAC,QAAQ,EAAE,UAAU,EAAE,CAAO,KAAK,EAAE,MAAM,EAAE,EAAE;oBAC3D,IAAI,CAAC,QAAQ,GAAG,MAAM,CAAC;oBACvB,MAAM,KAAK,GAAG,MAAM,IAAI,CAAC,IAAI,EAAE,CAAC;oBAGhC,MAAM,OAAO,GAAG,EAAE,IAAI,EAAE,CAAC;oBACzB,MAAM,MAAM,GAAG,OAAO,CAAC,GAAG,CAAC,UAAoB,CAAC;oBAChD,MAAM,KAAK,GAAG,sBAAG,CAAC,IAAI,CAAC,OAAO,EAAE,MAAM,CAAC,CAAC;oBAExC,OAAO,GAAG,CAAC,MAAM,CAAC,2BAAO,CAAC,CAAC,IAAI,CAAC;wBAC5B,MAAM,EAAE,IAAI,CAAC,GAAG;wBAChB,KAAK;wBAEL,OAAO,EAAE,yCAAyC,GAAG,CAAC,IAAI,CAAC,IAAI,CAAC,IAAI,CAAC,KAAK,CAAC,GAAG,CAAC,CAAC,KAAK,CAAC,CAAC,EAAE,CAAC,CAAC,CAAC,CAAC,IAAI,CAAC,GAAG,CAAC,EAAE;qBAE3G,CAAC,CAAC;gBACP,CAAC,CAAA,CAAC,CAAC;aAEN;iBAAM;gBACH,GAAG,CAAC,MAAM,CAAC,+BAAW,CAAC,CAAC,IAAI,CAAC;oBACzB,KAAK,EAAE,eAAe;iBACzB,CAAC,CAAC;aACN;SACJ;KAEJ;IAAC,OAAO,KAAK,EAAE;QACZ,eAAM,CAAC,KAAK,CAAC,KAAK,EAAE,KAAK,CAAC,OAAO,CAAC,CAAC;QACnC,OAAO,GAAG,CAAC,MAAM,CAAC,yCAAqB,CAAC,CAAC,IAAI,CAAC,EAAE,KAAK,EAAE,yBAAyB,EAAE,CAAC,CAAC;KACvF;AACL,CAAC,CAAA,CAAC,CAAC;AAMU,QAAA,SAAS,GAAG,QAAQ,CAAC;AAErB,QAAA,YAAY,GAAG,kCAAkC,CAAC;AAE/D,MAAM,CAAC,IAAI,CAAC,iBAAS,EAAE,CAAO,GAAY,EAAE,GAAa,EAAE,EAAE;IACzD,IAAI;QACA,MAAM,IAAI,GAAG,MAAM,oBAAS,CAAC,OAAO,CAAC,EAAE,KAAK,EAAE,GAAG,CAAC,IAAI,CAAC,KAAK,EAAE,CAAC,CAAC;QAChE,IAAI,IAAI,KAAK,IAAI,EAAE;YACf,MAAM,YAAY,GAAG,IAAI,CAAC,QAAQ,CAAC;YACnC,MAAM,eAAe,GAAG,GAAG,CAAC,IAAI,CAAC,QAAQ,CAAC;YAC1C,gBAAM,CAAC,OAAO,CAAC,eAAe,EAAE,YAAY,EAAE,CAAC,KAAK,EAAE,MAAM,EAAE,EAAE;gBAC5D,OAAO,CAAC,GAAG,CAAC,eAAe,EAAE,MAAM,EAAE,KAAK,CAAC,CAAC;gBAE5C,IAAI,MAAM,EAAE;oBAOR,MAAM,OAAO,GAAG,EAAE,IAAI,EAAE,CAAC;oBACzB,MAAM,MAAM,GAAG,OAAO,CAAC,GAAG,CAAC,UAAoB,CAAC;oBAChD,MAAM,KAAK,GAAG,sBAAG,CAAC,IAAI,CAAC,OAAO,EAAE,MAAM,CAAC,CAAC;oBACxC,OAAO,GAAG,CAAC,MAAM,CAAC,sBAAE,CAAC,CAAC,IAAI,CAAC;wBACvB,KAAK;wBACL,MAAM,EAAE,IAAI,CAAC,GAAG;wBAChB,OAAO,EAAE,gBAAgB,IAAI,CAAC,IAAI,CAAC,KAAK,CAAC,GAAG,CAAC,CAAC,KAAK,CAAC,CAAC,EAAE,CAAC,CAAC,CAAC,CAAC,IAAI,CAAC,GAAG,CAAC,EAAE;qBACzE,CAAC,CAAC;iBACN;qBAAM;oBACH,OAAO,GAAG,CAAC,MAAM,CAAC,+BAAW,CAAC,CAAC,IAAI,CAAC;wBAChC,KAAK,EAAE,+CAA+C;qBACzD,CAAC,CAAC;iBACN;YACL,CAAC,CAAC,CAAC;SACN;aAAM;YACH,OAAO,GAAG,CAAC,MAAM,CAAC,+BAAW,CAAC,CAAC,IAAI,CAAC;gBAChC,KAAK,EAAE,+CAA+C;aACzD,CAAC,CAAC;SACN;KACJ;IAAC,OAAO,KAAK,EAAE;QAEZ,eAAM,CAAC,KAAK,CAAC,KAAK,EAAE,KAAK,CAAC,OAAO,CAAC,CAAC;QACnC,GAAG,CAAC,MAAM,CAAC,yCAAqB,CAAC,CAAC,IAAI,CAAC;YACnC,KAAK,EAAE,oBAAY;SACtB,CAAC,CAAC;KACN;AAEL,CAAC,CAAA,CAAC,CAAC;AAKU,QAAA,UAAU,GAAG,SAAS,CAAC;AACvB,QAAA,kBAAkB,GAAG,4BAA4B,CAAC;AAE/D,MAAM,CAAC,IAAI,CAAC,kBAAU,EAAE,IAAI,EAAE,CAAO,GAAY,EAAE,GAAa,EAAE,EAAE;IAChE,IAAI;QACA,MAAM,MAAM,GAAG,MAAM,IAAI,sBAAY,CAAC;YAClC,MAAM,EAAE,GAAG,CAAC,IAAI,CAAC,QAAQ;YACzB,QAAQ,EAAE,GAAG,CAAC,KAAK,CAAC,IAAI,CAAC,GAAG;SAC/B,CAAC,CAAC;QACH,MAAM,SAAS,GAAG,MAAM,IAAI,yBAAc,CAAC;YACvC,QAAQ,EAAE,GAAG,CAAC,KAAK,CAAC,IAAI,CAAC,GAAG;YAC5B,MAAM,EAAE,GAAG,CAAC,IAAI,CAAC,QAAQ;SAC5B,CAAC,CAAC;QAEH,oBAAI,CAAC,iBAAiB,CAAC,GAAG,CAAC,IAAI,CAAC,QAAQ,EAAE,EAAE,KAAK,EAAE,EAAE,SAAS,EAAE,MAAM,CAAC,GAAG,EAAE,EAAE,CAAC,CAAC,IAAI,EAAE,CAAC;QACvF,oBAAI,CAAC,iBAAiB,CAAC,GAAG,CAAC,KAAK,CAAC,IAAI,CAAC,GAAG,EAAE,EAAE,KAAK,EAAE,EAAE,UAAU,EAAE,SAAS,CAAC,GAAG,EAAE,EAAE,CAAC,CAAC,IAAI,EAAE,CAAC;QAE5F,SAAS,CAAC,IAAI,EAAE,CAAC;QACjB,MAAM,CAAC,IAAI,EAAE,CAAC;QACd,OAAO,GAAG,CAAC,MAAM,CAAC,sBAAE,CAAC,CAAC,IAAI,CAAC;YACvB,MAAM,EAAE,sBAAsB;SACjC,CAAC,CAAC;KAEN;IAAC,OAAO,KAAK,EAAE;QACZ,eAAM,CAAC,KAAK,CAAC,KAAK,EAAE,KAAK,CAAC,OAAO,CAAC,CAAC;QACnC,GAAG,CAAC,MAAM,CAAC,yCAAqB,CAAC,CAAC,IAAI,CAAC,EAAE,KAAK,EAAE,0BAAkB,EAAE,CAAC,CAAC;KACzE;AACL,CAAC,CAAA,CAAC,CAAC;AAMU,QAAA,WAAW,GAAG,2BAA2B,CAAC;AAC1C,QAAA,qBAAqB,GAAG,uCAAuC,CAAC;AAC7E,MAAM,CAAC,GAAG,CAAC,mBAAW,EAAE,IAAI,EAAE,CAAO,GAAY,EAAE,GAAa,EAAE,EAAE;IAChE,IAAI;QACA,QAAQ,GAAG,CAAC,MAAM,CAAC,SAAS,EAAE;YAC1B,KAAK,WAAW;gBACZ,MAAM,SAAS,GAAG,MAAM,oBAAS,CAAC,QAAQ,CAAC,GAAG,CAAC,KAAK,CAAC,IAAI,CAAC,GAAG,EAAE,EAAE,SAAS,EAAE,CAAC,EAAE,CAAC;qBAE3E,QAAQ,CAAC,EAAE,IAAI,EAAE,WAAW,EAAE,QAAQ,EAAE,EAAE,IAAI,EAAE,QAAQ,EAAE,MAAM,EAAE,EAAE,IAAI,EAAE,CAAC,EAAE,WAAW,EAAE,CAAC,EAAE,OAAO,EAAE,CAAC,EAAE,EAAE,EAAE,CAAC;qBAC9G,IAAI,EAAE,CAAC;gBACZ,GAAG,CAAC,MAAM,CAAC,sBAAE,CAAC,CAAC,IAAI,CAAC;oBAChB,SAAS;iBACZ,CAAC,CAAC;gBACH,MAAM;YAEV,KAAK,YAAY;gBACb,MAAM,UAAU,GAAG,MAAM,oBAAS,CAAC,QAAQ,CAAC,GAAG,CAAC,KAAK,CAAC,IAAI,CAAC,GAAG,EAAE,EAAE,WAAW,EAAE,CAAC,EAAE,CAAC;qBAE9E,QAAQ,CAAC,EAAE,IAAI,EAAE,YAAY,EAAE,QAAQ,EAAE,EAAE,IAAI,EAAE,QAAQ,EAAE,MAAM,EAAE,EAAE,IAAI,EAAE,CAAC,EAAE,WAAW,EAAE,CAAC,EAAE,OAAO,EAAE,CAAC,EAAE,EAAE,EAAE,CAAC;qBAC/G,IAAI,EAAE,CAAC;gBACZ,GAAG,CAAC,MAAM,CAAC,sBAAE,CAAC,CAAC,IAAI,CAAC;oBAChB,UAAU;iBACb,CAAC,CAAC;gBACH,MAAM;YAEV,KAAK,MAAM;gBACP,MAAM,cAAc,GAAG,MAAM,oBAAS,CAAC,QAAQ,CAAC,GAAG,CAAC,MAAM,CAAC,IAAI,EAAE,EAAE,QAAQ,EAAE,CAAC,EAAE,CAAC;qBAC5E,QAAQ,CAAC,CAAC,EAAE,IAAI,EAAE,YAAY,EAAE,EAAE,EAAE,IAAI,EAAE,WAAW,EAAE,CAAC,CAAC,CAAC,IAAI,EAAE,CAAC;gBAEtE,GAAG,CAAC,MAAM,CAAC,sBAAE,CAAC,CAAC,IAAI,CAAC;oBAChB,IAAI,EAAE,cAAc;oBAEpB,SAAS,EAAE,cAAe,CAAC,eAAe,CAAC,GAAG,CAAC,KAAK,CAAC,IAAI,CAAC,GAAG,CAAC;oBAE9D,QAAQ,EAAE,cAAe,CAAC,gBAAgB,CAAC,GAAG,CAAC,KAAK,CAAC,IAAI,CAAC,GAAG,CAAC;iBACjE,CAAC,CAAC;gBACH,MAAM;YACV;gBACI,MAAM,IAAI,GAAG,MAAM,oBAAS,CAAC,QAAQ,CAAC,GAAG,CAAC,KAAK,CAAC,IAAI,CAAC,GAAG,EAAE,EAAE,QAAQ,EAAE,CAAC,EAAE,CAAC,CAAC,IAAI,EAAE,CAAC;gBAClF,GAAG,CAAC,MAAM,CAAC,sBAAE,CAAC,CAAC,IAAI,CAAC;oBAChB,IAAI;iBACP,CAAC,CAAC;gBACH,MAAM;SACb;KACJ;IAAC,OAAO,KAAK,EAAE;QACZ,eAAM,CAAC,KAAK,CAAC,KAAK,EAAE,KAAK,CAAC,OAAO,CAAC,CAAC;QACnC,GAAG,CAAC,MAAM,CAAC,yCAAqB,CAAC,CAAC,IAAI,CAAC;YACnC,KAAK,EAAE,6BAAqB;SAC/B,CAAC,CAAC;KACN;AACL,CAAC,CAAA,CAAC,CAAC;AAKU,QAAA,cAAc,GAAG,SAAS,CAAC;AAC3B,QAAA,UAAU,GAAG,uBAAuB,CAAC;AAClD,MAAM,CAAC,IAAI,CAAC,sBAAc,EAAE,CAAO,GAAY,EAAE,GAAa,EAAE,EAAE;IAC9D,IAAI;QAGA,MAAM,KAAK,GAAG,GAAG,CAAC,IAAI,CAAC,KAAK,CAAC;QAC7B,MAAM,EAAE,GAAG,GAAG,CAAC,IAAI,CAAC,EAAE,CAAC;QACvB,MAAM,MAAM,GAAG,GAAG,CAAC,IAAI,CAAC,MAAM,CAAC;QAC/B,oBAAI,CAAC,gBAAgB,CAAC,EAAE,GAAG,EAAE,EAAE,EAAE,EAAE,EAAE,CAAC,KAAK,CAAC,EAAE,MAAM,EAAE,EAAE,CAAC,GAAQ,EAAE,EAAE;YACjE,GAAG,CAAC,IAAI,CAAC;gBACL,OAAO,EAAE,+BAA+B;aAC3C,CAAC,CAAC;QACP,CAAC,CAAC,CAAC;KAEN;IAAC,OAAO,KAAK,EAAE;QACZ,GAAG,CAAC,MAAM,CAAC,yCAAqB,CAAC,CAAC,IAAI,CAAC;YACnC,KAAK,EAAE,kBAAU;SACpB,CAAC,CAAC;KACN;AACL,CAAC,CAAA,CAAC,CAAC;AAKU,QAAA,eAAe,GAAG,cAAc,CAAC;AAC9C,MAAM,CAAC,GAAG,CAAC,uBAAe,EAAE,CAAO,GAAY,EAAE,GAAa,EAAE,EAAE;IAC9D,IAAI;QACA,MAAM,QAAQ,GAAG,MAAM,sBAAW,CAAC,GAAG,EAAE,GAAG,CAAC,CAAC;QAC7C,GAAG,CAAC,MAAM,CAAC,sBAAE,CAAC,CAAC,IAAI,CAAC;YAChB,QAAQ;SACX,CAAC,CAAC;KACN;IAAC,OAAO,KAAK,EAAE;QACZ,GAAG,CAAC,MAAM,CAAC,yCAAqB,CAAC,CAAC,IAAI,CAAC;YACnC,KAAK,EAAE,uBAAuB;SACjC,CAAC,CAAC;KACN;AACL,CAAC,CAAA,CAAC,CAAC;AAKU,QAAA,WAAW,GAAG,UAAU,CAAC;AACtC,MAAM,CAAC,GAAG,CAAC,mBAAW,EAAE,IAAI,EAAE,CAAO,GAAY,EAAE,GAAa,EAAE,EAAE;IAChE,IAAI;QACA,MAAM,QAAQ,GAAG,EAAE,CAAC;QACpB,MAAM,aAAa,GAAG,EAAE,CAAC;QAGzB,MAAM,UAAU,GAAG,MAAM,oBAAS,CAAC,IAAI,CAAC;YACpC,wBAAwB,EAAE,GAAG,CAAC,KAAK,CAAC,IAAI,CAAC,WAAW,CAAC,UAAU;SAClE,EACG;YACI,UAAU,EAAE,CAAC;YACb,SAAS,EAAE,CAAC;YACZ,IAAI,EAAE,CAAC;YACP,WAAW,EAAE,CAAC;YACd,OAAO,EAAE,CAAC;SACb,CAAC,CAAC,QAAQ,CAAC,CAAC,EAAE,IAAI,EAAE,YAAY,EAAE,EAAE,EAAE,IAAI,EAAE,WAAW,EAAE,CAAC,CAAC,CAAC,IAAI,EAAE,CAAC;QAExE,KAAK,MAAM,IAAI,IAAI,UAAU,EAAE;YAE3B,QAAQ,CAAC,IAAI,CAAC,EAAE,IAAI,EAAE,UAAU,EAAE,IAAI,CAAC,eAAe,CAAC,GAAG,CAAC,KAAK,CAAC,IAAI,CAAC,GAAG,CAAC,EAAE,WAAW,EAAE,IAAI,CAAC,gBAAgB,CAAC,GAAG,CAAC,KAAK,CAAC,IAAI,CAAC,GAAG,CAAC,EAAE,CAAC,CAAC;SACzI;QAGD,MAAM,YAAY,GAAG,MAAM,oBAAS,CAAC,IAAI,CAAC;YACtC,wBAAwB,EAAE,EAAE,GAAG,EAAE,GAAG,CAAC,KAAK,CAAC,IAAI,CAAC,WAAW,CAAC,UAAU,EAAE;SAC3E,EAAE;YACC,UAAU,EAAE,CAAC;YACb,SAAS,EAAE,CAAC;YACZ,IAAI,EAAE,CAAC;YACP,WAAW,EAAE,CAAC;YACd,OAAO,EAAE,CAAC;SACb,CAAC,CAAC,QAAQ,CAAC,CAAC,EAAE,IAAI,EAAE,YAAY,EAAE,EAAE,EAAE,IAAI,EAAE,WAAW,EAAE,CAAC,CAAC,CAAC,IAAI,EAAE,CAAC;QAEpE,KAAK,MAAM,IAAI,IAAI,YAAY,EAAE;YAE7B,aAAa,CAAC,IAAI,CAAC,EAAE,IAAI,EAAE,UAAU,EAAE,IAAI,CAAC,eAAe,CAAC,GAAG,CAAC,KAAK,CAAC,IAAI,CAAC,GAAG,CAAC,EAAE,WAAW,EAAE,IAAI,CAAC,gBAAgB,CAAC,GAAG,CAAC,KAAK,CAAC,IAAI,CAAC,GAAG,CAAC,EAAE,CAAC,CAAC;SAC9I;QAED,GAAG,CAAC,MAAM,CAAC,sBAAE,CAAC,CAAC,IAAI,CAAC;YAChB,QAAQ;YACR,aAAa;SAChB,CAAC,CAAC;KACN;IAAC,OAAO,KAAK,EAAE;QACZ,eAAM,CAAC,KAAK,CAAC,KAAK,CAAC,CAAC;QACpB,GAAG,CAAC,MAAM,CAAC,yCAAqB,CAAC,CAAC,IAAI,CAAC;YACnC,KAAK,EAAE,4BAA4B;SACtC,CAAC,CAAC;KACN;AACL,CAAC,CAAA,CAAC,CAAC;AAIU,QAAA,gBAAgB,GAAG,gBAAgB,CAAC;AACjD,MAAM,CAAC,IAAI,CAAC,wBAAgB,EAAE,IAAI,EAAE,MAAM,CAAC,MAAM,CAAC,OAAO,CAAC,EAAE,CAAO,GAAY,EAAE,GAAa,EAAE,EAAE;IAC9F,IAAI;QACA,MAAM,IAAI,GAAG,GAAG,CAAC,IAAI,CAAC;QACtB,MAAM,SAAS,GAAG,OAAO,CAAC,GAAG,CAAC,oCAAoC,CAAC;QAEnE,MAAM,QAAQ,GAAG,IAAI,iBAAG,CAAC,EAAE,CAAC;YACxB,WAAW,EAAE,OAAO,CAAC,GAAG,CAAC,iBAAiB;YAC1C,eAAe,EAAE,OAAO,CAAC,GAAG,CAAC,iBAAiB;YAC9C,MAAM,EAAE,OAAO,CAAC,GAAG,CAAC,UAAU;SACjC,CAAC,CAAC;QAEH,MAAM,MAAM,GAAG;YACX,MAAM,EAAE,OAAO,CAAC,GAAG,CAAC,eAAyB;YAC7C,GAAG,EAAE,GAAG,CAAC,KAAK,CAAC,IAAI,CAAC,GAAa;YACjC,IAAI,EAAE,IAAI,CAAC,MAAM;YACjB,WAAW,EAAE,IAAI,CAAC,QAAQ;YAC1B,GAAG,EAAE,aAAa;SACrB,CAAC;QACF,QAAQ,CAAC,MAAM,CAAC,MAAM,EAAE,CAAC,GAAQ,EAAE,IAAS,EAAE,EAAE;YAC5C,IAAI,GAAG,EAAE;gBACL,GAAG,CAAC,MAAM,CAAC,GAAG,CAAC,CAAC,IAAI,CAAC,EAAE,KAAK,EAAE,uBAAuB,EAAE,CAAC,CAAC;gBACzD,eAAM,CAAC,KAAK,CAAC,GAAG,CAAC,CAAC;aACrB;iBAAM;gBACH,oBAAS,CAAC,iBAAiB,CAAC,GAAG,CAAC,KAAK,CAAC,IAAI,CAAC,GAAG,EAAE,EAAE,oBAAoB,EAAE,IAAI,CAAC,QAAQ,EAAE,CAAC,CAAC,IAAI,EAAE,CAAC;gBAChG,GAAG,CAAC,MAAM,CAAC,sBAAE,CAAC,CAAC,IAAI,CAAC,EAAE,IAAI,EAAE,CAAC,CAAC;aACjC;QACL,CAAC,CAAC,CAAC;KACN;IAAC,OAAO,KAAK,EAAE;QACZ,eAAM,CAAC,KAAK,CAAC,KAAK,EAAE,KAAK,CAAC,OAAO,CAAC,CAAC;KACtC;AACL,CAAC,CAAA,CAAC,CAAC;AAKU,QAAA,yBAAyB,GAAG,wBAAwB,CAAC;AAClE,MAAM,CAAC,GAAG,CAAC,iCAAyB,EAAE,IAAI,EAAE,CAAO,GAAY,EAAE,GAAa,EAAE,EAAE;IAC9E,IAAI;QACA,MAAM,SAAS,GAAG,MAAM,sBAAY,CAAC,IAAI,CAAC,EAAE,MAAM,EAAE,GAAG,CAAC,KAAK,CAAC,IAAI,CAAC,GAAG,EAAE,CAAC;aACpE,QAAQ,CAAC,UAAU,EAAE,EAAE,MAAM,EAAE,CAAC,EAAE,SAAS,EAAE,CAAC,EAAE,oBAAoB,EAAE,CAAC,EAAE,CAAC,CAAC,IAAI,EAAE,CAAC;QACvF,MAAM,SAAS,CAAC,OAAO,EAAE,CAAC;QAC1B,GAAG,CAAC,MAAM,CAAC,sBAAE,CAAC,CAAC,IAAI,CAAC;YAChB,SAAS;SACZ,CAAC,CAAC;KACN;IAAC,OAAO,KAAK,EAAE;QACZ,eAAM,CAAC,KAAK,CAAC,KAAK,CAAC,CAAC;QACpB,GAAG,CAAC,MAAM,CAAC,yCAAqB,CAAC,CAAC,IAAI,CAAC;YACnC,KAAK,EAAE,4BAA4B;SACtC,CAAC,CAAC;KACN;AACL,CAAC,CAAA,CAAC,CAAC;AAEH,kBAAe,EAAE,MAAM,EAAE,IAAI,EAAE,CAAC"},"all":true},"/home/Ghost/Documents/Workspace/campusX/backend/campusX/dist/Server.js":{"path":"/home/Ghost/Documents/Workspace/campusX/backend/campusX/dist/Server.js","statementMap":{"0":{"start":{"line":2,"column":0},"end":{"line":2,"column":62}},"1":{"start":{"line":3,"column":16},"end":{"line":3,"column":32}},"2":{"start":{"line":4,"column":24},"end":{"line":4,"column":73}},"3":{"start":{"line":5,"column":18},"end":{"line":5,"column":61}},"4":{"start":{"line":6,"column":17},"end":{"line":6,"column":59}},"5":{"start":{"line":7,"column":15},"end":{"line":7,"column":55}},"6":{"start":{"line":8,"column":19},"end":{"line":8,"column":63}},"7":{"start":{"line":9,"column":15},"end":{"line":9,"column":64}},"8":{"start":{"line":10,"column":15},"end":{"line":10,"column":55}},"9":{"start":{"line":11,"column":20},"end":{"line":11,"column":65}},"10":{"start":{"line":12,"column":15},"end":{"line":12,"column":30}},"11":{"start":{"line":13,"column":19},"end":{"line":13,"column":52}},"12":{"start":{"line":14,"column":12},"end":{"line":14,"column":33}},"13":{"start":{"line":16,"column":0},"end":{"line":19,"column":3}},"14":{"start":{"line":20,"column":11},"end":{"line":20,"column":40}},"15":{"start":{"line":21,"column":0},"end":{"line":21,"column":72}},"16":{"start":{"line":22,"column":0},"end":{"line":22,"column":67}},"17":{"start":{"line":23,"column":0},"end":{"line":23,"column":20}},"18":{"start":{"line":24,"column":12},"end":{"line":24,"column":31}},"19":{"start":{"line":25,"column":0},"end":{"line":25,"column":26}},"20":{"start":{"line":26,"column":0},"end":{"line":30,"column":3}},"21":{"start":{"line":27,"column":4},"end":{"line":27,"column":51}},"22":{"start":{"line":28,"column":4},"end":{"line":28,"column":97}},"23":{"start":{"line":29,"column":4},"end":{"line":29,"column":11}},"24":{"start":{"line":31,"column":15},"end":{"line":31,"column":39}},"25":{"start":{"line":32,"column":11},"end":{"line":32,"column":45}},"26":{"start":{"line":33,"column":0},"end":{"line":33,"column":33}},"27":{"start":{"line":34,"column":0},"end":{"line":34,"column":34}},"28":{"start":{"line":35,"column":0},"end":{"line":37,"column":4}},"29":{"start":{"line":38,"column":0},"end":{"line":38,"column":35}},"30":{"start":{"line":39,"column":0},"end":{"line":39,"column":76}},"31":{"start":{"line":40,"column":0},"end":{"line":40,"column":52}},"32":{"start":{"line":41,"column":0},"end":{"line":43,"column":3}},"33":{"start":{"line":42,"column":4},"end":{"line":42,"column":49}},"34":{"start":{"line":44,"column":0},"end":{"line":44,"column":25}}},"fnMap":{"0":{"name":"(anonymous_0)","decl":{"start":{"line":26,"column":8},"end":{"line":26,"column":9}},"loc":{"start":{"line":26,"column":28},"end":{"line":30,"column":1}},"line":26},"1":{"name":"(anonymous_1)","decl":{"start":{"line":41,"column":13},"end":{"line":41,"column":14}},"loc":{"start":{"line":41,"column":27},"end":{"line":43,"column":1}},"line":41}},"branchMap":{},"s":{"0":0,"1":0,"2":0,"3":0,"4":0,"5":0,"6":0,"7":0,"8":0,"9":0,"10":0,"11":0,"12":0,"13":0,"14":0,"15":0,"16":0,"17":0,"18":0,"19":0,"20":0,"21":0,"22":0,"23":0,"24":0,"25":0,"26":0,"27":0,"28":0,"29":0,"30":0,"31":0,"32":0,"33":0,"34":0},"f":{"0":0,"1":0},"b":{},"inputSourceMap":{"version":3,"file":"Server.js","sourceRoot":"","sources":["../src/Server.ts"],"names":[],"mappings":";;;AAAA,0EAAyC;AACzC,8DAA8B;AAK9B,4DAA4B;AAC5B,wDAAwB;AACxB,gEAAgD;AAChD,iEAAuC;AAIvC,wDAAwB;AACxB,kEAAiC;AACjC,+BAGc;AACd,qDAEgC;AAKhC,MAAM,GAAG,GAAG,OAAO,CAAC,GAAG,CAAC,SAAmB,CAAC;AAE5C,kBAAQ,CAAC,OAAO,CAAC,GAAG,EAAE;IAClB,eAAe,EAAE,IAAI;IACrB,gBAAgB,EAAE,KAAK;CAC1B,CAAC,CAAC;AAGH,MAAM,EAAE,GAAG,kBAAQ,CAAC,UAAU,CAAC;AAG/B,EAAE,CAAC,EAAE,CAAC,OAAO,EAAE,OAAO,CAAC,KAAK,CAAC,IAAI,CAAC,OAAO,EAAE,0BAA0B,CAAC,CAAC,CAAC;AAExE,EAAE,CAAC,EAAE,CAAC,WAAW,EAAE,OAAO,CAAC,GAAG,CAAC,IAAI,CAAC,OAAO,EAAE,mBAAmB,CAAC,CAAC,CAAC;AAEnE,iBAAM,EAAE,CAAC;AAGT,MAAM,GAAG,GAAG,iBAAO,EAAE,CAAC;AACtB,GAAG,CAAC,GAAG,CAAC,cAAI,EAAE,CAAC,CAAC;AAChB,GAAG,CAAC,GAAG,CAAC,CAAC,GAAG,EAAE,GAAG,EAAE,IAAI,EAAE,EAAE;IACvB,GAAG,CAAC,MAAM,CAAC,6BAA6B,EAAE,GAAG,CAAC,CAAC;IAC/C,GAAG,CAAC,MAAM,CAAC,8BAA8B,EAAE,gDAAgD,CAAC,CAAC;IAC7F,IAAI,EAAE,CAAC;AACX,CAAC,CAAC,CAAC;AAEH,MAAM,MAAM,GAAW,mBAAY,CAAC,GAAG,CAAC,CAAC;AACzC,MAAM,EAAE,GAAG,mBAAQ,CAAC,MAAM,CAAC,MAAM,CAAC,CAAC;AAGnC,GAAG,CAAC,GAAG,CAAC,gBAAM,CAAC,KAAK,CAAC,CAAC,CAAC;AACvB,GAAG,CAAC,GAAG,CAAC,iBAAO,CAAC,IAAI,EAAE,CAAC,CAAC;AACxB,GAAG,CAAC,GAAG,CAAC,iBAAO,CAAC,UAAU,CAAC;IACvB,QAAQ,EAAE,IAAI;CACjB,CAAC,CAAC,CAAC;AACJ,GAAG,CAAC,GAAG,CAAC,uBAAY,EAAE,CAAC,CAAC;AACxB,GAAG,CAAC,GAAG,CAAC,iBAAO,CAAC,MAAM,CAAC,cAAI,CAAC,IAAI,CAAC,SAAS,EAAE,QAAQ,CAAC,CAAC,CAAC,CAAC;AACxD,GAAG,CAAC,GAAG,CAAC,cAAU,CAAC,IAAI,EAAE,cAAU,CAAC,MAAM,CAAC,CAAC;AAa5C,GAAG,CAAC,GAAG,CAAC,GAAG,EAAE,CAAC,GAAY,EAAE,GAAa,EAAE,EAAE;IACzC,GAAG,CAAC,IAAI,CAAC,kCAAkC,CAAC,CAAC;AACjD,CAAC,CAAC,CAAC;AAGH,kBAAe,MAAM,CAAC"},"all":true},"/home/Ghost/Documents/Workspace/campusX/backend/campusX/dist/shared/index.js":{"path":"/home/Ghost/Documents/Workspace/campusX/backend/campusX/dist/shared/index.js","statementMap":{"0":{"start":{"line":2,"column":0},"end":{"line":2,"column":62}},"1":{"start":{"line":3,"column":16},"end":{"line":3,"column":32}},"2":{"start":{"line":4,"column":0},"end":{"line":4,"column":51}},"3":{"start":{"line":5,"column":0},"end":{"line":5,"column":49}}},"fnMap":{},"branchMap":{},"s":{"0":0,"1":0,"2":0,"3":0},"f":{},"b":{},"inputSourceMap":{"version":3,"file":"index.js","sourceRoot":"","sources":["../../src/shared/index.ts"],"names":[],"mappings":";;;AAAA,mDAAyB;AACzB,iDAAuB"},"all":true},"/home/Ghost/Documents/Workspace/campusX/backend/campusX/dist/shared/Logger.js":{"path":"/home/Ghost/Documents/Workspace/campusX/backend/campusX/dist/shared/Logger.js","statementMap":{"0":{"start":{"line":2,"column":0},"end":{"line":2,"column":62}},"1":{"start":{"line":3,"column":18},"end":{"line":3,"column":36}},"2":{"start":{"line":4,"column":26},"end":{"line":4,"column":46}},"3":{"start":{"line":5,"column":23},"end":{"line":7,"column":2}},"4":{"start":{"line":8,"column":0},"end":{"line":34,"column":1}},"5":{"start":{"line":9,"column":23},"end":{"line":9,"column":102}},"6":{"start":{"line":10,"column":25},"end":{"line":14,"column":6}},"7":{"start":{"line":15,"column":26},"end":{"line":18,"column":6}},"8":{"start":{"line":19,"column":4},"end":{"line":19,"column":37}},"9":{"start":{"line":20,"column":4},"end":{"line":20,"column":38}},"10":{"start":{"line":23,"column":29},"end":{"line":29,"column":6}},"11":{"start":{"line":24,"column":8},"end":{"line":27,"column":9}},"12":{"start":{"line":25,"column":12},"end":{"line":25,"column":36}},"13":{"start":{"line":26,"column":12},"end":{"line":26,"column":25}},"14":{"start":{"line":28,"column":8},"end":{"line":28,"column":20}},"15":{"start":{"line":30,"column":29},"end":{"line":32,"column":6}},"16":{"start":{"line":33,"column":4},"end":{"line":33,"column":41}},"17":{"start":{"line":35,"column":0},"end":{"line":35,"column":32}}},"fnMap":{"0":{"name":"(anonymous_0)","decl":{"start":{"line":23,"column":46},"end":{"line":23,"column":47}},"loc":{"start":{"line":23,"column":56},"end":{"line":29,"column":5}},"line":23}},"branchMap":{"0":{"loc":{"start":{"line":8,"column":0},"end":{"line":34,"column":1}},"type":"if","locations":[{"start":{"line":8,"column":0},"end":{"line":34,"column":1}},{"start":{"line":8,"column":0},"end":{"line":34,"column":1}}],"line":8},"1":{"loc":{"start":{"line":24,"column":8},"end":{"line":27,"column":9}},"type":"if","locations":[{"start":{"line":24,"column":8},"end":{"line":27,"column":9}},{"start":{"line":24,"column":8},"end":{"line":27,"column":9}}],"line":24}},"s":{"0":0,"1":0,"2":0,"3":0,"4":0,"5":0,"6":0,"7":0,"8":0,"9":0,"10":0,"11":0,"12":0,"13":0,"14":0,"15":0,"16":0,"17":0},"f":{"0":0},"b":{"0":[0,0]
[...]
},"end":{"line":11,"column":2}},"6":{"start":{"line":10,"column":4},"end":{"line":10,"column":53}}},"fnMap":{"0":{"name":"(anonymous_0)","decl":{"start":{"line":4,"column":15},"end":{"line":4,"column":16}},"loc":{"start":{"line":4,"column":24},"end":{"line":8,"column":1}},"line":4},"1":{"name":"(anonymous_1)","decl":{"start":{"line":9,"column":23},"end":{"line":9,"column":24}},"loc":{"start":{"line":9,"column":29},"end":{"line":11,"column":1}},"line":9}},"branchMap":{"0":{"loc":{"start":{"line":5,"column":4},"end":{"line":7,"column":5}},"type":"if","locations":[{"start":{"line":5,"column":4},"end":{"line":7,"column":5}},{"start":{"line":5,"column":4},"end":{"line":7,"column":5}}],"line":5}},"s":{"0":0,"1":0,"2":0,"3":0,"4":0,"5":0,"6":0},"f":{"0":0,"1":0},"b":{"0":[0,0]},"inputSourceMap":{"version":3,"file":"Misc.js","sourceRoot":"","sources":["../../src/shared/Misc.ts"],"names":[],"mappings":";;AAAA,qCAAkC;AAErB,QAAA,IAAI,GAAG,CAAC,GAAU,EAAE,EAAE;IAC/B,IAAI,GAAG,EAAE;QACL,eAAM,CAAC,KAAK,CAAC,GAAG,CAAC,CAAC;KACrB;AACL,CAAC,CAAC;AAEW,QAAA,YAAY,GAAG,GAAG,EAAE;IAC7B,OAAO,IAAI,CAAC,KAAK,CAAC,IAAI,CAAC,MAAM,EAAE,GAAG,aAAiB,CAAC,CAAC;AACzD,CAAC,CAAC"},"all":true},"/home/Ghost/Documents/Workspace/campusX/backend/campusX/dist/Start.js":{"path":"/home/Ghost/Documents/Workspace/campusX/backend/campusX/dist/Start.js","statementMap":{"0":{"start":{"line":2,"column":0},"end":{"line":2,"column":62}},"1":{"start":{"line":3,"column":16},"end":{"line":3,"column":32}},"2":{"start":{"line":4,"column":17},"end":{"line":4,"column":61}},"3":{"start":{"line":5,"column":17},"end":{"line":5,"column":43}},"4":{"start":{"line":6,"column":13},"end":{"line":6,"column":45}},"5":{"start":{"line":7,"column":0},"end":{"line":9,"column":3}},"6":{"start":{"line":8,"column":4},"end":{"line":8,"column":68}},"7":{"start":{"line":10,"column":0},"end":{"line":10,"column":35}}},"fnMap":{"0":{"name":"(anonymous_0)","decl":{"start":{"line":7,"column":30},"end":{"line":7,"column":31}},"loc":{"start":{"line":7,"column":36},"end":{"line":9,"column":1}},"line":7}},"branchMap":{"0":{"loc":{"start":{"line":6,"column":20},"end":{"line":6,"column":44}},"type":"binary-expr","locations":[{"start":{"line":6,"column":20},"end":{"line":6,"column":36}},{"start":{"line":6,"column":40},"end":{"line":6,"column":44}}],"line":6}},"s":{"0":0,"1":0,"2":0,"3":0,"4":0,"5":0,"6":0,"7":0},"f":{"0":0},"b":{"0":[0,0]},"inputSourceMap":{"version":3,"file":"Start.js","sourceRoot":"","sources":["../src/Start.ts"],"names":[],"mappings":";;;AAAA,8DAA8B;AAC9B,4CAAyC;AAGzC,MAAM,IAAI,GAAG,MAAM,CAAC,OAAO,CAAC,GAAG,CAAC,IAAI,IAAI,IAAI,CAAC,CAAC;AAC9C,gBAAM,CAAC,MAAM,CAAC,IAAI,EAAE,GAAG,EAAE;IACrB,eAAM,CAAC,IAAI,CAAC,kCAAkC,GAAG,IAAI,CAAC,CAAC;AAC3D,CAAC,CAAC,CAAC;AAEH,kBAAe,gBAAM,CAAC"},"all":true},"/home/Ghost/Documents/Workspace/campusX/backend/campusX/env/index.js":{"path":"/home/Ghost/Documents/Workspace/campusX/backend/campusX/env/index.js","statementMap":{"0":{"start":{"line":1,"column":13},"end":{"line":1,"column":30}},"1":{"start":{"line":4,"column":16},"end":{"line":4,"column":53}},"2":{"start":{"line":5,"column":16},"end":{"line":7,"column":2}},"3":{"start":{"line":9,"column":0},"end":{"line":11,"column":1}},"4":{"start":{"line":10,"column":4},"end":{"line":10,"column":24}}},"fnMap":{},"branchMap":{"0":{"loc":{"start":{"line":4,"column":16},"end":{"line":4,"column":53}},"type":"binary-expr","locations":[{"start":{"line":4,"column":16},"end":{"line":4,"column":36}},{"start":{"line":4,"column":40},"end":{"line":4,"column":53}}],"line":4},"1":{"loc":{"start":{"line":9,"column":0},"end":{"line":11,"column":1}},"type":"if","locations":[{"start":{"line":9,"column":0},"end":{"line":11,"column":1}},{"start":{"line":9,"column":0},"end":{"line":11,"column":1}}],"line":9}},"s":{"0":0,"1":0,"2":0,"3":0,"4":0},"f":{},"b":{"0":[0,0],"1":[0,0]},"all":true},"/home/Ghost/Documents/Workspace/campusX/backend/campusX/src/lib/notifications.js":{"path":"/home/Ghost/Documents/Workspace/campusX/backend/campusX/src/lib/notifications.js","statementMap":{"0":{"start":{"line":1,"column":10},"end":{"line":1,"column":29}},"1":{"start":{"line":2,"column":0},"end":{"line":2,"column":38}},"2":{"start":{"line":4,"column":4},"end":{"line":20,"column":6}},"3":{"start":{"line":5,"column":24},"end":{"line":11,"column":9}},"4":{"start":{"line":12,"column":8},"end":{"line":19,"column":11}},"5":{"start":{"line":13,"column":12},"end":{"line":18,"column":13}},"6":{"start":{"line":14,"column":16},"end":{"line":14,"column":36}},"7":{"start":{"line":17,"column":16},"end":{"line":17,"column":32}},"8":{"start":{"line":21,"column":4},"end":{"line":21,"column":16}},"9":{"start":{"line":24,"column":0},"end":{"line":24,"column":30}}},"fnMap":{"0":{"name":"Notification","decl":{"start":{"line":3,"column":9},"end":{"line":3,"column":21}},"loc":{"start":{"line":3,"column":71},"end":{"line":22,"column":1}},"line":3},"1":{"name":"(anonymous_1)","decl":{"start":{"line":4,"column":16},"end":{"line":4,"column":17}},"loc":{"start":{"line":4,"column":22},"end":{"line":20,"column":5}},"line":4},"2":{"name":"(anonymous_2)","decl":{"start":{"line":12,"column":26},"end":{"line":12,"column":27}},"loc":{"start":{"line":12,"column":50},"end":{"line":19,"column":9}},"line":12}},"branchMap":{"0":{"loc":{"start":{"line":13,"column":12},"end":{"line":18,"column":13}},"type":"if","locations":[{"start":{"line":13,"column":12},"end":{"line":18,"column":13}},{"start":{"line":13,"column":12},"end":{"line":18,"column":13}}],"line":13}},"s":{"0":0,"1":0,"2":0,"3":0,"4":0,"5":0,"6":0,"7":0,"8":0,"9":0},"f":{"0":0,"1":0,"2":0},"b":{"0":[0,0]},"all":true},"/home/Ghost/Documents/Workspace/campusX/backend/campusX/src/public/scripts/index.js":{"path":"/home/Ghost/Documents/Workspace/campusX/backend/campusX/src/public/scripts/index.js","statementMap":{"0":{"start":{"line":4,"column":0},"end":{"line":4,"column":15}},"1":{"start":{"line":10,"column":0},"end":{"line":31,"column":10}},"2":{"start":{"line":13,"column":1},"end":{"line":13,"column":52}},"3":{"start":{"line":13,"column":45},"end":{"line":13,"column":52}},"4":{"start":{"line":16,"column":1},"end":{"line":16,"column":24}},"5":{"start":{"line":19,"column":15},"end":{"line":24,"column":5}},"6":{"start":{"line":26,"column":1},"end":{"line":29,"column":10}},"7":{"start":{"line":28,"column":12},"end":{"line":28,"column":27}},"8":{"start":{"line":37,"column":0},"end":{"line":53,"column":10}},"9":{"start":{"line":40,"column":1},"end":{"line":40,"column":53}},"10":{"start":{"line":40,"column":46},"end":{"line":40,"column":53}},"11":{"start":{"line":43,"column":1},"end":{"line":43,"column":24}},"12":{"start":{"line":46,"column":15},"end":{"line":46,"column":49}},"13":{"start":{"line":47,"column":21},"end":{"line":47,"column":69}},"14":{"start":{"line":48,"column":19},"end":{"line":48,"column":65}},"15":{"start":{"line":50,"column":4},"end":{"line":50,"column":38}},"16":{"start":{"line":51,"column":4},"end":{"line":51,"column":37}},"17":{"start":{"line":59,"column":0},"end":{"line":75,"column":10}},"18":{"start":{"line":62,"column":1},"end":{"line":62,"column":55}},"19":{"start":{"line":62,"column":48},"end":{"line":62,"column":55}},"20":{"start":{"line":65,"column":1},"end":{"line":65,"column":24}},"21":{"start":{"line":68,"column":15},"end":{"line":68,"column":49}},"22":{"start":{"line":69,"column":21},"end":{"line":69,"column":69}},"23":{"start":{"line":70,"column":19},"end":{"line":70,"column":65}},"24":{"start":{"line":72,"column":4},"end":{"line":72,"column":39}},"25":{"start":{"line":73,"column":4},"end":{"line":73,"column":36}},"26":{"start":{"line":81,"column":0},"end":{"line":109,"column":10}},"27":{"start":{"line":84,"column":1},"end":{"line":84,"column":55}},"28":{"start":{"line":84,"column":48},"end":{"line":84,"column":55}},"29":{"start":{"line":87,"column":1},"end":{"line":87,"column":24}},"30":{"start":{"line":90,"column":18},"end":{"line":90,"column":52}},"31":{"start":{"line":91,"column":20},"end":{"line":91,"column":72}},"32":{"start":{"line":92,"column":21},"end":{"line":92,"column":74}},"33":{"start":{"line":94,"column":13},"end":{"line":94,"column":54}},"34":{"start":{"line":96,"column":15},"end":{"line":102,"column":5}},"35":{"start":{"line":104,"column":1},"end":{"line":107,"column":10}},"36":{"start":{"line":106,"column":12},"end":{"line":106,"column":27}},"37":{"start":{"line":115,"column":0},"end":{"line":131,"column":10}},"38":{"start":{"line":118,"column":1},"end":{"line":118,"column":55}},"39":{"start":{"line":118,"column":48},"end":{"line":118,"column":55}},"40":{"start":{"line":121,"column":1},"end":{"line":121,"column":24}},"41":{"start":{"line":124,"column":13},"end":{"line":124,"column":54}},"42":{"start":{"line":126,"column":1},"end":{"line":129,"column":10}},"43":{"start":{"line":128,"column":12},"end":{"line":128,"column":27}},"44":{"start":{"line":135,"column":4},"end":{"line":162,"column":12}},"45":{"start":{"line":166,"column":4},"end":{"line":179,"column":11}},"46":{"start":{"line":167,"column":26},"end":{"line":167,"column":41}},"47":{"start":{"line":169,"column":27},"end":{"line":169,"column":41}},"48":{"start":{"line":172,"column":33},"end":{"line":172,"column":76}},"49":{"start":{"line":173,"column":12},"end":{"line":173,"column":42}},"50":{"start":{"line":176,"column":12},"end":{"line":178,"column":15}},"51":{"start":{"line":177,"column":16},"end":{"line":177,"column":68}},"52":{"start":{"line":183,"column":18},"end":{"line":183,"column":36}},"53":{"start":{"line":184,"column":4},"end":{"line":184,"column":27}},"54":{"start":{"line":185,"column":4},"end":{"line":185,"column":31}},"55":{"start":{"line":189,"column":18},"end":{"line":189,"column":36}},"56":{"start":{"line":190,"column":4},"end":{"line":190,"column":28}},"57":{"start":{"line":191,"column":4},"end":{"line":191,"column":40}},"58":{"start":{"line":192,"column":4},"end":{"line":192,"column":31}},"59":{"start":{"line":196,"column":18},"end":{"line":196,"column":36}},"60":{"start":{"line":197,"column":4},"end":{"line":197,"column":27}},"61":{"start":{"line":198,"column":4},"end":{"line":198,"column":40}},"62":{"start":{"line":199,"column":4},"end":{"line":199,"column":31}},"63":{"start":{"line":203,"column":18},"end":{"line":203,"column":36}},"64":{"start":{"line":204,"column":4},"end":{"line":204,"column":30}},"65":{"start":{"line":205,"column":4},"end":{"line":205,"column":31}},"66":{"start":{"line":209,"column":4},"end":{"line":215,"column":5}}},"fnMap":{"0":{"name":"(anonymous_0)","decl":{"start":{"line":10,"column":35},"end":{"line":10,"column":36}},"loc":{"start":{"line":10,"column":52},"end":{"line":31,"column":1}},"line":10},"1":{"name":"(anonymous_1)","decl":{"start":{"line":27,"column":14},"end":{"line":27,"column":15}},"loc":{"start":{"line":27,"column":20},"end":{"line":29,"column":9}},"line":27},"2":{"name":"(anonymous_2)","decl":{"start":{"line":37,"column":35},"end":{"line":37,"column":36}},"loc":{"start":{"line":37,"column":52},"end":{"line":53,"column":1}},"line":37},"3":{"name":"(anonymous_3)","decl":{"start":{"line":59,"column":35},"end":{"line":59,"column":36}},"loc":{"start":{"line":59,"column":52},"end":{"line":75,"column":1}},"line":59},"4":{"name":"(anonymous_4)","decl":{"start":{"line":81,"column":35},"end":{"line":81,"column":36}},"loc":{"start":{"line":81,"column":52},"end":{"line":109,"column":1}},"line":81},"5":{"name":"(anonymous_5)","decl":{"start":{"line":105,"column":14},"end":{"line":105,"column":15}},"loc":{"start":{"line":105,"column":20},"end":{"line":107,"column":9}},"line":105},"6":{"name":"(anonymous_6)","decl":{"start":{"line":115,"column":35},"end":{"line":115,"column":36}},"loc":{"start":{"line":115,"column":52},"end":{"line":131,"column":1}},"line":115},"7":{"name":"(anonymous_7)","decl":{"start":{"line":127,"column":14},"end":{"line":127,"column":15}},"loc":{"start":{"line":127,"column":20},"end":{"line":129,"column":9}},"line":127},"8":{"name":"getUserDisplayEle","decl":{"start":{"line":134,"column":9},"end":{"line":134,"column":26}},"loc":{"start":{"line":134,"column":33},"end":{"line":163,"column":1}},"line":134},"9":{"name":"displayUsers","decl":{"start":{"line":165,"column":9},"end":{"line":165,"column":21}},"loc":{"start":{"line":165,"column":24},"end":{"line":180,"column":1}},"line":165},"10":{"name":"(anonymous_10)","decl":{"start":{"line":167,"column":14},"end":{"line":167,"column":15}},"loc":{"start":{"line":167,"column":26},"end":{"line":167,"column":41}},"line":167},"11":{"name":"(anonymous_11)","decl":{"start":{"line":168,"column":14},"end":{"line":168,"column":15}},"loc":{"start":{"line":168,"column":28},"end":{"line":179,"column":9}},"line":168},"12":{"name":"(anonymous_12)","decl":{"start":{"line":176,"column":29},"end":{"line":176,"column":30}},"loc":{"start":{"line":176,"column":39},"end":{"line":178,"column":13}},"line":176},"13":{"name":"HttpGet","decl":{"start":{"line":182,"column":9},"end":{"line":182,"column":16}},"loc":{"start":{"line":182,"column":23},"end":{"line":186,"column":1}},"line":182},"14":{"name":"HttpPost","decl":{"start":{"line":188,"column":9},"end":{"line":188,"column":17}},"loc":{"start":{"line":188,"column":30},"end":{"line":193,"column":1}},"line":188},"15":{"name":"HttpPut","decl":{"start":{"line":195,"column":9},"end":{"line":195,"column":16}},"loc":{"start":{"line":195,"column":29},"end":{"line":200,"column":1}},"line":195},"16":{"name":"HttpDelete","decl":{"start":{"line":202,"column":9},"end":{"line":202,"column":19}},"loc":{"start":{"line":202,"column":26},"end":{"line":206,"column":1}},"line":202},"17":{"name":"getSharedOptions","decl":{"start":{"line":208,"column":9},"end":{"line":208,"column":25}},"loc":{"start":{"line":208,"column":28},"end":{"line":216,"column":1}},"line":208}},"branchMap":{"0":{"loc":{"start":{"line":13,"column":1},"end":{"line":13,"column":52}},"type":"if","locations":[{"start":{"line":13,"column":1},"end":{"line":13,"column":52}},{"start":{"line":13,"column":1},"end":{"line":13,"column":52}}],"line":13},"1":{"loc":{"start":{"line":40,"column":1},"end":{"line":40,"column":53}},"type":"if","locations":[{"start":{"line":40,"column":1},"end":{"line":40,"column":53}},{"start":{"line":40,"column":1},"end":{"line":40,"column":53}}],"line":40},"2":{"loc":{"start":{"line":62,"column":1},"end":{"line":62,"column":55}},"type":"if","locations":[{"start":{"line":62,"column":1},"end":{"line":62,"column":55}},{"start":{"line":62,"column":1},"end":{"line":62,"column":55}}],"line":62},"3":{"loc":{"start":{"line":84,"column":1},"end":{"line":84,"column":55}},"type":"if","locations":[{"start":{"line":84,"column":1},"end":{"line":84,"column":55}},{"start":{"line":84,"column":1},"end":{"line":84,"column":55}}],"line":84},"4":{"loc":{"start":{"line":118,"column":1},"end":{"line":118,"column":55}},"type":"if","locations":[{"start":{"line":118,"column":1},"end":{"line":118,"column":55}},{"start":{"line":118,"column":1},"end":{"line":118,"column":55}}],"line":118}},"s":{"0":0,"1":0,"2":0,"3":0,"4":0,"5":0,"6":0,"7":0,"8":0,"9":0,"10":0,"11":0,"12":0,"13":0,"14":0,"15":0,"16":0,"17":0,"18":0,"19":0,"20":0,"21":0,"22":0,"23":0,"24":0,"25":0,"26":0,"27":0,"28":0,"29":0,"30":0,"31":0,"32":0,"33":0,"34":0,"35":0,"36":0,"37":0,"38":0,"39":0,"40":0,"41":0,"42":0,"43":0,"44":0,"45":0,"46":0,"47":0,"48":0,"49":0,"50":0,"51":0,"52":0,"53":0,"54":0,"55":0,"56":0,"57":0,"58":0,"59":0,"60":0,"61":0,"62":0,"63":0,"64":0,"65":0,"66":0},"f":{"0":0,"1":0,"2":0,"3":0,"4":0,"5":0,"6":0,"7":0,"8":0,"9":0,"10":0,"11":0,"12":0,"13":0,"14":0,"15":0,"16":0,"17":0},"b":{"0":[0,0],"1":[0,0],"2":[0,0],"3":[0,0],"4":[0,0]},"all":true},"/home/Ghost/Documents/Workspace/campusX/backend/campusX/src/routes/Base.ts":{"path":"/home/Ghost/Documents/Workspace/campusX/backend/campusX/src/routes/Base.ts","statementMap":{"0":{"start":{"line":5,"column":15},"end":{"line":5,"column":23}},"1":{"start":{"line":6,"column":13},"end":{"line":6,"column":22}},"2":{"start":{"line":9,"column":0},"end":{"line":9,"column":47}},"3":{"start":{"line":10,"column":0},"end":{"line":10,"column":47}}},"fnMap":{},"branchMap":{},"s":{"0":0,"1":0,"2":0,"3":0},"f":{},"b":{},"all":true},"/home/Ghost/Documents/Workspace/campusX/backend/campusX/src/shared/index.ts":{"path":"/home/Ghost/Documents/Workspace/campusX/backend/campusX/src/shared/index.ts","statementMap":{},"fnMap":{},"branchMap":{},"s":{},"f":{},"b":{},"all":true},"/home/Ghost/Documents/Workspace/campusX/backend/campusX/src/shared/Logger.ts":{"path":"/home/Ghost/Documents/Workspace/campusX/backend/campusX/src/shared/Logger.ts","statementMap":{"0":{"start":{"line":10,"column":26},"end":{"line":10,"column":36}},"1":{"start":{"line":13,"column":23},"end":{"line":15,"column":2}},"2":{"start":{"line":22,"column":0},"end":{"line":58,"column":1}},"3":{"start":{"line":24,"column":23},"end":{"line":27,"column":5}},"4":{"start":{"line":28,"column":25},"end":{"line":32,"column":6}},"5":{"start":{"line":33,"column":26},"end":{"line":36,"column":6}},"6":{"start":{"line":37,"column":4},"end":{"line":37,"column":37}},"7":{"start":{"line":38,"column":4},"end":{"line":38,"column":38}},"8":{"start":{"line":42,"column":29},"end":{"line":49,"column":6}},"9":{"start":{"line":43,"column":8},"end":{"line":47,"column":9}},"10":{"start":{"line":45,"column":12},"end":{"line":45,"column":36}},"11":{"start":{"line":46,"column":12},"end":{"line":46,"column":25}},"12":{"start":{"line":48,"column":8},"end":{"line":48,"column":20}},"13":{"start":{"line":50,"column":29},"end":{"line":56,"column":6}},"14":{"start":{"line":57,"column":4},"end":{"line":57,"column":41}},"15":{"start":{"line":61,"column":22},"end":{"line":61,"column":36}}},"fnMap":{"0":{"name":"(anonymous_0)","decl":{"start":{"line":42,"column":36},"end":{"line":42,"column":37}},"loc":{"start":{"line":42,"column":46},"end":{"line":49,"column":5}},"line":42}},"branchMap":{"0":{"loc":{"start":{"line":22,"column":0},"end":{"line":58,"column":1}},"type":"if","locations":[{"start":{"line":22,"column":0},"end":{"line":58,"column":1}},{"start":{"line":22,"column":0},"end":{"line":58,"column":1}}],"line":22},"1":{"loc":{"start":{"line":43,"column":8},"end":{"line":47,"column":9}},"type":"if","locations":[{"start":{"line":43,"column":8},"end":{"line":47,"column":9}},{"start":{"line":43,"column":8},"end":{"line":47,"column":9}}],"line":43}},"s":{"0":0,"1":0,"2":0,"3":0,"4":0,"5":0,"6":0,"7":0,"8":0,"9":0,"10":0,"11":0,"12":0,"13":0,"14":0,"15":0},"f":{"0":0},"b":{"0":[0,0],"1":[0,0]},"all":true},"/home/Ghost/Documents/Workspace/campusX/backend/campusX/src/Start.ts":{"path":"/home/Ghost/Documents/Workspace/campusX/backend/campusX/src/Start.ts","statementMap":{"0":{"start":{"line":5,"column":13},"end":{"line":5,"column":45}},"1":{"start":{"line":6,"column":0},"end":{"line":8,"column":3}},"2":{"start":{"line":7,"column":4},"end":{"line":7,"column":59}}},"fnMap":{"0":{"name":"(anonymous_0)","decl":{"start":{"line":6,"column":20},"end":{"line":6,"column":21}},"loc":{"start":{"line":6,"column":26},"end":{"line":8,"column":1}},"line":6}},"branchMap":{"0":{"loc":{"start":{"line":5,"column":20},"end":{"line":5,"column":44}},"type":"binary-expr","locations":[{"start":{"line":5,"column":20},"end":{"line":5,"column":36}},{"start":{"line":5,"column":40},"end":{"line":5,"column":44}}],"line":5}},"s":{"0":0,"1":0,"2":0},"f":{"0":0},"b":{"0":[0,0]},"all":true},"/home/Ghost/Documents/Workspace/campusX/backend/campusX/util/build.js":{"path":"/home/Ghost/Documents/Workspace/campusX/backend/campusX/util/build.js","statementMap":{"0":{"start":{"line":1,"column":11},"end":{"line":1,"column":30}},"1":{"start":{"line":2,"column":21},"end":{"line":2,"column":45}},"2":{"start":{"line":10,"column":0},"end":{"line":10,"column":52}}},"fnMap":{},"branchMap":{},"s":{"0":0,"1":0,"2":0},"f":{},"b":{},"all":true},"/home/Ghost/Documents/Workspace/campusX/backend/campusX/util/populate.ts":{"path":"/home/Ghost/Documents/Workspace/campusX/backend/campusX/util/populate.ts","statementMap":{},"fnMap":{},"branchMap":{},"s":{},"f":{},"b":{},"all":true}}